This is pdfTeX, Version 3.141592653-2.6-1.40.22 (TeX Live 2021/Arch Linux) (preloaded format=pdflatex 2021.8.11)  11 NOV 2021 13:39
entering extended mode
 restricted \write18 enabled.
 %&-line parsing enabled.
**./images.tex
(./images.tex
LaTeX2e <2020-10-01> patch level 4
L3 programming layer <2021-02-18>
(/usr/share/texmf-dist/tex/latex/base/book.cls
Document Class: book 2020/04/10 v1.4m Standard LaTeX document class
(/usr/share/texmf-dist/tex/latex/base/bk12.clo
File: bk12.clo 2020/04/10 v1.4m Standard LaTeX file (size option)
)
\c@part=\count179
\c@chapter=\count180
\c@section=\count181
\c@subsection=\count182
\c@subsubsection=\count183
\c@paragraph=\count184
\c@subparagraph=\count185
\c@figure=\count186
\c@table=\count187
\abovecaptionskip=\skip47
\belowcaptionskip=\skip48
\bibindent=\dimen138
) (/usr/share/texmf-dist/tex/latex/base/ifthen.sty
Package: ifthen 2014/09/29 v1.1c Standard LaTeX ifthen package (DPC)
) (/usr/share/texmf-dist/tex/generic/ulem/ulem.sty
\UL@box=\box47
\UL@hyphenbox=\box48
\UL@skip=\skip49
\UL@hook=\toks15
\UL@height=\dimen139
\UL@pe=\count188
\UL@pixel=\dimen140
\ULC@box=\box49
Package: ulem 2019/11/18
\ULdepth=\dimen141
) (/usr/share/texmf-dist/tex/latex/base/makeidx.sty
Package: makeidx 2014/09/29 v1.0m Standard LaTeX package
) (/usr/share/texmf-dist/tex/latex/graphics/graphicx.sty
Package: graphicx 2020/09/09 v1.2b Enhanced LaTeX Graphics (DPC,SPQR)
(/usr/share/texmf-dist/tex/latex/graphics/keyval.sty
Package: keyval 2014/10/28 v1.15 key=value parser (DPC)
\KV@toks@=\toks16
) (/usr/share/texmf-dist/tex/latex/graphics/graphics.sty
Package: graphics 2020/08/30 v1.4c Standard LaTeX Graphics (DPC,SPQR)
(/usr/share/texmf-dist/tex/latex/graphics/trig.sty
Package: trig 2016/01/03 v1.10 sin cos tan (DPC)
) (/usr/share/texmf-dist/tex/latex/graphics-cfg/graphics.cfg
File: graphics.cfg 2016/06/04 v1.11 sample graphics configuration
)
Package graphics Info: Driver file: dvips.def on input line 105.
(/usr/share/texmf-dist/tex/latex/graphics-def/dvips.def
File: dvips.def 2017/06/20 v3.1d Graphics/color driver for dvips
))
\Gin@req@height=\dimen142
\Gin@req@width=\dimen143
) (/usr/share/texmf-dist/tex/latex/tools/array.sty
Package: array 2020/10/01 v2.5c Tabular extension package (FMi)
\col@sep=\dimen144
\ar@mcellbox=\box50
\extrarowheight=\dimen145
\NC@list=\toks17
\extratabsurround=\skip50
\backup@length=\skip51
\ar@cellbox=\box51
) (/usr/share/texmf-dist/tex/latex/amsmath/amsmath.sty
Package: amsmath 2020/09/23 v2.17i AMS math features
\@mathmargin=\skip52
For additional information on amsmath, use the `?' option.
(/usr/share/texmf-dist/tex/latex/amsmath/amstext.sty
Package: amstext 2000/06/29 v2.01 AMS text
(/usr/share/texmf-dist/tex/latex/amsmath/amsgen.sty
File: amsgen.sty 1999/11/30 v2.0 generic functions
\@emptytoks=\toks18
\ex@=\dimen146
)) (/usr/share/texmf-dist/tex/latex/amsmath/amsbsy.sty
Package: amsbsy 1999/11/29 v1.2d Bold Symbols
\pmbraise@=\dimen147
) (/usr/share/texmf-dist/tex/latex/amsmath/amsopn.sty
Package: amsopn 2016/03/08 v2.02 operator names
)
\inf@bad=\count189
LaTeX Info: Redefining \frac on input line 234.
\uproot@=\count190
\leftroot@=\count191
LaTeX Info: Redefining \overline on input line 399.
\classnum@=\count192
\DOTSCASE@=\count193
LaTeX Info: Redefining \ldots on input line 496.
LaTeX Info: Redefining \dots on input line 499.
LaTeX Info: Redefining \cdots on input line 620.
\Mathstrutbox@=\box52
\strutbox@=\box53
\big@size=\dimen148
LaTeX Font Info:    Redeclaring font encoding OML on input line 743.
LaTeX Font Info:    Redeclaring font encoding OMS on input line 744.
\macc@depth=\count194
\c@MaxMatrixCols=\count195
\dotsspace@=\muskip16
\c@parentequation=\count196
\dspbrk@lvl=\count197
\tag@help=\toks19
\row@=\count198
\column@=\count199
\maxfields@=\count266
\andhelp@=\toks20
\eqnshift@=\dimen149
\alignsep@=\dimen150
\tagshift@=\dimen151
\tagwidth@=\dimen152
\totwidth@=\dimen153
\lineht@=\dimen154
\@envbody=\toks21
\multlinegap=\skip53
\multlinetaggap=\skip54
\mathdisplay@stack=\toks22
LaTeX Info: Redefining \[ on input line 2923.
LaTeX Info: Redefining \] on input line 2924.
) (/usr/share/texmf-dist/tex/latex/xcolor/xcolor.sty
Package: xcolor 2016/05/11 v2.12 LaTeX color extensions (UK)
(/usr/share/texmf-dist/tex/latex/graphics-cfg/color.cfg
File: color.cfg 2016/01/02 v1.6 sample color configuration
)
Package xcolor Info: Driver file: pdftex.def on input line 225.
(/usr/share/texmf-dist/tex/latex/graphics-def/pdftex.def
File: pdftex.def 2020/10/05 v1.2a Graphics/color driver for pdftex
)
Package xcolor Info: Model `cmy' substituted by `cmy0' on input line 1348.
Package xcolor Info: Model `RGB' extended on input line 1364.
Package xcolor Info: Model `HTML' substituted by `rgb' on input line 1366.
Package xcolor Info: Model `Hsb' substituted by `hsb' on input line 1367.
Package xcolor Info: Model `tHsb' substituted by `hsb' on input line 1368.
Package xcolor Info: Model `HSB' substituted by `hsb' on input line 1369.
Package xcolor Info: Model `Gray' substituted by `gray' on input line 1370.
Package xcolor Info: Model `wave' substituted by `hsb' on input line 1371.
) (/usr/share/texmf-dist/tex/latex/listings/listings.sty
\lst@mode=\count267
\lst@gtempboxa=\box54
\lst@token=\toks23
\lst@length=\count268
\lst@currlwidth=\dimen155
\lst@column=\count269
\lst@pos=\count270
\lst@lostspace=\dimen156
\lst@width=\dimen157
\lst@newlines=\count271
\lst@lineno=\count272
\lst@maxwidth=\dimen158
(/usr/share/texmf-dist/tex/latex/listings/lstmisc.sty
File: lstmisc.sty 2020/03/24 1.8d (Carsten Heinz)
\c@lstnumber=\count273
\lst@skipnumbers=\count274
\lst@framebox=\box55
) (/usr/share/texmf-dist/tex/latex/listings/listings.cfg
File: listings.cfg 2020/03/24 1.8d listings configuration
))
Package: listings 2020/03/24 1.8d (Carsten Heinz)
(/usr/share/texmf-dist/tex/latex/makecell/makecell.sty
Package: makecell 2009/08/03 V0.1e Managing of Tab Column Heads and Cells
\rotheadsize=\dimen159
\c@nlinenum=\count275
\TeXr@lab=\toks24
) (/usr/share/texmf-dist/tex/latex/hyperref/hyperref.sty
Package: hyperref 2021-02-27 v7.00k Hypertext links for LaTeX
(/usr/share/texmf-dist/tex/generic/ltxcmds/ltxcmds.sty
Package: ltxcmds 2020-05-10 v1.25 LaTeX kernel commands for general use (HO)
) (/usr/share/texmf-dist/tex/generic/iftex/iftex.sty
Package: iftex 2020/03/06 v1.0d TeX engine tests
) (/usr/share/texmf-dist/tex/generic/pdftexcmds/pdftexcmds.sty
Package: pdftexcmds 2020-06-27 v0.33 Utility functions of pdfTeX for LuaTeX (HO
)
(/usr/share/texmf-dist/tex/generic/infwarerr/infwarerr.sty
Package: infwarerr 2019/12/03 v1.5 Providing info/warning/error messages (HO)
)
Package pdftexcmds Info: \pdf@primitive is available.
Package pdftexcmds Info: \pdf@ifprimitive is available.
Package pdftexcmds Info: \pdfdraftmode found.
) (/usr/share/texmf-dist/tex/generic/kvsetkeys/kvsetkeys.sty
Package: kvsetkeys 2019/12/15 v1.18 Key value parser (HO)
) (/usr/share/texmf-dist/tex/generic/kvdefinekeys/kvdefinekeys.sty
Package: kvdefinekeys 2019-12-19 v1.6 Define keys (HO)
) (/usr/share/texmf-dist/tex/generic/pdfescape/pdfescape.sty
Package: pdfescape 2019/12/09 v1.15 Implements pdfTeX's escape features (HO)
) (/usr/share/texmf-dist/tex/latex/hycolor/hycolor.sty
Package: hycolor 2020-01-27 v1.10 Color options for hyperref/bookmark (HO)
) (/usr/share/texmf-dist/tex/latex/letltxmacro/letltxmacro.sty
Package: letltxmacro 2019/12/03 v1.6 Let assignment for LaTeX macros (HO)
) (/usr/share/texmf-dist/tex/latex/auxhook/auxhook.sty
Package: auxhook 2019-12-17 v1.6 Hooks for auxiliary files (HO)
) (/usr/share/texmf-dist/tex/latex/kvoptions/kvoptions.sty
Package: kvoptions 2020-10-07 v3.14 Key value format for package options (HO)
)
\@linkdim=\dimen160
\Hy@linkcounter=\count276
\Hy@pagecounter=\count277
(/usr/share/texmf-dist/tex/latex/hyperref/pd1enc.def
File: pd1enc.def 2021-02-27 v7.00k Hyperref: PDFDocEncoding definition (HO)
Now handling font encoding PD1 ...
... no UTF-8 mapping file for font encoding PD1
) (/usr/share/texmf-dist/tex/latex/hyperref/hyperref-langpatches.def
File: hyperref-langpatches.def 2021-02-27 v7.00k Hyperref: patches for babel la
nguages
) (/usr/share/texmf-dist/tex/generic/intcalc/intcalc.sty
Package: intcalc 2019/12/15 v1.3 Expandable calculations with integers (HO)
) (/usr/share/texmf-dist/tex/generic/etexcmds/etexcmds.sty
Package: etexcmds 2019/12/15 v1.7 Avoid name clashes with e-TeX commands (HO)
)
\Hy@SavedSpaceFactor=\count278
(/usr/share/texmf-dist/tex/latex/hyperref/puenc.def
File: puenc.def 2021-02-27 v7.00k Hyperref: PDF Unicode definition (HO)
Now handling font encoding PU ...
... no UTF-8 mapping file for font encoding PU
)
Package hyperref Info: Option `colorlinks' set `true' on input line 4073.
Package hyperref Info: Option `breaklinks' set `true' on input line 4073.
Package hyperref Info: Option `hyperindex' set `true' on input line 4073.
Package hyperref Info: Hyper figures OFF on input line 4192.
Package hyperref Info: Link nesting OFF on input line 4197.
Package hyperref Info: Hyper index ON on input line 4200.
Package hyperref Info: Plain pages OFF on input line 4207.
Package hyperref Info: Backreferencing OFF on input line 4212.
Package hyperref Info: Implicit mode ON; LaTeX internals redefined.
Package hyperref Info: Bookmarks ON on input line 4445.
\c@Hy@tempcnt=\count279
(/usr/share/texmf-dist/tex/latex/url/url.sty
\Urlmuskip=\muskip17
Package: url 2013/09/16  ver 3.4  Verb mode for urls, etc.
)
LaTeX Info: Redefining \url on input line 4804.
\XeTeXLinkMargin=\dimen161
(/usr/share/texmf-dist/tex/generic/bitset/bitset.sty
Package: bitset 2019/12/09 v1.3 Handle bit-vector datatype (HO)
(/usr/share/texmf-dist/tex/generic/bigintcalc/bigintcalc.sty
Package: bigintcalc 2019/12/15 v1.5 Expandable calculations on big integers (HO
)
))
\Fld@menulength=\count280
\Field@Width=\dimen162
\Fld@charsize=\dimen163
Package hyperref Info: Hyper figures OFF on input line 6075.
Package hyperref Info: Link nesting OFF on input line 6080.
Package hyperref Info: Hyper index ON on input line 6083.
Package hyperref Info: backreferencing OFF on input line 6090.
Package hyperref Info: Link coloring ON on input line 6093.
Package hyperref Info: Link coloring with OCG OFF on input line 6100.
Package hyperref Info: PDF/A mode OFF on input line 6105.
LaTeX Info: Redefining \ref on input line 6145.
LaTeX Info: Redefining \pageref on input line 6149.
(/usr/share/texmf-dist/tex/latex/base/atbegshi-ltx.sty
Package: atbegshi-ltx 2020/08/17 v1.0a Emulation of the original atbegshi packa
ge
with kernel methods
)
\Hy@abspage=\count281
\c@Item=\count282
\c@Hfootnote=\count283
)
Package hyperref Info: Driver (autodetected): hpdftex.
(/usr/share/texmf-dist/tex/latex/hyperref/hpdftex.def
File: hpdftex.def 2021-02-27 v7.00k Hyperref driver for pdfTeX
(/usr/share/texmf-dist/tex/latex/base/atveryend-ltx.sty
Package: atveryend-ltx 2020/08/19 v1.0a Emulation of the original atvery packag
e
with kernel methods
)
\Fld@listcount=\count284
\c@bookmark@seq@number=\count285
(/usr/share/texmf-dist/tex/latex/rerunfilecheck/rerunfilecheck.sty
Package: rerunfilecheck 2019/12/05 v1.9 Rerun checks for auxiliary files (HO)
(/usr/share/texmf-dist/tex/generic/uniquecounter/uniquecounter.sty
Package: uniquecounter 2019/12/15 v1.4 Provide unlimited unique counter (HO)
)
Package uniquecounter Info: New unique counter `rerunfilecheck' on input line 2
86.
)
\Hy@SectionHShift=\skip55
) (/usr/share/texmf-dist/tex/latex/listings/lstlang1.sty
File: lstlang1.sty 2020/03/24 1.8d listings language file
) (/usr/share/texmf-dist/tex/latex/listings/lstmisc.sty
File: lstmisc.sty 2020/03/24 1.8d (Carsten Heinz)
)
\@indexfile=\write3
\openout3 = `images.idx'.

Writing index file images.idx
\sizebox=\box56
\lthtmlwrite=\write4
(/usr/share/texmf-dist/tex/latex/preview/preview.sty
Package: preview 2017/04/24 12.3 (AUCTeX/preview-latex)
(/usr/share/texmf-dist/tex/generic/luatex85/luatex85.sty
Package: luatex85 2016/06/15 v1.4 pdftex aliases for luatex
) (/usr/share/texmf-dist/tex/latex/preview/prtightpage.def
\PreviewBorder=\dimen164
)
\pr@snippet=\count286
\pr@box=\box57
\pr@output=\toks25
)
\lthtmlPageBox=\box58
\lthtmlCropMarkHeight=\dimen165
\lthtmlCropMarkDepth=\dimen166
(/usr/share/texmf-dist/tex/latex/l3backend/l3backend-pdftex.def
File: l3backend-pdftex.def 2021-03-18 L3 backend support: PDF output (pdfTeX)
\l__color_backend_stack_int=\count287
\l__pdf_internal_box=\box59
)

LaTeX Warning: Unused global option(s):
    [margin=2cm].

(./images.aux)
\openout1 = `images.aux'.

LaTeX Font Info:    Checking defaults for OML/cmm/m/it on input line 161.
LaTeX Font Info:    ... okay on input line 161.
LaTeX Font Info:    Checking defaults for OMS/cmsy/m/n on input line 161.
LaTeX Font Info:    ... okay on input line 161.
LaTeX Font Info:    Checking defaults for OT1/cmr/m/n on input line 161.
LaTeX Font Info:    ... okay on input line 161.
LaTeX Font Info:    Checking defaults for T1/cmr/m/n on input line 161.
LaTeX Font Info:    ... okay on input line 161.
LaTeX Font Info:    Checking defaults for TS1/cmr/m/n on input line 161.
LaTeX Font Info:    ... okay on input line 161.
LaTeX Font Info:    Checking defaults for OMX/cmex/m/n on input line 161.
LaTeX Font Info:    ... okay on input line 161.
LaTeX Font Info:    Checking defaults for U/cmr/m/n on input line 161.
LaTeX Font Info:    ... okay on input line 161.
LaTeX Font Info:    Checking defaults for PD1/pdf/m/n on input line 161.
LaTeX Font Info:    ... okay on input line 161.
LaTeX Font Info:    Checking defaults for PU/pdf/m/n on input line 161.
LaTeX Font Info:    ... okay on input line 161.
(/usr/share/texmf-dist/tex/context/base/mkii/supp-pdf.mkii
[Loading MPS to PDF converter (version 2006.09.02).]
\scratchcounter=\count288
\scratchdimen=\dimen167
\scratchbox=\box60
\nofMPsegments=\count289
\nofMParguments=\count290
\everyMPshowfont=\toks26
\MPscratchCnt=\count291
\MPscratchDim=\dimen168
\MPnumerator=\count292
\makeMPintoPDFobject=\count293
\everyMPtoPDFconversion=\toks27
) (/usr/share/texmf-dist/tex/latex/epstopdf-pkg/epstopdf-base.sty
Package: epstopdf-base 2020-01-24 v2.11 Base part for package epstopdf
(/usr/share/texmf-dist/tex/latex/grfext/grfext.sty
Package: grfext 2019/12/03 v1.3 Manage graphics extensions (HO)
)
Package epstopdf-base Info: Redefining graphics rule for `.eps' on input line 4
85.
Package grfext Info: Graphics extension search list:
(grfext)             [.pdf,.png,.jpg,.mps,.jpeg,.jbig2,.jb2,.PDF,.PNG,.JPG,.JPE
G,.JBIG2,.JB2,.eps]
(grfext)             \AppendGraphicsExtensions on input line 504.
(/usr/share/texmf-dist/tex/latex/latexconfig/epstopdf-sys.cfg
File: epstopdf-sys.cfg 2010/07/13 v1.3 Configuration of (r)epstopdf for TeX Liv
e
))
\c@lstlisting=\count294
Package hyperref Info: Link coloring ON on input line 161.
(/usr/share/texmf-dist/tex/latex/hyperref/nameref.sty
Package: nameref 2021-04-02 v2.47 Cross-referencing by name of section
(/usr/share/texmf-dist/tex/latex/refcount/refcount.sty
Package: refcount 2019/12/15 v3.6 Data extraction from label references (HO)
) (/usr/share/texmf-dist/tex/generic/gettitlestring/gettitlestring.sty
Package: gettitlestring 2019/12/15 v1.6 Cleanup title references (HO)
)
\c@section@level=\count295
)
LaTeX Info: Redefining \ref on input line 161.
LaTeX Info: Redefining \pageref on input line 161.
LaTeX Info: Redefining \nameref on input line 161.
\@outlinefile=\write5
\openout5 = `images.out'.

Preview: Fontsize 12pt
Preview: PDFoutput 1

latex2htmlLength hsize=349.0pt

latex2htmlLength vsize=676.8738pt

latex2htmlLength hoffset=0.0pt

latex2htmlLength voffset=0.0pt

latex2htmlLength topmargin=0.0pt

latex2htmlLength topskip=0.00003pt

latex2htmlLength headheight=0.0pt

latex2htmlLength headsep=0.0pt

latex2htmlLength parskip=11.74988pt

latex2htmlLength oddsidemargin=0.0pt

latex2htmlLength evensidemargin=0.0pt


:tex2html_wrap_inline2419:lthtmlCropMarkHeight:=16.5999pt

:tex2html_wrap_inline2419:lthtmlCropMarkDepth:=1.79999pt:1ex:=5.16667pt
Preview: Tightpage -32891 -32891 32891 32891
[1
Non-PDF special ignored!
<special> papersize=597.50787pt,845.04684pt
{/var/lib/texmf/fonts/map/pdftex/updmap/pdftex.map}]

:tex2html_wrap_inline2421:lthtmlCropMarkHeight:=14.2pt

:tex2html_wrap_inline2421:lthtmlCropMarkDepth:=0.0pt:1ex:=5.16667pt
[2]

Package amsmath Warning: Foreign command \over;
(amsmath)                \frac or \genfrac should be used instead
(amsmath)                 on input line 199.


:tex2html_wrap_indisplay2423:lthtmlCropMarkHeight:=22.4514pt

:tex2html_wrap_indisplay2423:lthtmlCropMarkDepth:=8.23141pt:1ex:=5.16667pt
[3]

:tex2html_wrap_inline2427:lthtmlCropMarkHeight:=14.33331pt

:tex2html_wrap_inline2427:lthtmlCropMarkDepth:=0.0pt:1ex:=5.16667pt
[4]

:tex2html_wrap_inline2429:lthtmlCropMarkHeight:=13.0pt

:tex2html_wrap_inline2429:lthtmlCropMarkDepth:=1.0pt:1ex:=5.16667pt
[5]

:tex2html_wrap_inline2431:lthtmlCropMarkHeight:=15.51027pt

:tex2html_wrap_inline2431:lthtmlCropMarkDepth:=0.0pt:1ex:=5.16667pt
[6]

:tex2html_wrap_inline2435:lthtmlCropMarkHeight:=16.28033pt

:tex2html_wrap_inline2435:lthtmlCropMarkDepth:=4.13809pt:1ex:=5.16667pt
[7]

:tex2html_wrap_inline2437:lthtmlCropMarkHeight:=14.2pt

:tex2html_wrap_inline2437:lthtmlCropMarkDepth:=0.0pt:1ex:=5.16667pt
[8]

:tex2html_wrap_indisplay2439:lthtmlCropMarkHeight:=22.4514pt

:tex2html_wrap_indisplay2439:lthtmlCropMarkDepth:=8.23141pt:1ex:=5.16667pt
[9]

:tex2html_wrap_indisplay2441:lthtmlCropMarkHeight:=22.31808pt

:tex2html_wrap_indisplay2441:lthtmlCropMarkDepth:=8.23141pt:1ex:=5.16667pt
[10]

:tex2html_wrap_inline2443:lthtmlCropMarkHeight:=14.2pt

:tex2html_wrap_inline2443:lthtmlCropMarkDepth:=4.2pt:1ex:=5.16667pt
[11]

:tex2html_wrap_inline2445:lthtmlCropMarkHeight:=11.16667pt

:tex2html_wrap_inline2445:lthtmlCropMarkDepth:=0.0pt:1ex:=5.16667pt
[12]

:tex2html_wrap_inline2447:lthtmlCropMarkHeight:=14.2pt

:tex2html_wrap_inline2447:lthtmlCropMarkDepth:=0.0pt:1ex:=5.16667pt
[13]

:tex2html_wrap_indisplay2452:lthtmlCropMarkHeight:=15.0pt

:tex2html_wrap_indisplay2452:lthtmlCropMarkDepth:=3.0pt:1ex:=5.16667pt
[14]

:tex2html_wrap_inline2454:lthtmlCropMarkHeight:=14.33331pt

:tex2html_wrap_inline2454:lthtmlCropMarkDepth:=0.0pt:1ex:=5.16667pt
[15]

:tex2html_wrap_inline2456:lthtmlCropMarkHeight:=14.33331pt

:tex2html_wrap_inline2456:lthtmlCropMarkDepth:=1.79999pt:1ex:=5.16667pt
[16]

:tex2html_wrap_inline2458:lthtmlCropMarkHeight:=11.16667pt

:tex2html_wrap_inline2458:lthtmlCropMarkDepth:=0.0pt:1ex:=5.16667pt
[17]

:tex2html_wrap_inline2460:lthtmlCropMarkHeight:=14.2pt

:tex2html_wrap_inline2460:lthtmlCropMarkDepth:=0.0pt:1ex:=5.16667pt
[18]

:tex2html_wrap_inline2466:lthtmlCropMarkHeight:=15.51027pt

:tex2html_wrap_inline2466:lthtmlCropMarkDepth:=0.0pt:1ex:=5.16667pt
[19]
Package epstopdf Info: Source file: <temp01.eps>
(epstopdf)                    date: 2020-06-12 13:07:23
(epstopdf)                    size: 8470 bytes
(epstopdf)             Output file: <temp01-eps-converted-to.pdf>
(epstopdf)                    date: 2020-09-14 10:13:14
(epstopdf)                    size: 5659 bytes
(epstopdf)             Command: <repstopdf --outfile=temp01-eps-converted-to.pd
f temp01.eps>
(epstopdf)             \includegraphics on input line 302.
Package epstopdf Info: Output file is already uptodate.
<temp01-eps-converted-to.pdf, id=89, 325.215pt x 35.13126pt>
File: temp01-eps-converted-to.pdf Graphic file (type pdf)
<use temp01-eps-converted-to.pdf>
Package pdftex.def Info: temp01-eps-converted-to.pdf  used on input line 302.
(pdftex.def)             Requested size: 325.2142pt x 35.13115pt.

:tex2html_wrap_indisplay2488:lthtmlCropMarkHeight:=41.13115pt

:tex2html_wrap_indisplay2488:lthtmlCropMarkDepth:=0.0pt:1ex:=5.16667pt
[20 </home/fred-olav/afgv/book/temp01-eps-converted-to.pdf>]
Package epstopdf Info: Source file: <temp02.eps>
(epstopdf)                    date: 2020-06-12 13:07:23
(epstopdf)                    size: 9049 bytes
(epstopdf)             Output file: <temp02-eps-converted-to.pdf>
(epstopdf)                    date: 2020-09-14 10:13:15
(epstopdf)                    size: 5578 bytes
(epstopdf)             Command: <repstopdf --outfile=temp02-eps-converted-to.pd
f temp02.eps>
(epstopdf)             \includegraphics on input line 308.
Package epstopdf Info: Output file is already uptodate.
<temp02-eps-converted-to.pdf, id=101, 276.03125pt x 44.165pt>
File: temp02-eps-converted-to.pdf Graphic file (type pdf)
<use temp02-eps-converted-to.pdf>
Package pdftex.def Info: temp02-eps-converted-to.pdf  used on input line 308.
(pdftex.def)             Requested size: 276.03056pt x 44.16487pt.

:tex2html_wrap_indisplay2490:lthtmlCropMarkHeight:=50.16487pt

:tex2html_wrap_indisplay2490:lthtmlCropMarkDepth:=0.0pt:1ex:=5.16667pt
[21 </home/fred-olav/afgv/book/temp02-eps-converted-to.pdf>]
Package epstopdf Info: Source file: <thermometer_1.eps>
(epstopdf)                    date: 2020-06-12 13:07:23
(epstopdf)                    size: 118248 bytes
(epstopdf)             Output file: <thermometer_1-eps-converted-to.pdf>
(epstopdf)                    date: 2020-09-14 10:13:16
(epstopdf)                    size: 95165 bytes
(epstopdf)             Command: <repstopdf --outfile=thermometer_1-eps-converte
d-to.pdf thermometer_1.eps>
(epstopdf)             \includegraphics on input line 314.
Package epstopdf Info: Output file is already uptodate.
<thermometer_1-eps-converted-to.pdf, id=113, 536.0025pt x 805.0075pt>
File: thermometer_1-eps-converted-to.pdf Graphic file (type pdf)
<use thermometer_1-eps-converted-to.pdf>
Package pdftex.def Info: thermometer_1-eps-converted-to.pdf  used on input line
 314.
(pdftex.def)             Requested size: 216.81pt x 325.62091pt.

:tex2html_wrap_indisplay2492:lthtmlCropMarkHeight:=331.62091pt

:tex2html_wrap_indisplay2492:lthtmlCropMarkDepth:=0.0pt:1ex:=5.16667pt
[22 </home/fred-olav/afgv/book/thermometer_1-eps-converted-to.pdf>]
Package epstopdf Info: Source file: <temp07.eps>
(epstopdf)                    date: 2020-06-12 13:07:23
(epstopdf)                    size: 12717 bytes
(epstopdf)             Output file: <temp07-eps-converted-to.pdf>
(epstopdf)                    date: 2020-09-14 10:13:16
(epstopdf)                    size: 7601 bytes
(epstopdf)             Command: <repstopdf --outfile=temp07-eps-converted-to.pd
f temp07.eps>
(epstopdf)             \includegraphics on input line 321.
Package epstopdf Info: Output file is already uptodate.
<temp07-eps-converted-to.pdf, id=120, 112.42pt x 209.78375pt>
File: temp07-eps-converted-to.pdf Graphic file (type pdf)
<use temp07-eps-converted-to.pdf>
Package pdftex.def Info: temp07-eps-converted-to.pdf  used on input line 321.
(pdftex.def)             Requested size: 112.41972pt x 209.78322pt.

:tex2html_wrap_indisplay2495:lthtmlCropMarkHeight:=215.78322pt

:tex2html_wrap_indisplay2495:lthtmlCropMarkDepth:=0.0pt:1ex:=5.16667pt
[23 </home/fred-olav/afgv/book/temp07-eps-converted-to.pdf>]
Package epstopdf Info: Source file: <temp08.eps>
(epstopdf)                    date: 2020-06-12 13:07:23
(epstopdf)                    size: 9771 bytes
(epstopdf)             Output file: <temp08-eps-converted-to.pdf>
(epstopdf)                    date: 2020-09-14 10:13:17
(epstopdf)                    size: 6811 bytes
(epstopdf)             Command: <repstopdf --outfile=temp08-eps-converted-to.pd
f temp08.eps>
(epstopdf)             \includegraphics on input line 327.
Package epstopdf Info: Output file is already uptodate.
<temp08-eps-converted-to.pdf, id=132, 107.40125pt x 209.78375pt>
File: temp08-eps-converted-to.pdf Graphic file (type pdf)
<use temp08-eps-converted-to.pdf>
Package pdftex.def Info: temp08-eps-converted-to.pdf  used on input line 327.
(pdftex.def)             Requested size: 107.40097pt x 209.78322pt.

:tex2html_wrap_indisplay2497:lthtmlCropMarkHeight:=215.78322pt

:tex2html_wrap_indisplay2497:lthtmlCropMarkDepth:=0.0pt:1ex:=5.16667pt
[24 </home/fred-olav/afgv/book/temp08-eps-converted-to.pdf>]
Package epstopdf Info: Source file: <temp09.eps>
(epstopdf)                    date: 2020-06-12 13:07:23
(epstopdf)                    size: 19783 bytes
(epstopdf)             Output file: <temp09-eps-converted-to.pdf>
(epstopdf)                    date: 2020-09-14 10:13:18
(epstopdf)                    size: 10441 bytes
(epstopdf)             Command: <repstopdf --outfile=temp09-eps-converted-to.pd
f temp09.eps>
(epstopdf)             \includegraphics on input line 333.
Package epstopdf Info: Output file is already uptodate.
<temp09-eps-converted-to.pdf, id=144, 423.5825pt x 217.81375pt>
File: temp09-eps-converted-to.pdf Graphic file (type pdf)
<use temp09-eps-converted-to.pdf>
Package pdftex.def Info: temp09-eps-converted-to.pdf  used on input line 333.
(pdftex.def)             Requested size: 423.58147pt x 217.8132pt.

:tex2html_wrap_indisplay2499:lthtmlCropMarkHeight:=223.8132pt

:tex2html_wrap_indisplay2499:lthtmlCropMarkDepth:=0.0pt:1ex:=5.16667pt
[25 </home/fred-olav/afgv/book/temp09-eps-converted-to.pdf>]
Package epstopdf Info: Source file: <temp43.eps>
(epstopdf)                    date: 2020-06-12 13:07:23
(epstopdf)                    size: 49937 bytes
(epstopdf)             Output file: <temp43-eps-converted-to.pdf>
(epstopdf)                    date: 2020-09-14 10:13:18
(epstopdf)                    size: 41358 bytes
(epstopdf)             Command: <repstopdf --outfile=temp43-eps-converted-to.pd
f temp43.eps>
(epstopdf)             \includegraphics on input line 339.
Package epstopdf Info: Output file is already uptodate.
<temp43-eps-converted-to.pdf, id=158, 557.08125pt x 203.76125pt>
File: temp43-eps-converted-to.pdf Graphic file (type pdf)
<use temp43-eps-converted-to.pdf>
Package pdftex.def Info: temp43-eps-converted-to.pdf  used on input line 339.
(pdftex.def)             Requested size: 289.07999pt x 105.73882pt.

:tex2html_wrap_indisplay2501:lthtmlCropMarkHeight:=111.73882pt

:tex2html_wrap_indisplay2501:lthtmlCropMarkDepth:=0.0pt:1ex:=5.16667pt
[26 </home/fred-olav/afgv/book/temp43-eps-converted-to.pdf>]
Package epstopdf Info: Source file: <temp44.eps>
(epstopdf)                    date: 2020-06-12 13:07:23
(epstopdf)                    size: 45381 bytes
(epstopdf)             Output file: <temp44-eps-converted-to.pdf>
(epstopdf)                    date: 2020-09-14 10:13:19
(epstopdf)                    size: 37768 bytes
(epstopdf)             Command: <repstopdf --outfile=temp44-eps-converted-to.pd
f temp44.eps>
(epstopdf)             \includegraphics on input line 345.
Package epstopdf Info: Output file is already uptodate.
<temp44-eps-converted-to.pdf, id=165, 557.08125pt x 307.1475pt>
File: temp44-eps-converted-to.pdf Graphic file (type pdf)
<use temp44-eps-converted-to.pdf>
Package pdftex.def Info: temp44-eps-converted-to.pdf  used on input line 345.
(pdftex.def)             Requested size: 289.07999pt x 159.38954pt.

:tex2html_wrap_indisplay2503:lthtmlCropMarkHeight:=165.38954pt

:tex2html_wrap_indisplay2503:lthtmlCropMarkDepth:=0.0pt:1ex:=5.16667pt
[27 </home/fred-olav/afgv/book/temp44-eps-converted-to.pdf>]
Package epstopdf Info: Source file: <temp10.eps>
(epstopdf)                    date: 2020-06-12 13:07:23
(epstopdf)                    size: 8999 bytes
(epstopdf)             Output file: <temp10-eps-converted-to.pdf>
(epstopdf)                    date: 2020-09-14 10:13:19
(epstopdf)                    size: 4621 bytes
(epstopdf)             Command: <repstopdf --outfile=temp10-eps-converted-to.pd
f temp10.eps>
(epstopdf)             \includegraphics on input line 352.
Package epstopdf Info: Output file is already uptodate.
<temp10-eps-converted-to.pdf, id=172, 253.94875pt x 82.3075pt>
File: temp10-eps-converted-to.pdf Graphic file (type pdf)
<use temp10-eps-converted-to.pdf>
Package pdftex.def Info: temp10-eps-converted-to.pdf  used on input line 352.
(pdftex.def)             Requested size: 253.94812pt x 82.30728pt.

:tex2html_wrap_indisplay2508:lthtmlCropMarkHeight:=88.30728pt

:tex2html_wrap_indisplay2508:lthtmlCropMarkDepth:=0.0pt:1ex:=5.16667pt
[28 </home/fred-olav/afgv/book/temp10-eps-converted-to.pdf>]

:tex2html_wrap_indisplay2513:lthtmlCropMarkHeight:=15.0pt

:tex2html_wrap_indisplay2513:lthtmlCropMarkDepth:=3.35555pt:1ex:=5.16667pt
[29]

:tex2html_wrap_inline2515:lthtmlCropMarkHeight:=14.2pt

:tex2html_wrap_inline2515:lthtmlCropMarkDepth:=1.79999pt:1ex:=5.16667pt
[30]

:tex2html_wrap_inline2519:lthtmlCropMarkHeight:=14.2pt

:tex2html_wrap_inline2519:lthtmlCropMarkDepth:=3.35555pt:1ex:=5.16667pt
[31]

:tex2html_wrap_inline2521:lthtmlCropMarkHeight:=14.2pt

:tex2html_wrap_inline2521:lthtmlCropMarkDepth:=3.35555pt:1ex:=5.16667pt
[32]

:tex2html_wrap_indisplay2525:lthtmlCropMarkHeight:=15.0pt

:tex2html_wrap_indisplay2525:lthtmlCropMarkDepth:=3.0pt:1ex:=5.16667pt
[33]

:tex2html_wrap_indisplay2527:lthtmlCropMarkHeight:=15.0pt

:tex2html_wrap_indisplay2527:lthtmlCropMarkDepth:=3.0pt:1ex:=5.16667pt
[34]

:tex2html_wrap_indisplay2529:lthtmlCropMarkHeight:=15.0pt

:tex2html_wrap_indisplay2529:lthtmlCropMarkDepth:=3.0pt:1ex:=5.16667pt
[35]

:tex2html_wrap_indisplay2531:lthtmlCropMarkHeight:=14.2pt

:tex2html_wrap_indisplay2531:lthtmlCropMarkDepth:=1.79999pt:1ex:=5.16667pt
[36]

:tex2html_wrap_inline2533:lthtmlCropMarkHeight:=15.51027pt

:tex2html_wrap_inline2533:lthtmlCropMarkDepth:=3.35555pt:1ex:=5.16667pt
[37]

:tex2html_wrap_inline2535:lthtmlCropMarkHeight:=13.73332pt

:tex2html_wrap_inline2535:lthtmlCropMarkDepth:=1.0pt:1ex:=5.16667pt
[38]

:tex2html_wrap_inline2537:lthtmlCropMarkHeight:=13.79915pt

:tex2html_wrap_inline2537:lthtmlCropMarkDepth:=0.0pt:1ex:=5.16667pt
[39]

:tex2html_wrap_inline2539:lthtmlCropMarkHeight:=14.2pt

:tex2html_wrap_inline2539:lthtmlCropMarkDepth:=0.32pt:1ex:=5.16667pt
[40]

:tex2html_wrap_inline2543:lthtmlCropMarkHeight:=15.51027pt

:tex2html_wrap_inline2543:lthtmlCropMarkDepth:=3.35555pt:1ex:=5.16667pt
[41]

:tex2html_wrap_inline2555:lthtmlCropMarkHeight:=14.2pt

:tex2html_wrap_inline2555:lthtmlCropMarkDepth:=0.0pt:1ex:=5.16667pt
[42]

:tex2html_wrap_inline2557:lthtmlCropMarkHeight:=14.2pt

:tex2html_wrap_inline2557:lthtmlCropMarkDepth:=0.0pt:1ex:=5.16667pt
[43]

:tex2html_wrap_inline2559:lthtmlCropMarkHeight:=14.2pt

:tex2html_wrap_inline2559:lthtmlCropMarkDepth:=0.0pt:1ex:=5.16667pt
[44]

:tex2html_wrap_inline2565:lthtmlCropMarkHeight:=14.2pt

:tex2html_wrap_inline2565:lthtmlCropMarkDepth:=0.0pt:1ex:=5.16667pt
[45]
Package epstopdf Info: Source file: <temp11.eps>
(epstopdf)                    date: 2020-06-12 13:07:23
(epstopdf)                    size: 10438 bytes
(epstopdf)             Output file: <temp11-eps-converted-to.pdf>
(epstopdf)                    date: 2020-09-14 10:13:20
(epstopdf)                    size: 10483 bytes
(epstopdf)             Command: <repstopdf --outfile=temp11-eps-converted-to.pd
f temp11.eps>
(epstopdf)             \includegraphics on input line 462.
Package epstopdf Info: Output file is already uptodate.
<temp11-eps-converted-to.pdf, id=252, 423.5825pt x 235.88126pt>
File: temp11-eps-converted-to.pdf Graphic file (type pdf)
<use temp11-eps-converted-to.pdf>
Package pdftex.def Info: temp11-eps-converted-to.pdf  used on input line 462.
(pdftex.def)             Requested size: 423.58147pt x 235.88068pt.

:tex2html_wrap_indisplay2612:lthtmlCropMarkHeight:=241.88068pt

:tex2html_wrap_indisplay2612:lthtmlCropMarkDepth:=0.0pt:1ex:=5.16667pt
[46 </home/fred-olav/afgv/book/temp11-eps-converted-to.pdf>]
Package epstopdf Info: Source file: <temp17.eps>
(epstopdf)                    date: 2020-06-12 13:07:23
(epstopdf)                    size: 11678 bytes
(epstopdf)             Output file: <temp17-eps-converted-to.pdf>
(epstopdf)                    date: 2020-09-14 10:13:20
(epstopdf)                    size: 11068 bytes
(epstopdf)             Command: <repstopdf --outfile=temp17-eps-converted-to.pd
f temp17.eps>
(epstopdf)             \includegraphics on input line 469.
Package epstopdf Info: Output file is already uptodate.
<temp17-eps-converted-to.pdf, id=271, 424.58624pt x 166.6225pt>
File: temp17-eps-converted-to.pdf Graphic file (type pdf)
<use temp17-eps-converted-to.pdf>
Package pdftex.def Info: temp17-eps-converted-to.pdf  used on input line 469.
(pdftex.def)             Requested size: 424.5852pt x 166.62209pt.

:tex2html_wrap_indisplay2617:lthtmlCropMarkHeight:=172.62209pt

:tex2html_wrap_indisplay2617:lthtmlCropMarkDepth:=0.0pt:1ex:=5.16667pt
[47 </home/fred-olav/afgv/book/temp17-eps-converted-to.pdf>]
Package epstopdf Info: Source file: <temp18.eps>
(epstopdf)                    date: 2020-06-12 13:07:23
(epstopdf)                    size: 11380 bytes
(epstopdf)             Output file: <temp18-eps-converted-to.pdf>
(epstopdf)                    date: 2020-09-14 10:13:21
(epstopdf)                    size: 11139 bytes
(epstopdf)             Command: <repstopdf --outfile=temp18-eps-converted-to.pd
f temp18.eps>
(epstopdf)             \includegraphics on input line 476.
Package epstopdf Info: Output file is already uptodate.
<temp18-eps-converted-to.pdf, id=290, 417.56pt x 159.59625pt>
File: temp18-eps-converted-to.pdf Graphic file (type pdf)
<use temp18-eps-converted-to.pdf>
Package pdftex.def Info: temp18-eps-converted-to.pdf  used on input line 476.
(pdftex.def)             Requested size: 417.55896pt x 159.59584pt.

:tex2html_wrap_indisplay2622:lthtmlCropMarkHeight:=165.59584pt

:tex2html_wrap_indisplay2622:lthtmlCropMarkDepth:=0.0pt:1ex:=5.16667pt
[48 </home/fred-olav/afgv/book/temp18-eps-converted-to.pdf>]

:tex2html_wrap_indisplay2624:lthtmlCropMarkHeight:=14.2pt

:tex2html_wrap_indisplay2624:lthtmlCropMarkDepth:=7.86668pt:1ex:=5.16667pt
[49]
Package epstopdf Info: Source file: <temp49.eps>
(epstopdf)                    date: 2020-06-12 13:07:23
(epstopdf)                    size: 14729 bytes
(epstopdf)             Output file: <temp49-eps-converted-to.pdf>
(epstopdf)                    date: 2020-09-14 10:13:22
(epstopdf)                    size: 15605 bytes
(epstopdf)             Command: <repstopdf --outfile=temp49-eps-converted-to.pd
f temp49.eps>
(epstopdf)             \includegraphics on input line 488.
Package epstopdf Info: Output file is already uptodate.
<temp49-eps-converted-to.pdf, id=315, 436.63126pt x 211.79124pt>
File: temp49-eps-converted-to.pdf Graphic file (type pdf)
<use temp49-eps-converted-to.pdf>
Package pdftex.def Info: temp49-eps-converted-to.pdf  used on input line 488.
(pdftex.def)             Requested size: 436.63019pt x 211.79073pt.

:tex2html_wrap_indisplay2626:lthtmlCropMarkHeight:=217.79073pt

:tex2html_wrap_indisplay2626:lthtmlCropMarkDepth:=0.0pt:1ex:=5.16667pt
[50 </home/fred-olav/afgv/book/temp49-eps-converted-to.pdf>]

:tex2html_wrap_inline2628:lthtmlCropMarkHeight:=14.2pt

:tex2html_wrap_inline2628:lthtmlCropMarkDepth:=1.79999pt:1ex:=5.16667pt
[51]

:tex2html_wrap_inline2630:lthtmlCropMarkHeight:=14.2pt

:tex2html_wrap_inline2630:lthtmlCropMarkDepth:=1.79999pt:1ex:=5.16667pt
[52]

:tex2html_wrap_inline2636:lthtmlCropMarkHeight:=14.2pt

:tex2html_wrap_inline2636:lthtmlCropMarkDepth:=1.79999pt:1ex:=5.16667pt
[53]

:tex2html_wrap_inline2648:lthtmlCropMarkHeight:=14.2pt

:tex2html_wrap_inline2648:lthtmlCropMarkDepth:=1.79999pt:1ex:=5.16667pt
[54]
Package epstopdf Info: Source file: <temp31.eps>
(epstopdf)                    date: 2020-06-12 13:07:23
(epstopdf)                    size: 43589 bytes
(epstopdf)             Output file: <temp31-eps-converted-to.pdf>
(epstopdf)                    date: 2020-09-14 10:13:22
(epstopdf)                    size: 36357 bytes
(epstopdf)             Command: <repstopdf --outfile=temp31-eps-converted-to.pd
f temp31.eps>
(epstopdf)             \includegraphics on input line 518.
Package epstopdf Info: Output file is already uptodate.
<temp31-eps-converted-to.pdf, id=356, 557.08125pt x 704.6325pt>
File: temp31-eps-converted-to.pdf Graphic file (type pdf)
<use temp31-eps-converted-to.pdf>
Package pdftex.def Info: temp31-eps-converted-to.pdf  used on input line 518.
(pdftex.def)             Requested size: 216.81pt x 274.23573pt.

:tex2html_wrap_indisplay2652:lthtmlCropMarkHeight:=280.23573pt

:tex2html_wrap_indisplay2652:lthtmlCropMarkDepth:=0.0pt:1ex:=5.16667pt
[55 </home/fred-olav/afgv/book/temp31-eps-converted-to.pdf>]

:tex2html_wrap_inline2654:lthtmlCropMarkHeight:=13.0pt

:tex2html_wrap_inline2654:lthtmlCropMarkDepth:=1.0pt:1ex:=5.16667pt
[56]
Package epstopdf Info: Source file: <temp53.eps>
(epstopdf)                    date: 2020-06-12 13:07:23
(epstopdf)                    size: 17430 bytes
(epstopdf)             Output file: <temp53-eps-converted-to.pdf>
(epstopdf)                    date: 2020-09-14 10:13:23
(epstopdf)                    size: 9448 bytes
(epstopdf)             Command: <repstopdf --outfile=temp53-eps-converted-to.pd
f temp53.eps>
(epstopdf)             \includegraphics on input line 531.
Package epstopdf Info: Output file is already uptodate.
<temp53-eps-converted-to.pdf, id=368, 420.57124pt x 175.65625pt>
File: temp53-eps-converted-to.pdf Graphic file (type pdf)
<use temp53-eps-converted-to.pdf>
Package pdftex.def Info: temp53-eps-converted-to.pdf  used on input line 531.
(pdftex.def)             Requested size: 420.57022pt x 175.6558pt.

:tex2html_wrap_indisplay2657:lthtmlCropMarkHeight:=181.6558pt

:tex2html_wrap_indisplay2657:lthtmlCropMarkDepth:=0.0pt:1ex:=5.16667pt
[57 </home/fred-olav/afgv/book/temp53-eps-converted-to.pdf>]
Package epstopdf Info: Source file: <temp54.eps>
(epstopdf)                    date: 2020-06-12 13:07:23
(epstopdf)                    size: 22396 bytes
(epstopdf)             Output file: <temp54-eps-converted-to.pdf>
(epstopdf)                    date: 2020-09-14 10:13:23
(epstopdf)                    size: 14321 bytes
(epstopdf)             Command: <repstopdf --outfile=temp54-eps-converted-to.pd
f temp54.eps>
(epstopdf)             \includegraphics on input line 537.
Package epstopdf Info: Output file is already uptodate.
<temp54-eps-converted-to.pdf, id=380, 329.23pt x 397.485pt>
File: temp54-eps-converted-to.pdf Graphic file (type pdf)
<use temp54-eps-converted-to.pdf>
Package pdftex.def Info: temp54-eps-converted-to.pdf  used on input line 537.
(pdftex.def)             Requested size: 329.22919pt x 397.48402pt.

:tex2html_wrap_indisplay2659:lthtmlCropMarkHeight:=403.48402pt

:tex2html_wrap_indisplay2659:lthtmlCropMarkDepth:=0.0pt:1ex:=5.16667pt
[58 </home/fred-olav/afgv/book/temp54-eps-converted-to.pdf>]
Package epstopdf Info: Source file: <temp55.eps>
(epstopdf)                    date: 2020-06-12 13:07:23
(epstopdf)                    size: 12873 bytes
(epstopdf)             Output file: <temp55-eps-converted-to.pdf>
(epstopdf)                    date: 2020-09-14 10:13:24
(epstopdf)                    size: 10410 bytes
(epstopdf)             Command: <repstopdf --outfile=temp55-eps-converted-to.pd
f temp55.eps>
(epstopdf)             \includegraphics on input line 543.
Package epstopdf Info: Output file is already uptodate.
<temp55-eps-converted-to.pdf, id=395, 141.52875pt x 188.705pt>
File: temp55-eps-converted-to.pdf Graphic file (type pdf)
<use temp55-eps-converted-to.pdf>
Package pdftex.def Info: temp55-eps-converted-to.pdf  used on input line 543.
(pdftex.def)             Requested size: 141.5284pt x 188.70453pt.

:tex2html_wrap_indisplay2661:lthtmlCropMarkHeight:=194.70453pt

:tex2html_wrap_indisplay2661:lthtmlCropMarkDepth:=0.0pt:1ex:=5.16667pt
[59 </home/fred-olav/afgv/book/temp55-eps-converted-to.pdf>]
Package epstopdf Info: Source file: <temp56.eps>
(epstopdf)                    date: 2020-06-12 13:07:23
(epstopdf)                    size: 15882 bytes
(epstopdf)             Output file: <temp56-eps-converted-to.pdf>
(epstopdf)                    date: 2020-09-14 10:13:25
(epstopdf)                    size: 8934 bytes
(epstopdf)             Command: <repstopdf --outfile=temp56-eps-converted-to.pd
f temp56.eps>
(epstopdf)             \includegraphics on input line 549.
Package epstopdf Info: Output file is already uptodate.
<temp56-eps-converted-to.pdf, id=410, 333.245pt x 188.705pt>
File: temp56-eps-converted-to.pdf Graphic file (type pdf)
<use temp56-eps-converted-to.pdf>
Package pdftex.def Info: temp56-eps-converted-to.pdf  used on input line 549.
(pdftex.def)             Requested size: 333.24417pt x 188.70453pt.

:tex2html_wrap_indisplay2665:lthtmlCropMarkHeight:=194.70453pt

:tex2html_wrap_indisplay2665:lthtmlCropMarkDepth:=0.0pt:1ex:=5.16667pt
[60 </home/fred-olav/afgv/book/temp56-eps-converted-to.pdf>]

:tex2html_wrap_indisplay2668:lthtmlCropMarkHeight:=16.11026pt

:tex2html_wrap_indisplay2668:lthtmlCropMarkDepth:=0.0pt:1ex:=5.16667pt
[61]
Package epstopdf Info: Source file: <temp03.eps>
(epstopdf)                    date: 2020-06-12 13:07:23
(epstopdf)                    size: 8725 bytes
(epstopdf)             Output file: <temp03-eps-converted-to.pdf>
(epstopdf)                    date: 2020-09-14 10:13:25
(epstopdf)                    size: 5190 bytes
(epstopdf)             Command: <repstopdf --outfile=temp03-eps-converted-to.pd
f temp03.eps>
(epstopdf)             \includegraphics on input line 564.
Package epstopdf Info: Output file is already uptodate.
<temp03-eps-converted-to.pdf, id=427, 268.00125pt x 92.345pt>
File: temp03-eps-converted-to.pdf Graphic file (type pdf)
<use temp03-eps-converted-to.pdf>
Package pdftex.def Info: temp03-eps-converted-to.pdf  used on input line 564.
(pdftex.def)             Requested size: 268.00058pt x 92.34476pt.

:tex2html_wrap_indisplay2672:lthtmlCropMarkHeight:=98.34476pt

:tex2html_wrap_indisplay2672:lthtmlCropMarkDepth:=0.0pt:1ex:=5.16667pt
[62 </home/fred-olav/afgv/book/temp03-eps-converted-to.pdf>]

:tex2html_wrap_inline2674:lthtmlCropMarkHeight:=14.2pt

:tex2html_wrap_inline2674:lthtmlCropMarkDepth:=1.79999pt:1ex:=5.16667pt
[63]

:tex2html_wrap_inline2676:lthtmlCropMarkHeight:=14.2pt

:tex2html_wrap_inline2676:lthtmlCropMarkDepth:=1.79999pt:1ex:=5.16667pt
[64]
Package epstopdf Info: Source file: <temp04.eps>
(epstopdf)                    date: 2020-06-12 13:07:23
(epstopdf)                    size: 9321 bytes
(epstopdf)             Output file: <temp04-eps-converted-to.pdf>
(epstopdf)                    date: 2020-09-14 10:13:26
(epstopdf)                    size: 6142 bytes
(epstopdf)             Command: <repstopdf --outfile=temp04-eps-converted-to.pd
f temp04.eps>
(epstopdf)             \includegraphics on input line 582.
Package epstopdf Info: Output file is already uptodate.
<temp04-eps-converted-to.pdf, id=444, 316.18124pt x 139.52126pt>
File: temp04-eps-converted-to.pdf Graphic file (type pdf)
<use temp04-eps-converted-to.pdf>
Package pdftex.def Info: temp04-eps-converted-to.pdf  used on input line 582.
(pdftex.def)             Requested size: 316.18047pt x 139.5209pt.

:tex2html_wrap_indisplay2678:lthtmlCropMarkHeight:=145.5209pt

:tex2html_wrap_indisplay2678:lthtmlCropMarkDepth:=0.0pt:1ex:=5.16667pt
[65 </home/fred-olav/afgv/book/temp04-eps-converted-to.pdf>]

:tex2html_wrap_inline2688:lthtmlCropMarkHeight:=14.2pt

:tex2html_wrap_inline2688:lthtmlCropMarkDepth:=1.79999pt:1ex:=5.16667pt
[66]

:tex2html_wrap_indisplay2696:lthtmlCropMarkHeight:=14.2pt

:tex2html_wrap_indisplay2696:lthtmlCropMarkDepth:=1.79999pt:1ex:=5.16667pt
[67]

:tex2html_wrap_inline2708:lthtmlCropMarkHeight:=14.2pt

:tex2html_wrap_inline2708:lthtmlCropMarkDepth:=1.79999pt:1ex:=5.16667pt
[68]

:tex2html_wrap_inline2710:lthtmlCropMarkHeight:=14.2pt

:tex2html_wrap_inline2710:lthtmlCropMarkDepth:=1.79999pt:1ex:=5.16667pt
[69]

:tex2html_wrap_indisplay2715:lthtmlCropMarkHeight:=198.09975pt

:tex2html_wrap_indisplay2715:lthtmlCropMarkDepth:=0.0pt:1ex:=5.16667pt
[70]
Package epstopdf Info: Source file: <temp28.eps>
(epstopdf)                    date: 2020-06-12 13:07:23
(epstopdf)                    size: 48117 bytes
(epstopdf)             Output file: <temp28-eps-converted-to.pdf>
(epstopdf)                    date: 2020-09-14 10:13:26
(epstopdf)                    size: 39921 bytes
(epstopdf)             Command: <repstopdf --outfile=temp28-eps-converted-to.pd
f temp28.eps>
(epstopdf)             \includegraphics on input line 650.
Package epstopdf Info: Output file is already uptodate.
<temp28-eps-converted-to.pdf, id=480, 557.08125pt x 370.38374pt>
File: temp28-eps-converted-to.pdf Graphic file (type pdf)
<use temp28-eps-converted-to.pdf>
Package pdftex.def Info: temp28-eps-converted-to.pdf  used on input line 650.
(pdftex.def)             Requested size: 361.34999pt x 240.25488pt.

:tex2html_wrap_indisplay2724:lthtmlCropMarkHeight:=246.25488pt

:tex2html_wrap_indisplay2724:lthtmlCropMarkDepth:=0.0pt:1ex:=5.16667pt
[71 </home/fred-olav/afgv/book/temp28-eps-converted-to.pdf>]
Package epstopdf Info: Source file: <temp29.eps>
(epstopdf)                    date: 2020-06-12 13:07:23
(epstopdf)                    size: 137230 bytes
(epstopdf)             Output file: <temp29-eps-converted-to.pdf>
(epstopdf)                    date: 2020-09-14 10:13:27
(epstopdf)                    size: 110109 bytes
(epstopdf)             Command: <repstopdf --outfile=temp29-eps-converted-to.pd
f temp29.eps>
(epstopdf)             \includegraphics on input line 656.
Package epstopdf Info: Output file is already uptodate.
<temp29-eps-converted-to.pdf, id=487, 557.08125pt x 255.95625pt>
File: temp29-eps-converted-to.pdf Graphic file (type pdf)
<use temp29-eps-converted-to.pdf>
Package pdftex.def Info: temp29-eps-converted-to.pdf  used on input line 656.
(pdftex.def)             Requested size: 289.07999pt x 132.82462pt.

:tex2html_wrap_indisplay2728:lthtmlCropMarkHeight:=138.82462pt

:tex2html_wrap_indisplay2728:lthtmlCropMarkDepth:=0.0pt:1ex:=5.16667pt
[72 </home/fred-olav/afgv/book/temp29-eps-converted-to.pdf>]
Package epstopdf Info: Source file: <temp33.eps>
(epstopdf)                    date: 2020-06-12 13:07:23
(epstopdf)                    size: 41784 bytes
(epstopdf)             Output file: <temp33-eps-converted-to.pdf>
(epstopdf)                    date: 2020-09-14 10:13:28
(epstopdf)                    size: 34942 bytes
(epstopdf)             Command: <repstopdf --outfile=temp33-eps-converted-to.pd
f temp33.eps>
(epstopdf)             \includegraphics on input line 662.
Package epstopdf Info: Output file is already uptodate.
<temp33-eps-converted-to.pdf, id=494, 557.08125pt x 251.94125pt>
File: temp33-eps-converted-to.pdf Graphic file (type pdf)
<use temp33-eps-converted-to.pdf>
Package pdftex.def Info: temp33-eps-converted-to.pdf  used on input line 662.
(pdftex.def)             Requested size: 289.07999pt x 130.74109pt.

:tex2html_wrap_indisplay2730:lthtmlCropMarkHeight:=136.74109pt

:tex2html_wrap_indisplay2730:lthtmlCropMarkDepth:=0.0pt:1ex:=5.16667pt
[73 </home/fred-olav/afgv/book/temp33-eps-converted-to.pdf>]
Package epstopdf Info: Source file: <temp34.eps>
(epstopdf)                    date: 2020-06-12 13:07:23
(epstopdf)                    size: 94332 bytes
(epstopdf)             Output file: <temp34-eps-converted-to.pdf>
(epstopdf)                    date: 2020-09-14 10:13:28
(epstopdf)                    size: 76325 bytes
(epstopdf)             Command: <repstopdf --outfile=temp34-eps-converted-to.pd
f temp34.eps>
(epstopdf)             \includegraphics on input line 668.
Package epstopdf Info: Output file is already uptodate.
<temp34-eps-converted-to.pdf, id=502, 557.08125pt x 554.07pt>
File: temp34-eps-converted-to.pdf Graphic file (type pdf)
<use temp34-eps-converted-to.pdf>
Package pdftex.def Info: temp34-eps-converted-to.pdf  used on input line 668.
(pdftex.def)             Requested size: 216.81pt x 215.63834pt.

:tex2html_wrap_indisplay2732:lthtmlCropMarkHeight:=221.63834pt

:tex2html_wrap_indisplay2732:lthtmlCropMarkDepth:=0.0pt:1ex:=5.16667pt
[74 </home/fred-olav/afgv/book/temp34-eps-converted-to.pdf>]
Package epstopdf Info: Source file: <wiring_08.eps>
(epstopdf)                    date: 2020-06-12 13:07:24
(epstopdf)                    size: 9061 bytes
(epstopdf)             Output file: <wiring_08-eps-converted-to.pdf>
(epstopdf)                    date: 2020-09-14 10:02:44
(epstopdf)                    size: 5042 bytes
(epstopdf)             Command: <repstopdf --outfile=wiring_08-eps-converted-to
.pdf wiring_08.eps>
(epstopdf)             \includegraphics on input line 674.
Package epstopdf Info: Output file is already uptodate.
<wiring_08-eps-converted-to.pdf, id=509, 319.1925pt x 60.225pt>
File: wiring_08-eps-converted-to.pdf Graphic file (type pdf)
<use wiring_08-eps-converted-to.pdf>
Package pdftex.def Info: wiring_08-eps-converted-to.pdf  used on input line 674
.
(pdftex.def)             Requested size: 319.19171pt x 60.22484pt.

:tex2html_wrap_indisplay2734:lthtmlCropMarkHeight:=66.22484pt

:tex2html_wrap_indisplay2734:lthtmlCropMarkDepth:=0.0pt:1ex:=5.16667pt
[75 </home/fred-olav/afgv/book/wiring_08-eps-converted-to.pdf>]
Package epstopdf Info: Source file: <temp30.eps>
(epstopdf)                    date: 2020-06-12 13:07:23
(epstopdf)                    size: 9633 bytes
(epstopdf)             Output file: <temp30-eps-converted-to.pdf>
(epstopdf)                    date: 2020-09-14 10:13:29
(epstopdf)                    size: 6019 bytes
(epstopdf)             Command: <repstopdf --outfile=temp30-eps-converted-to.pd
f temp30.eps>
(epstopdf)             \includegraphics on input line 680.
Package epstopdf Info: Output file is already uptodate.
<temp30-eps-converted-to.pdf, id=518, 348.30125pt x 178.6675pt>
File: temp30-eps-converted-to.pdf Graphic file (type pdf)
<use temp30-eps-converted-to.pdf>
Package pdftex.def Info: temp30-eps-converted-to.pdf  used on input line 680.
(pdftex.def)             Requested size: 348.3004pt x 178.66705pt.

:tex2html_wrap_indisplay2736:lthtmlCropMarkHeight:=184.66705pt

:tex2html_wrap_indisplay2736:lthtmlCropMarkDepth:=0.0pt:1ex:=5.16667pt
[76 </home/fred-olav/afgv/book/temp30-eps-converted-to.pdf>]
Package epstopdf Info: Source file: <temp32.eps>
(epstopdf)                    date: 2020-06-12 13:07:23
(epstopdf)                    size: 12905 bytes
(epstopdf)             Output file: <temp32-eps-converted-to.pdf>
(epstopdf)                    date: 2020-09-14 10:13:29
(epstopdf)                    size: 11589 bytes
(epstopdf)             Command: <repstopdf --outfile=temp32-eps-converted-to.pd
f temp32.eps>
(epstopdf)             \includegraphics on input line 687.
Package epstopdf Info: Output file is already uptodate.
<temp32-eps-converted-to.pdf, id=527, 379.4175pt x 222.8325pt>
File: temp32-eps-converted-to.pdf Graphic file (type pdf)
<use temp32-eps-converted-to.pdf>
Package pdftex.def Info: temp32-eps-converted-to.pdf  used on input line 687.
(pdftex.def)             Requested size: 379.41656pt x 222.83195pt.

:tex2html_wrap_indisplay2741:lthtmlCropMarkHeight:=228.83195pt

:tex2html_wrap_indisplay2741:lthtmlCropMarkDepth:=0.0pt:1ex:=5.16667pt
[77 </home/fred-olav/afgv/book/temp32-eps-converted-to.pdf>]

:tex2html_wrap_inline2745:lthtmlCropMarkHeight:=14.2pt

:tex2html_wrap_inline2745:lthtmlCropMarkDepth:=1.79999pt:1ex:=5.16667pt
[78]

:tex2html_wrap_inline2747:lthtmlCropMarkHeight:=14.2pt

:tex2html_wrap_inline2747:lthtmlCropMarkDepth:=1.79999pt:1ex:=5.16667pt
[79]

:tex2html_wrap_indisplay2749:lthtmlCropMarkHeight:=14.2pt

:tex2html_wrap_indisplay2749:lthtmlCropMarkDepth:=1.79999pt:1ex:=5.16667pt
[80]

:tex2html_wrap_inline2762:lthtmlCropMarkHeight:=9.35558pt

:tex2html_wrap_inline2762:lthtmlCropMarkDepth:=1.79999pt:1ex:=5.16667pt
[81]
Package epstopdf Info: Source file: <temp05.eps>
(epstopdf)                    date: 2020-06-12 13:07:23
(epstopdf)                    size: 9469 bytes
(epstopdf)             Output file: <temp05-eps-converted-to.pdf>
(epstopdf)                    date: 2020-09-14 10:13:30
(epstopdf)                    size: 6452 bytes
(epstopdf)             Command: <repstopdf --outfile=temp05-eps-converted-to.pd
f temp05.eps>
(epstopdf)             \includegraphics on input line 718.
Package epstopdf Info: Output file is already uptodate.
<temp05-eps-converted-to.pdf, id=562, 316.18124pt x 107.40125pt>
File: temp05-eps-converted-to.pdf Graphic file (type pdf)
<use temp05-eps-converted-to.pdf>
Package pdftex.def Info: temp05-eps-converted-to.pdf  used on input line 718.
(pdftex.def)             Requested size: 316.18047pt x 107.40097pt.

:tex2html_wrap_indisplay2764:lthtmlCropMarkHeight:=113.40097pt

:tex2html_wrap_indisplay2764:lthtmlCropMarkDepth:=0.0pt:1ex:=5.16667pt
[82 </home/fred-olav/afgv/book/temp05-eps-converted-to.pdf>]
Package epstopdf Info: Source file: <temp06.eps>
(epstopdf)                    date: 2020-06-12 13:07:23
(epstopdf)                    size: 9769 bytes
(epstopdf)             Output file: <temp06-eps-converted-to.pdf>
(epstopdf)                    date: 2020-09-14 10:13:31
(epstopdf)                    size: 10660 bytes
(epstopdf)             Command: <repstopdf --outfile=temp06-eps-converted-to.pd
f temp06.eps>
(epstopdf)             \includegraphics on input line 724.
Package epstopdf Info: Output file is already uptodate.
<temp06-eps-converted-to.pdf, id=574, 316.18124pt x 158.5925pt>
File: temp06-eps-converted-to.pdf Graphic file (type pdf)
<use temp06-eps-converted-to.pdf>
Package pdftex.def Info: temp06-eps-converted-to.pdf  used on input line 724.
(pdftex.def)             Requested size: 316.18047pt x 158.59209pt.

:tex2html_wrap_indisplay2774:lthtmlCropMarkHeight:=164.59209pt

:tex2html_wrap_indisplay2774:lthtmlCropMarkDepth:=0.0pt:1ex:=5.16667pt
[83 </home/fred-olav/afgv/book/temp06-eps-converted-to.pdf>]

:tex2html_wrap_inline2776:lthtmlCropMarkHeight:=14.2pt

:tex2html_wrap_inline2776:lthtmlCropMarkDepth:=3.35555pt:1ex:=5.16667pt
[84]

:tex2html_wrap_inline2782:lthtmlCropMarkHeight:=14.2pt

:tex2html_wrap_inline2782:lthtmlCropMarkDepth:=3.35555pt:1ex:=5.16667pt
[85]

:tex2html_wrap_indisplay2786:lthtmlCropMarkHeight:=14.2pt

:tex2html_wrap_indisplay2786:lthtmlCropMarkDepth:=3.35555pt:1ex:=5.16667pt
[86]

:tex2html_wrap_indisplay2788:lthtmlCropMarkHeight:=15.0pt

:tex2html_wrap_indisplay2788:lthtmlCropMarkDepth:=3.35555pt:1ex:=5.16667pt
[87]

:tex2html_wrap_indisplay2790:lthtmlCropMarkHeight:=14.2pt

:tex2html_wrap_indisplay2790:lthtmlCropMarkDepth:=1.79999pt:1ex:=5.16667pt
[88]
Package epstopdf Info: Source file: <temp45.eps>
(epstopdf)                    date: 2020-06-12 13:07:23
(epstopdf)                    size: 13832 bytes
(epstopdf)             Output file: <temp45-eps-converted-to.pdf>
(epstopdf)                    date: 2020-09-14 10:13:31
(epstopdf)                    size: 14884 bytes
(epstopdf)             Command: <repstopdf --outfile=temp45-eps-converted-to.pd
f temp45.eps>
(epstopdf)             \includegraphics on input line 760.
Package epstopdf Info: Output file is already uptodate.
<temp45-eps-converted-to.pdf, id=615, 381.425pt x 256.96pt>
File: temp45-eps-converted-to.pdf Graphic file (type pdf)
<use temp45-eps-converted-to.pdf>
Package pdftex.def Info: temp45-eps-converted-to.pdf  used on input line 760.
(pdftex.def)             Requested size: 381.42406pt x 256.95937pt.

:tex2html_wrap_indisplay2794:lthtmlCropMarkHeight:=262.95937pt

:tex2html_wrap_indisplay2794:lthtmlCropMarkDepth:=0.0pt:1ex:=5.16667pt
[89 </home/fred-olav/afgv/book/temp45-eps-converted-to.pdf>]
Package epstopdf Info: Source file: <temp12.eps>
(epstopdf)                    date: 2020-06-12 13:07:23
(epstopdf)                    size: 9452 bytes
(epstopdf)             Output file: <temp12-eps-converted-to.pdf>
(epstopdf)                    date: 2020-09-14 10:13:32
(epstopdf)                    size: 6448 bytes
(epstopdf)             Command: <repstopdf --outfile=temp12-eps-converted-to.pd
f temp12.eps>
(epstopdf)             \includegraphics on input line 767.
Package epstopdf Info: Output file is already uptodate.
<temp12-eps-converted-to.pdf, id=633, 316.18124pt x 143.53625pt>
File: temp12-eps-converted-to.pdf Graphic file (type pdf)
<use temp12-eps-converted-to.pdf>
Package pdftex.def Info: temp12-eps-converted-to.pdf  used on input line 767.
(pdftex.def)             Requested size: 316.18047pt x 143.53589pt.

:tex2html_wrap_indisplay2805:lthtmlCropMarkHeight:=149.53589pt

:tex2html_wrap_indisplay2805:lthtmlCropMarkDepth:=0.0pt:1ex:=5.16667pt
[90 </home/fred-olav/afgv/book/temp12-eps-converted-to.pdf>]
Package epstopdf Info: Source file: <temp13.eps>
(epstopdf)                    date: 2020-06-12 13:07:23
(epstopdf)                    size: 9132 bytes
(epstopdf)             Output file: <temp13-eps-converted-to.pdf>
(epstopdf)                    date: 2020-09-14 10:13:32
(epstopdf)                    size: 6929 bytes
(epstopdf)             Command: <repstopdf --outfile=temp13-eps-converted-to.pd
f temp13.eps>
(epstopdf)             \includegraphics on input line 773.
Package epstopdf Info: Output file is already uptodate.
<temp13-eps-converted-to.pdf, id=645, 224.84pt x 102.3825pt>
File: temp13-eps-converted-to.pdf Graphic file (type pdf)
<use temp13-eps-converted-to.pdf>
Package pdftex.def Info: temp13-eps-converted-to.pdf  used on input line 773.
(pdftex.def)             Requested size: 224.83945pt x 102.38225pt.

:tex2html_wrap_indisplay2819:lthtmlCropMarkHeight:=108.38225pt

:tex2html_wrap_indisplay2819:lthtmlCropMarkDepth:=0.0pt:1ex:=5.16667pt
[91 </home/fred-olav/afgv/book/temp13-eps-converted-to.pdf>]
Package epstopdf Info: Source file: <temp57.eps>
(epstopdf)                    date: 2020-06-12 13:07:23
(epstopdf)                    size: 9719 bytes
(epstopdf)             Output file: <temp57-eps-converted-to.pdf>
(epstopdf)                    date: 2020-09-14 10:13:33
(epstopdf)                    size: 5884 bytes
(epstopdf)             Command: <repstopdf --outfile=temp57-eps-converted-to.pd
f temp57.eps>
(epstopdf)             \includegraphics on input line 779.
Package epstopdf Info: Output file is already uptodate.
<temp57-eps-converted-to.pdf, id=658, 283.0575pt x 91.34125pt>
File: temp57-eps-converted-to.pdf Graphic file (type pdf)
<use temp57-eps-converted-to.pdf>
Package pdftex.def Info: temp57-eps-converted-to.pdf  used on input line 779.
(pdftex.def)             Requested size: 283.0568pt x 91.34102pt.

:tex2html_wrap_indisplay2821:lthtmlCropMarkHeight:=97.34102pt

:tex2html_wrap_indisplay2821:lthtmlCropMarkDepth:=0.0pt:1ex:=5.16667pt
[92 </home/fred-olav/afgv/book/temp57-eps-converted-to.pdf>]
Package epstopdf Info: Source file: <temp14.eps>
(epstopdf)                    date: 2020-06-12 13:07:23
(epstopdf)                    size: 10805 bytes
(epstopdf)             Output file: <temp14-eps-converted-to.pdf>
(epstopdf)                    date: 2020-09-14 10:13:33
(epstopdf)                    size: 9633 bytes
(epstopdf)             Command: <repstopdf --outfile=temp14-eps-converted-to.pd
f temp14.eps>
(epstopdf)             \includegraphics on input line 785.
Package epstopdf Info: Output file is already uptodate.
<temp14-eps-converted-to.pdf, id=670, 324.21124pt x 313.17pt>
File: temp14-eps-converted-to.pdf Graphic file (type pdf)
<use temp14-eps-converted-to.pdf>
Package pdftex.def Info: temp14-eps-converted-to.pdf  used on input line 785.
(pdftex.def)             Requested size: 324.21045pt x 313.16922pt.

:tex2html_wrap_indisplay2835:lthtmlCropMarkHeight:=319.16922pt

:tex2html_wrap_indisplay2835:lthtmlCropMarkDepth:=0.0pt:1ex:=5.16667pt
[93 </home/fred-olav/afgv/book/temp14-eps-converted-to.pdf>]
Package epstopdf Info: Source file: <temp15.eps>
(epstopdf)                    date: 2020-06-12 13:07:23
(epstopdf)                    size: 10833 bytes
(epstopdf)             Output file: <temp15-eps-converted-to.pdf>
(epstopdf)                    date: 2020-09-14 10:13:34
(epstopdf)                    size: 8746 bytes
(epstopdf)             Command: <repstopdf --outfile=temp15-eps-converted-to.pd
f temp15.eps>
(epstopdf)             \includegraphics on input line 791.
Package epstopdf Info: Output file is already uptodate.
<temp15-eps-converted-to.pdf, id=685, 427.5975pt x 107.40125pt>
File: temp15-eps-converted-to.pdf Graphic file (type pdf)
<use temp15-eps-converted-to.pdf>
Package pdftex.def Info: temp15-eps-converted-to.pdf  used on input line 791.
(pdftex.def)             Requested size: 427.59645pt x 107.40097pt.

:tex2html_wrap_indisplay2837:lthtmlCropMarkHeight:=113.40097pt

:tex2html_wrap_indisplay2837:lthtmlCropMarkDepth:=0.0pt:1ex:=5.16667pt
[94 </home/fred-olav/afgv/book/temp15-eps-converted-to.pdf>]

:tex2html_wrap_inline2839:lthtmlCropMarkHeight:=14.2pt

:tex2html_wrap_inline2839:lthtmlCropMarkDepth:=1.79999pt:1ex:=5.16667pt
[95]

:tex2html_wrap_inline2841:lthtmlCropMarkHeight:=14.2pt

:tex2html_wrap_inline2841:lthtmlCropMarkDepth:=1.79999pt:1ex:=5.16667pt
[96]

:tex2html_wrap_inline2843:lthtmlCropMarkHeight:=14.2pt

:tex2html_wrap_inline2843:lthtmlCropMarkDepth:=1.79999pt:1ex:=5.16667pt
[97]

:tex2html_wrap_inline2845:lthtmlCropMarkHeight:=14.2pt

:tex2html_wrap_inline2845:lthtmlCropMarkDepth:=1.79999pt:1ex:=5.16667pt
[98]

:tex2html_wrap_indisplay2866:lthtmlCropMarkHeight:=14.2pt

:tex2html_wrap_indisplay2866:lthtmlCropMarkDepth:=1.79999pt:1ex:=5.16667pt
[99]
Package epstopdf Info: Source file: <temp16.eps>
(epstopdf)                    date: 2020-06-12 13:07:23
(epstopdf)                    size: 11671 bytes
(epstopdf)             Output file: <temp16-eps-converted-to.pdf>
(epstopdf)                    date: 2020-09-14 10:13:35
(epstopdf)                    size: 13333 bytes
(epstopdf)             Command: <repstopdf --outfile=temp16-eps-converted-to.pd
f temp16.eps>
(epstopdf)             \includegraphics on input line 828.
Package epstopdf Info: Output file is already uptodate.
<temp16-eps-converted-to.pdf, id=722, 429.605pt x 168.63pt>
File: temp16-eps-converted-to.pdf Graphic file (type pdf)
<use temp16-eps-converted-to.pdf>
Package pdftex.def Info: temp16-eps-converted-to.pdf  used on input line 828.
(pdftex.def)             Requested size: 429.60394pt x 168.62958pt.

:tex2html_wrap_indisplay2870:lthtmlCropMarkHeight:=174.62958pt

:tex2html_wrap_indisplay2870:lthtmlCropMarkDepth:=0.0pt:1ex:=5.16667pt
[100 </home/fred-olav/afgv/book/temp16-eps-converted-to.pdf>]

:tex2html_wrap_inline2872:lthtmlCropMarkHeight:=14.2pt

:tex2html_wrap_inline2872:lthtmlCropMarkDepth:=3.35555pt:1ex:=5.16667pt
[101]

:tex2html_wrap_indisplay2876:lthtmlCropMarkHeight:=14.33331pt

:tex2html_wrap_indisplay2876:lthtmlCropMarkDepth:=3.35555pt:1ex:=5.16667pt
[102]

:tex2html_wrap_indisplay2878:lthtmlCropMarkHeight:=15.0pt

:tex2html_wrap_indisplay2878:lthtmlCropMarkDepth:=3.35555pt:1ex:=5.16667pt
[103]

:tex2html_wrap_indisplay2886:lthtmlCropMarkHeight:=14.33331pt

:tex2html_wrap_indisplay2886:lthtmlCropMarkDepth:=3.35555pt:1ex:=5.16667pt
[104]

:tex2html_wrap_indisplay2888:lthtmlCropMarkHeight:=14.33331pt

:tex2html_wrap_indisplay2888:lthtmlCropMarkDepth:=2.33331pt:1ex:=5.16667pt
[105]

:tex2html_wrap_indisplay2890:lthtmlCropMarkHeight:=14.33331pt

:tex2html_wrap_indisplay2890:lthtmlCropMarkDepth:=2.33331pt:1ex:=5.16667pt
[106]
Package epstopdf Info: Source file: <temp46.eps>
(epstopdf)                    date: 2020-06-12 13:07:23
(epstopdf)                    size: 13684 bytes
(epstopdf)             Output file: <temp46-eps-converted-to.pdf>
(epstopdf)                    date: 2020-09-14 10:13:35
(epstopdf)                    size: 13258 bytes
(epstopdf)             Command: <repstopdf --outfile=temp46-eps-converted-to.pd
f temp46.eps>
(epstopdf)             \includegraphics on input line 870.
Package epstopdf Info: Output file is already uptodate.
<temp46-eps-converted-to.pdf, id=770, 433.62pt x 186.6975pt>
File: temp46-eps-converted-to.pdf Graphic file (type pdf)
<use temp46-eps-converted-to.pdf>
Package pdftex.def Info: temp46-eps-converted-to.pdf  used on input line 870.
(pdftex.def)             Requested size: 433.61894pt x 186.69704pt.

:tex2html_wrap_indisplay2892:lthtmlCropMarkHeight:=192.69704pt

:tex2html_wrap_indisplay2892:lthtmlCropMarkDepth:=0.0pt:1ex:=5.16667pt
[107 </home/fred-olav/afgv/book/temp46-eps-converted-to.pdf>]
Package epstopdf Info: Source file: <temp36.eps>
(epstopdf)                    date: 2020-06-12 13:07:23
(epstopdf)                    size: 11930 bytes
(epstopdf)             Output file: <temp36-eps-converted-to.pdf>
(epstopdf)                    date: 2020-09-14 10:13:36
(epstopdf)                    size: 10558 bytes
(epstopdf)             Command: <repstopdf --outfile=temp36-eps-converted-to.pd
f temp36.eps>
(epstopdf)             \includegraphics on input line 877.
Package epstopdf Info: Output file is already uptodate.
<temp36-eps-converted-to.pdf, id=789, 399.4925pt x 268.00125pt>
File: temp36-eps-converted-to.pdf Graphic file (type pdf)
<use temp36-eps-converted-to.pdf>
Package pdftex.def Info: temp36-eps-converted-to.pdf  used on input line 877.
(pdftex.def)             Requested size: 399.49152pt x 268.00058pt.

:tex2html_wrap_indisplay2895:lthtmlCropMarkHeight:=274.00058pt

:tex2html_wrap_indisplay2895:lthtmlCropMarkDepth:=0.0pt:1ex:=5.16667pt
[108 </home/fred-olav/afgv/book/temp36-eps-converted-to.pdf>]
Package epstopdf Info: Source file: <temp35.eps>
(epstopdf)                    date: 2020-06-12 13:07:23
(epstopdf)                    size: 15529 bytes
(epstopdf)             Output file: <temp35-eps-converted-to.pdf>
(epstopdf)                    date: 2020-09-14 10:13:36
(epstopdf)                    size: 12060 bytes
(epstopdf)             Command: <repstopdf --outfile=temp35-eps-converted-to.pd
f temp35.eps>
(epstopdf)             \includegraphics on input line 883.
Package epstopdf Info: Output file is already uptodate.
<temp35-eps-converted-to.pdf, id=805, 441.65pt x 265.99374pt>
File: temp35-eps-converted-to.pdf Graphic file (type pdf)
<use temp35-eps-converted-to.pdf>
Package pdftex.def Info: temp35-eps-converted-to.pdf  used on input line 883.
(pdftex.def)             Requested size: 441.64891pt x 265.99309pt.

:tex2html_wrap_indisplay2897:lthtmlCropMarkHeight:=271.99309pt

:tex2html_wrap_indisplay2897:lthtmlCropMarkDepth:=0.0pt:1ex:=5.16667pt
[109 </home/fred-olav/afgv/book/temp35-eps-converted-to.pdf>]
Package epstopdf Info: Source file: <temp37.eps>
(epstopdf)                    date: 2020-06-12 13:07:23
(epstopdf)                    size: 15498 bytes
(epstopdf)             Output file: <temp37-eps-converted-to.pdf>
(epstopdf)                    date: 2020-09-14 10:13:37
(epstopdf)                    size: 10978 bytes
(epstopdf)             Command: <repstopdf --outfile=temp37-eps-converted-to.pd
f temp37.eps>
(epstopdf)             \includegraphics on input line 889.
Package epstopdf Info: Output file is already uptodate.
<temp37-eps-converted-to.pdf, id=821, 423.5825pt x 265.99374pt>
File: temp37-eps-converted-to.pdf Graphic file (type pdf)
<use temp37-eps-converted-to.pdf>
Package pdftex.def Info: temp37-eps-converted-to.pdf  used on input line 889.
(pdftex.def)             Requested size: 423.58147pt x 265.99309pt.

:tex2html_wrap_indisplay2899:lthtmlCropMarkHeight:=271.99309pt

:tex2html_wrap_indisplay2899:lthtmlCropMarkDepth:=0.0pt:1ex:=5.16667pt
[110 </home/fred-olav/afgv/book/temp37-eps-converted-to.pdf>]
Package epstopdf Info: Source file: <temp38.eps>
(epstopdf)                    date: 2020-06-12 13:07:23
(epstopdf)                    size: 15505 bytes
(epstopdf)             Output file: <temp38-eps-converted-to.pdf>
(epstopdf)                    date: 2020-09-14 10:13:38
(epstopdf)                    size: 11360 bytes
(epstopdf)             Command: <repstopdf --outfile=temp38-eps-converted-to.pd
f temp38.eps>
(epstopdf)             \includegraphics on input line 895.
Package epstopdf Info: Output file is already uptodate.
<temp38-eps-converted-to.pdf, id=836, 423.5825pt x 265.99374pt>
File: temp38-eps-converted-to.pdf Graphic file (type pdf)
<use temp38-eps-converted-to.pdf>
Package pdftex.def Info: temp38-eps-converted-to.pdf  used on input line 895.
(pdftex.def)             Requested size: 423.58147pt x 265.99309pt.

:tex2html_wrap_indisplay2901:lthtmlCropMarkHeight:=271.99309pt

:tex2html_wrap_indisplay2901:lthtmlCropMarkDepth:=0.0pt:1ex:=5.16667pt
[111 </home/fred-olav/afgv/book/temp38-eps-converted-to.pdf>]
Package epstopdf Info: Source file: <temp22.eps>
(epstopdf)                    date: 2020-06-12 13:07:23
(epstopdf)                    size: 17061 bytes
(epstopdf)             Output file: <temp22-eps-converted-to.pdf>
(epstopdf)                    date: 2020-09-14 10:13:38
(epstopdf)                    size: 12158 bytes
(epstopdf)             Command: <repstopdf --outfile=temp22-eps-converted-to.pd
f temp22.eps>
(epstopdf)             \includegraphics on input line 902.
Package epstopdf Info: Output file is already uptodate.
<temp22-eps-converted-to.pdf, id=851, 433.62pt x 262.9825pt>
File: temp22-eps-converted-to.pdf Graphic file (type pdf)
<use temp22-eps-converted-to.pdf>
Package pdftex.def Info: temp22-eps-converted-to.pdf  used on input line 902.
(pdftex.def)             Requested size: 433.61894pt x 262.98184pt.

:tex2html_wrap_indisplay2908:lthtmlCropMarkHeight:=268.98184pt

:tex2html_wrap_indisplay2908:lthtmlCropMarkDepth:=0.0pt:1ex:=5.16667pt
[112 </home/fred-olav/afgv/book/temp22-eps-converted-to.pdf>]
Package epstopdf Info: Source file: <temp23.eps>
(epstopdf)                    date: 2020-06-12 13:07:23
(epstopdf)                    size: 17319 bytes
(epstopdf)             Output file: <temp23-eps-converted-to.pdf>
(epstopdf)                    date: 2020-09-14 10:13:39
(epstopdf)                    size: 12388 bytes
(epstopdf)             Command: <repstopdf --outfile=temp23-eps-converted-to.pd
f temp23.eps>
(epstopdf)             \includegraphics on input line 908.
Package epstopdf Info: Output file is already uptodate.
<temp23-eps-converted-to.pdf, id=866, 433.62pt x 262.9825pt>
File: temp23-eps-converted-to.pdf Graphic file (type pdf)
<use temp23-eps-converted-to.pdf>
Package pdftex.def Info: temp23-eps-converted-to.pdf  used on input line 908.
(pdftex.def)             Requested size: 433.61894pt x 262.98184pt.

:tex2html_wrap_indisplay2910:lthtmlCropMarkHeight:=268.98184pt

:tex2html_wrap_indisplay2910:lthtmlCropMarkDepth:=0.0pt:1ex:=5.16667pt
[113 </home/fred-olav/afgv/book/temp23-eps-converted-to.pdf>]

:tex2html_wrap_indisplay2922:lthtmlCropMarkHeight:=14.2pt

:tex2html_wrap_indisplay2922:lthtmlCropMarkDepth:=3.35555pt:1ex:=5.16667pt
[114]

:tex2html_wrap_indisplay2924:lthtmlCropMarkHeight:=14.2pt

:tex2html_wrap_indisplay2924:lthtmlCropMarkDepth:=3.35555pt:1ex:=5.16667pt
[115]
Package epstopdf Info: Source file: <temp24.eps>
(epstopdf)                    date: 2020-06-12 13:07:23
(epstopdf)                    size: 15827 bytes
(epstopdf)             Output file: <temp24-eps-converted-to.pdf>
(epstopdf)                    date: 2020-09-14 10:13:39
(epstopdf)                    size: 10040 bytes
(epstopdf)             Command: <repstopdf --outfile=temp24-eps-converted-to.pd
f temp24.eps>
(epstopdf)             \includegraphics on input line 926.
Package epstopdf Info: Output file is already uptodate.
<temp24-eps-converted-to.pdf, id=890, 251.94125pt x 258.9675pt>
File: temp24-eps-converted-to.pdf Graphic file (type pdf)
<use temp24-eps-converted-to.pdf>
Package pdftex.def Info: temp24-eps-converted-to.pdf  used on input line 926.
(pdftex.def)             Requested size: 251.94063pt x 258.96684pt.

:tex2html_wrap_indisplay2928:lthtmlCropMarkHeight:=264.96684pt

:tex2html_wrap_indisplay2928:lthtmlCropMarkDepth:=0.0pt:1ex:=5.16667pt
[116 </home/fred-olav/afgv/book/temp24-eps-converted-to.pdf>]
Package epstopdf Info: Source file: <temp25.eps>
(epstopdf)                    date: 2020-06-12 13:07:23
(epstopdf)                    size: 15851 bytes
(epstopdf)             Output file: <temp25-eps-converted-to.pdf>
(epstopdf)                    date: 2020-09-14 10:13:40
(epstopdf)                    size: 10052 bytes
(epstopdf)             Command: <repstopdf --outfile=temp25-eps-converted-to.pd
f temp25.eps>
(epstopdf)             \includegraphics on input line 932.
Package epstopdf Info: Output file is already uptodate.
<temp25-eps-converted-to.pdf, id=902, 251.94125pt x 258.9675pt>
File: temp25-eps-converted-to.pdf Graphic file (type pdf)
<use temp25-eps-converted-to.pdf>
Package pdftex.def Info: temp25-eps-converted-to.pdf  used on input line 932.
(pdftex.def)             Requested size: 251.94063pt x 258.96684pt.

:tex2html_wrap_indisplay2934:lthtmlCropMarkHeight:=264.96684pt

:tex2html_wrap_indisplay2934:lthtmlCropMarkDepth:=0.0pt:1ex:=5.16667pt
[117 </home/fred-olav/afgv/book/temp25-eps-converted-to.pdf>]
Package epstopdf Info: Source file: <precision_pot_01.eps>
(epstopdf)                    date: 2020-06-12 13:07:22
(epstopdf)                    size: 170344 bytes
(epstopdf)             Output file: <precision_pot_01-eps-converted-to.pdf>
(epstopdf)                    date: 2020-09-14 10:13:41
(epstopdf)                    size: 136178 bytes
(epstopdf)             Command: <repstopdf --outfile=precision_pot_01-eps-conve
rted-to.pdf precision_pot_01.eps>
(epstopdf)             \includegraphics on input line 938.
Package epstopdf Info: Output file is already uptodate.
<precision_pot_01-eps-converted-to.pdf, id=915, 557.08125pt x 370.38374pt>
File: precision_pot_01-eps-converted-to.pdf Graphic file (type pdf)
<use precision_pot_01-eps-converted-to.pdf>
Package pdftex.def Info: precision_pot_01-eps-converted-to.pdf  used on input l
ine 938.
(pdftex.def)             Requested size: 180.67499pt x 120.12462pt.
Package epstopdf Info: Source file: <precision_pot_02.eps>
(epstopdf)                    date: 2020-06-12 13:07:22
(epstopdf)                    size: 175105 bytes
(epstopdf)             Output file: <precision_pot_02-eps-converted-to.pdf>
(epstopdf)                    date: 2020-09-14 10:13:42
(epstopdf)                    size: 139934 bytes
(epstopdf)             Command: <repstopdf --outfile=precision_pot_02-eps-conve
rted-to.pdf precision_pot_02.eps>
(epstopdf)             \includegraphics on input line 938.
Package epstopdf Info: Output file is already uptodate.
<precision_pot_02-eps-converted-to.pdf, id=916, 557.08125pt x 370.38374pt>
File: precision_pot_02-eps-converted-to.pdf Graphic file (type pdf)
<use precision_pot_02-eps-converted-to.pdf>
Package pdftex.def Info: precision_pot_02-eps-converted-to.pdf  used on input l
ine 938.
(pdftex.def)             Requested size: 180.67499pt x 120.12462pt.

:tex2html_wrap_indisplay2936:lthtmlCropMarkHeight:=126.12462pt

:tex2html_wrap_indisplay2936:lthtmlCropMarkDepth:=0.0pt:1ex:=5.16667pt
[118 </home/fred-olav/afgv/book/precision_pot_01-eps-converted-to.pdf> </home/f
red-olav/afgv/book/precision_pot_02-eps-converted-to.pdf>]
Package epstopdf Info: Source file: <temp26.eps>
(epstopdf)                    date: 2020-06-12 13:07:23
(epstopdf)                    size: 15919 bytes
(epstopdf)             Output file: <temp26-eps-converted-to.pdf>
(epstopdf)                    date: 2020-09-14 10:13:43
(epstopdf)                    size: 10112 bytes
(epstopdf)             Command: <repstopdf --outfile=temp26-eps-converted-to.pd
f temp26.eps>
(epstopdf)             \includegraphics on input line 944.
Package epstopdf Info: Output file is already uptodate.
<temp26-eps-converted-to.pdf, id=925, 274.02374pt x 260.975pt>
File: temp26-eps-converted-to.pdf Graphic file (type pdf)
<use temp26-eps-converted-to.pdf>
Package pdftex.def Info: temp26-eps-converted-to.pdf  used on input line 944.
(pdftex.def)             Requested size: 274.02307pt x 260.97437pt.

:tex2html_wrap_indisplay2938:lthtmlCropMarkHeight:=266.97437pt

:tex2html_wrap_indisplay2938:lthtmlCropMarkDepth:=0.0pt:1ex:=5.16667pt
[119 </home/fred-olav/afgv/book/temp26-eps-converted-to.pdf>]
Package epstopdf Info: Source file: <temp27.eps>
(epstopdf)                    date: 2020-06-12 13:07:23
(epstopdf)                    size: 170222 bytes
(epstopdf)             Output file: <temp27-eps-converted-to.pdf>
(epstopdf)                    date: 2020-09-14 10:13:44
(epstopdf)                    size: 135999 bytes
(epstopdf)             Command: <repstopdf --outfile=temp27-eps-converted-to.pd
f temp27.eps>
(epstopdf)             \includegraphics on input line 950.
Package epstopdf Info: Output file is already uptodate.
<temp27-eps-converted-to.pdf, id=937, 557.08125pt x 384.43625pt>
File: temp27-eps-converted-to.pdf Graphic file (type pdf)
<use temp27-eps-converted-to.pdf>
Package pdftex.def Info: temp27-eps-converted-to.pdf  used on input line 950.
(pdftex.def)             Requested size: 361.34999pt x 249.37025pt.

:tex2html_wrap_indisplay2942:lthtmlCropMarkHeight:=255.37025pt

:tex2html_wrap_indisplay2942:lthtmlCropMarkDepth:=0.0pt:1ex:=5.16667pt
[120 </home/fred-olav/afgv/book/temp27-eps-converted-to.pdf>]
Package epstopdf Info: Source file: <temp19.eps>
(epstopdf)                    date: 2020-06-12 13:07:23
(epstopdf)                    size: 10323 bytes
(epstopdf)             Output file: <temp19-eps-converted-to.pdf>
(epstopdf)                    date: 2020-09-14 10:13:44
(epstopdf)                    size: 6411 bytes
(epstopdf)             Command: <repstopdf --outfile=temp19-eps-converted-to.pd
f temp19.eps>
(epstopdf)             \includegraphics on input line 957.
Package epstopdf Info: Output file is already uptodate.
<temp19-eps-converted-to.pdf, id=944, 312.16624pt x 109.40875pt>
File: temp19-eps-converted-to.pdf Graphic file (type pdf)
<use temp19-eps-converted-to.pdf>
Package pdftex.def Info: temp19-eps-converted-to.pdf  used on input line 957.
(pdftex.def)             Requested size: 312.16548pt x 109.40846pt.

:tex2html_wrap_indisplay2945:lthtmlCropMarkHeight:=115.40846pt

:tex2html_wrap_indisplay2945:lthtmlCropMarkDepth:=0.0pt:1ex:=5.16667pt
[121 </home/fred-olav/afgv/book/temp19-eps-converted-to.pdf>]

:tex2html_wrap_indisplay2952:lthtmlCropMarkHeight:=22.4514pt

:tex2html_wrap_indisplay2952:lthtmlCropMarkDepth:=8.23141pt:1ex:=5.16667pt
[122]

:tex2html_wrap_inline2954:lthtmlCropMarkHeight:=16.83109pt

:tex2html_wrap_inline2954:lthtmlCropMarkDepth:=4.13809pt:1ex:=5.16667pt
[123]

:tex2html_wrap_inline2956:lthtmlCropMarkHeight:=11.16667pt

:tex2html_wrap_inline2956:lthtmlCropMarkDepth:=0.0pt:1ex:=5.16667pt
[124]

:tex2html_wrap_inline2958:lthtmlCropMarkHeight:=11.16667pt

:tex2html_wrap_inline2958:lthtmlCropMarkDepth:=0.0pt:1ex:=5.16667pt
[125]

:tex2html_wrap_inline2962:lthtmlCropMarkHeight:=15.51027pt

:tex2html_wrap_inline2962:lthtmlCropMarkDepth:=0.0pt:1ex:=5.16667pt
[126]

:tex2html_wrap_inline2964:lthtmlCropMarkHeight:=15.51027pt

:tex2html_wrap_inline2964:lthtmlCropMarkDepth:=0.0pt:1ex:=5.16667pt
[127]

:tex2html_wrap_inline2966:lthtmlCropMarkHeight:=11.33334pt

:tex2html_wrap_inline2966:lthtmlCropMarkDepth:=0.0pt:1ex:=5.16667pt
[128]

:tex2html_wrap_inline2968:lthtmlCropMarkHeight:=15.51027pt

:tex2html_wrap_inline2968:lthtmlCropMarkDepth:=0.0pt:1ex:=5.16667pt
[129]
Package epstopdf Info: Source file: <temp39.eps>
(epstopdf)                    date: 2020-06-12 13:07:23
(epstopdf)                    size: 10729 bytes
(epstopdf)             Output file: <temp39-eps-converted-to.pdf>
(epstopdf)                    date: 2020-09-14 10:13:45
(epstopdf)                    size: 10020 bytes
(epstopdf)             Command: <repstopdf --outfile=temp39-eps-converted-to.pd
f temp39.eps>
(epstopdf)             \includegraphics on input line 1013.
Package epstopdf Info: Output file is already uptodate.
<temp39-eps-converted-to.pdf, id=991, 289.08pt x 213.79875pt>
File: temp39-eps-converted-to.pdf Graphic file (type pdf)
<use temp39-eps-converted-to.pdf>
Package pdftex.def Info: temp39-eps-converted-to.pdf  used on input line 1013.
(pdftex.def)             Requested size: 289.07928pt x 213.79822pt.

:tex2html_wrap_indisplay2979:lthtmlCropMarkHeight:=219.79822pt

:tex2html_wrap_indisplay2979:lthtmlCropMarkDepth:=0.0pt:1ex:=5.16667pt
[130 </home/fred-olav/afgv/book/temp39-eps-converted-to.pdf>]
Package epstopdf Info: Source file: <temp40.eps>
(epstopdf)                    date: 2020-06-12 13:07:23
(epstopdf)                    size: 10649 bytes
(epstopdf)             Output file: <temp40-eps-converted-to.pdf>
(epstopdf)                    date: 2020-09-14 10:13:46
(epstopdf)                    size: 5623 bytes
(epstopdf)             Command: <repstopdf --outfile=temp40-eps-converted-to.pd
f temp40.eps>
(epstopdf)             \includegraphics on input line 1019.
Package epstopdf Info: Output file is already uptodate.
<temp40-eps-converted-to.pdf, id=1006, 298.11375pt x 98.3675pt>
File: temp40-eps-converted-to.pdf Graphic file (type pdf)
<use temp40-eps-converted-to.pdf>
Package pdftex.def Info: temp40-eps-converted-to.pdf  used on input line 1019.
(pdftex.def)             Requested size: 298.11302pt x 98.36723pt.

:tex2html_wrap_indisplay2981:lthtmlCropMarkHeight:=104.36723pt

:tex2html_wrap_indisplay2981:lthtmlCropMarkDepth:=0.0pt:1ex:=5.16667pt
[131 </home/fred-olav/afgv/book/temp40-eps-converted-to.pdf>]

:tex2html_wrap_indisplay2985:lthtmlCropMarkHeight:=170.29976pt

:tex2html_wrap_indisplay2985:lthtmlCropMarkDepth:=0.0pt:1ex:=5.16667pt
[132]

:tex2html_wrap_indisplay2989:lthtmlCropMarkHeight:=22.31808pt

:tex2html_wrap_indisplay2989:lthtmlCropMarkDepth:=8.23141pt:1ex:=5.16667pt
[133]

:tex2html_wrap_indisplay2991:lthtmlCropMarkHeight:=25.38902pt

:tex2html_wrap_indisplay2991:lthtmlCropMarkDepth:=11.40015pt:1ex:=5.16667pt
[134]

:tex2html_wrap_indisplay2993:lthtmlCropMarkHeight:=15.0pt

:tex2html_wrap_indisplay2993:lthtmlCropMarkDepth:=3.0pt:1ex:=5.16667pt
[135]

:tex2html_wrap_inline3000:lthtmlCropMarkHeight:=11.16667pt

:tex2html_wrap_inline3000:lthtmlCropMarkDepth:=0.0pt:1ex:=5.16667pt
[136]

:tex2html_wrap_inline3002:lthtmlCropMarkHeight:=13.73332pt

:tex2html_wrap_inline3002:lthtmlCropMarkDepth:=0.0pt:1ex:=5.16667pt
[137]

:tex2html_wrap_inline3004:lthtmlCropMarkHeight:=13.73332pt

:tex2html_wrap_inline3004:lthtmlCropMarkDepth:=0.0pt:1ex:=5.16667pt
[138]
Package epstopdf Info: Source file: <temp41.eps>
(epstopdf)                    date: 2020-06-12 13:07:23
(epstopdf)                    size: 9628 bytes
(epstopdf)             Output file: <temp41-eps-converted-to.pdf>
(epstopdf)                    date: 2020-09-14 10:13:46
(epstopdf)                    size: 9376 bytes
(epstopdf)             Command: <repstopdf --outfile=temp41-eps-converted-to.pd
f temp41.eps>
(epstopdf)             \includegraphics on input line 1096.
Package epstopdf Info: Output file is already uptodate.
<temp41-eps-converted-to.pdf, id=1045, 280.04625pt x 103.38625pt>
File: temp41-eps-converted-to.pdf Graphic file (type pdf)
<use temp41-eps-converted-to.pdf>
Package pdftex.def Info: temp41-eps-converted-to.pdf  used on input line 1096.
(pdftex.def)             Requested size: 280.04555pt x 103.38599pt.

:tex2html_wrap_indisplay3006:lthtmlCropMarkHeight:=109.38599pt

:tex2html_wrap_indisplay3006:lthtmlCropMarkDepth:=0.0pt:1ex:=5.16667pt
[139 </home/fred-olav/afgv/book/temp41-eps-converted-to.pdf>]

:tex2html_wrap_inline3010:lthtmlCropMarkHeight:=17.41476pt

:tex2html_wrap_inline3010:lthtmlCropMarkDepth:=4.13809pt:1ex:=5.16667pt
[140]

:tex2html_wrap_inline3012:lthtmlCropMarkHeight:=15.51027pt

:tex2html_wrap_inline3012:lthtmlCropMarkDepth:=0.0pt:1ex:=5.16667pt
[141]
Package epstopdf Info: Source file: <temp42.eps>
(epstopdf)                    date: 2020-06-12 13:07:23
(epstopdf)                    size: 10773 bytes
(epstopdf)             Output file: <temp42-eps-converted-to.pdf>
(epstopdf)                    date: 2020-09-14 10:13:47
(epstopdf)                    size: 10066 bytes
(epstopdf)             Command: <repstopdf --outfile=temp42-eps-converted-to.pd
f temp42.eps>
(epstopdf)             \includegraphics on input line 1114.
Package epstopdf Info: Output file is already uptodate.
<temp42-eps-converted-to.pdf, id=1071, 302.12875pt x 177.66376pt>
File: temp42-eps-converted-to.pdf Graphic file (type pdf)
<use temp42-eps-converted-to.pdf>
Package pdftex.def Info: temp42-eps-converted-to.pdf  used on input line 1114.
(pdftex.def)             Requested size: 302.128pt x 177.66331pt.

:tex2html_wrap_indisplay3014:lthtmlCropMarkHeight:=183.66331pt

:tex2html_wrap_indisplay3014:lthtmlCropMarkDepth:=0.0pt:1ex:=5.16667pt
[142 </home/fred-olav/afgv/book/temp42-eps-converted-to.pdf>]
Package epstopdf Info: Source file: <temp47.eps>
(epstopdf)                    date: 2020-06-12 13:07:23
(epstopdf)                    size: 10012 bytes
(epstopdf)             Output file: <temp47-eps-converted-to.pdf>
(epstopdf)                    date: 2020-09-14 10:13:47
(epstopdf)                    size: 11634 bytes
(epstopdf)             Command: <repstopdf --outfile=temp47-eps-converted-to.pd
f temp47.eps>
(epstopdf)             \includegraphics on input line 1120.
Package epstopdf Info: Output file is already uptodate.
<temp47-eps-converted-to.pdf, id=1086, 405.515pt x 188.705pt>
File: temp47-eps-converted-to.pdf Graphic file (type pdf)
<use temp47-eps-converted-to.pdf>
Package pdftex.def Info: temp47-eps-converted-to.pdf  used on input line 1120.
(pdftex.def)             Requested size: 405.51399pt x 188.70453pt.

:tex2html_wrap_indisplay3018:lthtmlCropMarkHeight:=194.70453pt

:tex2html_wrap_indisplay3018:lthtmlCropMarkDepth:=0.0pt:1ex:=5.16667pt
[143 </home/fred-olav/afgv/book/temp47-eps-converted-to.pdf>]

:tex2html_wrap_inline3020:lthtmlCropMarkHeight:=14.33331pt

:tex2html_wrap_inline3020:lthtmlCropMarkDepth:=0.0pt:1ex:=5.16667pt
[144]

:tex2html_wrap_inline3022:lthtmlCropMarkHeight:=15.0pt

:tex2html_wrap_inline3022:lthtmlCropMarkDepth:=3.0pt:1ex:=5.16667pt
[145]

:tex2html_wrap_indisplay3024:lthtmlCropMarkHeight:=23.40013pt

:tex2html_wrap_indisplay3024:lthtmlCropMarkDepth:=13.16034pt:1ex:=5.16667pt
[146]

:tex2html_wrap_indisplay3026:lthtmlCropMarkHeight:=125.19983pt

:tex2html_wrap_indisplay3026:lthtmlCropMarkDepth:=0.0pt:1ex:=5.16667pt
[147]

:tex2html_wrap_inline3028:lthtmlCropMarkHeight:=14.2pt

:tex2html_wrap_inline3028:lthtmlCropMarkDepth:=0.0pt:1ex:=5.16667pt
[148]

:tex2html_wrap_inline3030:lthtmlCropMarkHeight:=15.0pt

:tex2html_wrap_inline3030:lthtmlCropMarkDepth:=3.0pt:1ex:=5.16667pt
[149]

:tex2html_wrap_inline3032:lthtmlCropMarkHeight:=15.0pt

:tex2html_wrap_inline3032:lthtmlCropMarkDepth:=3.0pt:1ex:=5.16667pt
[150]
Package epstopdf Info: Source file: <temp48.eps>
(epstopdf)                    date: 2020-06-12 13:07:23
(epstopdf)                    size: 9032 bytes
(epstopdf)             Output file: <temp48-eps-converted-to.pdf>
(epstopdf)                    date: 2020-09-14 10:13:48
(epstopdf)                    size: 5434 bytes
(epstopdf)             Command: <repstopdf --outfile=temp48-eps-converted-to.pd
f temp48.eps>
(epstopdf)             \includegraphics on input line 1189.
Package epstopdf Info: Output file is already uptodate.
<temp48-eps-converted-to.pdf, id=1137, 427.5975pt x 102.3825pt>
File: temp48-eps-converted-to.pdf Graphic file (type pdf)
<use temp48-eps-converted-to.pdf>
Package pdftex.def Info: temp48-eps-converted-to.pdf  used on input line 1189.
(pdftex.def)             Requested size: 427.59645pt x 102.38225pt.

:tex2html_wrap_indisplay3034:lthtmlCropMarkHeight:=108.38225pt

:tex2html_wrap_indisplay3034:lthtmlCropMarkDepth:=0.0pt:1ex:=5.16667pt
[151 </home/fred-olav/afgv/book/temp48-eps-converted-to.pdf>]

:tex2html_wrap_indisplay3042:lthtmlCropMarkHeight:=23.40013pt

:tex2html_wrap_indisplay3042:lthtmlCropMarkDepth:=11.40015pt:1ex:=5.16667pt
[152]

:tex2html_wrap_indisplay3046:lthtmlCropMarkHeight:=23.40013pt

:tex2html_wrap_indisplay3046:lthtmlCropMarkDepth:=11.40015pt:1ex:=5.16667pt
[153]

:tex2html_wrap_indisplay3048:lthtmlCropMarkHeight:=22.31808pt

:tex2html_wrap_indisplay3048:lthtmlCropMarkDepth:=13.16034pt:1ex:=5.16667pt
[154]

:tex2html_wrap_indisplay3050:lthtmlCropMarkHeight:=22.31808pt

:tex2html_wrap_indisplay3050:lthtmlCropMarkDepth:=13.16034pt:1ex:=5.16667pt
[155]

:tex2html_wrap_indisplay3056:lthtmlCropMarkHeight:=23.40013pt

:tex2html_wrap_indisplay3056:lthtmlCropMarkDepth:=11.40015pt:1ex:=5.16667pt
[156]

:tex2html_wrap_indisplay3058:lthtmlCropMarkHeight:=23.40013pt

:tex2html_wrap_indisplay3058:lthtmlCropMarkDepth:=11.40015pt:1ex:=5.16667pt
[157]

:tex2html_wrap_indisplay3060:lthtmlCropMarkHeight:=23.40013pt

:tex2html_wrap_indisplay3060:lthtmlCropMarkDepth:=11.40015pt:1ex:=5.16667pt
[158]
Package epstopdf Info: Source file: <temp51.eps>
(epstopdf)                    date: 2020-06-12 13:07:23
(epstopdf)                    size: 837917 bytes
(epstopdf)             Output file: <temp51-eps-converted-to.pdf>
(epstopdf)                    date: 2020-09-14 10:13:52
(epstopdf)                    size: 663707 bytes
(epstopdf)             Command: <repstopdf --outfile=temp51-eps-converted-to.pd
f temp51.eps>
(epstopdf)             \includegraphics on input line 1239.
Package epstopdf Info: Output file is already uptodate.
<temp51-eps-converted-to.pdf, id=1180, 557.08125pt x 418.56375pt>
File: temp51-eps-converted-to.pdf Graphic file (type pdf)
<use temp51-eps-converted-to.pdf>
Package pdftex.def Info: temp51-eps-converted-to.pdf  used on input line 1239.
(pdftex.def)             Requested size: 433.62pt x 325.80779pt.

:tex2html_wrap_indisplay3070:lthtmlCropMarkHeight:=331.80779pt

:tex2html_wrap_indisplay3070:lthtmlCropMarkDepth:=0.0pt:1ex:=5.16667pt
[159 </home/fred-olav/afgv/book/temp51-eps-converted-to.pdf>]
Package epstopdf Info: Source file: <temp52.eps>
(epstopdf)                    date: 2020-06-12 13:07:23
(epstopdf)                    size: 854317 bytes
(epstopdf)             Output file: <temp52-eps-converted-to.pdf>
(epstopdf)                    date: 2020-09-14 10:13:57
(epstopdf)                    size: 676630 bytes
(epstopdf)             Command: <repstopdf --outfile=temp52-eps-converted-to.pd
f temp52.eps>
(epstopdf)             \includegraphics on input line 1245.
Package epstopdf Info: Output file is already uptodate.
<temp52-eps-converted-to.pdf, id=1187, 557.08125pt x 418.56375pt>
File: temp52-eps-converted-to.pdf Graphic file (type pdf)
<use temp52-eps-converted-to.pdf>
Package pdftex.def Info: temp52-eps-converted-to.pdf  used on input line 1245.
(pdftex.def)             Requested size: 433.62pt x 325.80779pt.

:tex2html_wrap_indisplay3072:lthtmlCropMarkHeight:=331.80779pt

:tex2html_wrap_indisplay3072:lthtmlCropMarkDepth:=0.0pt:1ex:=5.16667pt
[160 </home/fred-olav/afgv/book/temp52-eps-converted-to.pdf>]
Package epstopdf Info: Source file: <temp50.eps>
(epstopdf)                    date: 2020-06-12 13:07:23
(epstopdf)                    size: 874033 bytes
(epstopdf)             Output file: <temp50-eps-converted-to.pdf>
(epstopdf)                    date: 2020-09-14 10:14:02
(epstopdf)                    size: 692261 bytes
(epstopdf)             Command: <repstopdf --outfile=temp50-eps-converted-to.pd
f temp50.eps>
(epstopdf)             \includegraphics on input line 1251.
Package epstopdf Info: Output file is already uptodate.
<temp50-eps-converted-to.pdf, id=1194, 557.08125pt x 418.56375pt>
File: temp50-eps-converted-to.pdf Graphic file (type pdf)
<use temp50-eps-converted-to.pdf>
Package pdftex.def Info: temp50-eps-converted-to.pdf  used on input line 1251.
(pdftex.def)             Requested size: 433.62pt x 325.80779pt.

:tex2html_wrap_indisplay3078:lthtmlCropMarkHeight:=331.80779pt

:tex2html_wrap_indisplay3078:lthtmlCropMarkDepth:=0.0pt:1ex:=5.16667pt
[161 </home/fred-olav/afgv/book/temp50-eps-converted-to.pdf>]
Package epstopdf Info: Source file: <temp20.eps>
(epstopdf)                    date: 2020-06-12 13:07:23
(epstopdf)                    size: 14965 bytes
(epstopdf)             Output file: <temp20-eps-converted-to.pdf>
(epstopdf)                    date: 2020-09-14 10:14:02
(epstopdf)                    size: 7391 bytes
(epstopdf)             Command: <repstopdf --outfile=temp20-eps-converted-to.pd
f temp20.eps>
(epstopdf)             \includegraphics on input line 1258.
Package epstopdf Info: Output file is already uptodate.
<temp20-eps-converted-to.pdf, id=1201, 222.8325pt x 326.21875pt>
File: temp20-eps-converted-to.pdf Graphic file (type pdf)
<use temp20-eps-converted-to.pdf>
Package pdftex.def Info: temp20-eps-converted-to.pdf  used on input line 1258.
(pdftex.def)             Requested size: 222.83195pt x 326.21794pt.

:tex2html_wrap_indisplay3089:lthtmlCropMarkHeight:=332.21794pt

:tex2html_wrap_indisplay3089:lthtmlCropMarkDepth:=0.0pt:1ex:=5.16667pt
[162 </home/fred-olav/afgv/book/temp20-eps-converted-to.pdf>]
Package epstopdf Info: Source file: <temp21.eps>
(epstopdf)                    date: 2020-06-12 13:07:23
(epstopdf)                    size: 14898 bytes
(epstopdf)             Output file: <temp21-eps-converted-to.pdf>
(epstopdf)                    date: 2020-09-14 10:14:03
(epstopdf)                    size: 7332 bytes
(epstopdf)             Command: <repstopdf --outfile=temp21-eps-converted-to.pd
f temp21.eps>
(epstopdf)             \includegraphics on input line 1264.
Package epstopdf Info: Output file is already uptodate.
<temp21-eps-converted-to.pdf, id=1211, 275.0275pt x 338.26375pt>
File: temp21-eps-converted-to.pdf Graphic file (type pdf)
<use temp21-eps-converted-to.pdf>
Package pdftex.def Info: temp21-eps-converted-to.pdf  used on input line 1264.
(pdftex.def)             Requested size: 275.02682pt x 338.26291pt.

:tex2html_wrap_indisplay3091:lthtmlCropMarkHeight:=344.26291pt

:tex2html_wrap_indisplay3091:lthtmlCropMarkDepth:=0.0pt:1ex:=5.16667pt
[163 </home/fred-olav/afgv/book/temp21-eps-converted-to.pdf>]
Package epstopdf Info: Source file: <thermowell_1.eps>
(epstopdf)                    date: 2020-06-12 13:07:23
(epstopdf)                    size: 45010 bytes
(epstopdf)             Output file: <thermowell_1-eps-converted-to.pdf>
(epstopdf)                    date: 2020-09-14 10:14:03
(epstopdf)                    size: 37475 bytes
(epstopdf)             Command: <repstopdf --outfile=thermowell_1-eps-converted
-to.pdf thermowell_1.eps>
(epstopdf)             \includegraphics on input line 1270.
Package epstopdf Info: Output file is already uptodate.
<thermowell_1-eps-converted-to.pdf, id=1221, 557.08125pt x 370.38374pt>
File: thermowell_1-eps-converted-to.pdf Graphic file (type pdf)
<use thermowell_1-eps-converted-to.pdf>
Package pdftex.def Info: thermowell_1-eps-converted-to.pdf  used on input line 
1270.
(pdftex.def)             Requested size: 180.67499pt x 120.12462pt.
Package epstopdf Info: Source file: <thermowell_1_closeup.eps>
(epstopdf)                    date: 2020-06-12 13:07:23
(epstopdf)                    size: 56228 bytes
(epstopdf)             Output file: <thermowell_1_closeup-eps-converted-to.pdf>

(epstopdf)                    date: 2020-09-14 10:14:04
(epstopdf)                    size: 46312 bytes
(epstopdf)             Command: <repstopdf --outfile=thermowell_1_closeup-eps-c
onverted-to.pdf thermowell_1_closeup.eps>
(epstopdf)             \includegraphics on input line 1270.
Package epstopdf Info: Output file is already uptodate.
<thermowell_1_closeup-eps-converted-to.pdf, id=1222, 557.08125pt x 370.38374pt>

File: thermowell_1_closeup-eps-converted-to.pdf Graphic file (type pdf)
<use thermowell_1_closeup-eps-converted-to.pdf>
Package pdftex.def Info: thermowell_1_closeup-eps-converted-to.pdf  used on inp
ut line 1270.
(pdftex.def)             Requested size: 180.67499pt x 120.12462pt.

:tex2html_wrap_indisplay3093:lthtmlCropMarkHeight:=126.12462pt

:tex2html_wrap_indisplay3093:lthtmlCropMarkDepth:=0.0pt:1ex:=5.16667pt
[164 </home/fred-olav/afgv/book/thermowell_1-eps-converted-to.pdf> </home/fred-
olav/afgv/book/thermowell_1_closeup-eps-converted-to.pdf>]
Package epstopdf Info: Source file: <rtd_head.eps>
(epstopdf)                    date: 2020-06-12 13:07:23
(epstopdf)                    size: 71532 bytes
(epstopdf)             Output file: <rtd_head-eps-converted-to.pdf>
(epstopdf)                    date: 2020-09-14 10:14:04
(epstopdf)                    size: 58361 bytes
(epstopdf)             Command: <repstopdf --outfile=rtd_head-eps-converted-to.
pdf rtd_head.eps>
(epstopdf)             \includegraphics on input line 1276.
Package epstopdf Info: Output file is already uptodate.
<rtd_head-eps-converted-to.pdf, id=1231, 557.08125pt x 370.38374pt>
File: rtd_head-eps-converted-to.pdf Graphic file (type pdf)
<use rtd_head-eps-converted-to.pdf>
Package pdftex.def Info: rtd_head-eps-converted-to.pdf  used on input line 1276
.
(pdftex.def)             Requested size: 361.34999pt x 240.25488pt.

:tex2html_wrap_indisplay3095:lthtmlCropMarkHeight:=246.25488pt

:tex2html_wrap_indisplay3095:lthtmlCropMarkDepth:=0.0pt:1ex:=5.16667pt
[165 </home/fred-olav/afgv/book/rtd_head-eps-converted-to.pdf>]
Package epstopdf Info: Source file: <rtd_xmtr.eps>
(epstopdf)                    date: 2020-06-12 13:07:23
(epstopdf)                    size: 164485 bytes
(epstopdf)             Output file: <rtd_xmtr-eps-converted-to.pdf>
(epstopdf)                    date: 2020-09-14 10:14:05
(epstopdf)                    size: 155305 bytes
(epstopdf)             Command: <repstopdf --outfile=rtd_xmtr-eps-converted-to.
pdf rtd_xmtr.eps>
(epstopdf)             \includegraphics on input line 1282.
Package epstopdf Info: Output file is already uptodate.
<rtd_xmtr-eps-converted-to.pdf, id=1238, 557.08125pt x 370.38374pt>
File: rtd_xmtr-eps-converted-to.pdf Graphic file (type pdf)
<use rtd_xmtr-eps-converted-to.pdf>
Package pdftex.def Info: rtd_xmtr-eps-converted-to.pdf  used on input line 1282
.
(pdftex.def)             Requested size: 361.34999pt x 240.25488pt.

:tex2html_wrap_indisplay3097:lthtmlCropMarkHeight:=246.25488pt

:tex2html_wrap_indisplay3097:lthtmlCropMarkDepth:=0.0pt:1ex:=5.16667pt
[166 </home/fred-olav/afgv/book/rtd_xmtr-eps-converted-to.pdf>]

:tex2html_wrap_inline3103:lthtmlCropMarkHeight:=14.2pt

:tex2html_wrap_inline3103:lthtmlCropMarkDepth:=0.0pt:1ex:=5.16667pt
[167]

:tex2html_wrap_inline3105:lthtmlCropMarkHeight:=16.83109pt

:tex2html_wrap_inline3105:lthtmlCropMarkDepth:=4.13809pt:1ex:=5.16667pt
[168]

:tex2html_wrap_inline3107:lthtmlCropMarkHeight:=11.16667pt

:tex2html_wrap_inline3107:lthtmlCropMarkDepth:=0.0pt:1ex:=5.16667pt
[169]

:tex2html_wrap_inline3109:lthtmlCropMarkHeight:=13.73332pt

:tex2html_wrap_inline3109:lthtmlCropMarkDepth:=0.0pt:1ex:=5.16667pt
[170] (./images.aux)

Package rerunfilecheck Warning: File `images.out' has changed.
(rerunfilecheck)                Rerun to get outlines right
(rerunfilecheck)                or use package `bookmark'.

Package rerunfilecheck Info: Checksums for `images.out':
(rerunfilecheck)             Before: <no file>
(rerunfilecheck)             After:  D41D8CD98F00B204E9800998ECF8427E;0.
 ) 
Here is how much of TeX's memory you used:
 11315 strings out of 478994
 165499 string characters out of 5864751
 650458 words of memory out of 5000000
 28417 multiletter control sequences out of 15000+600000
 407600 words of font info for 42 fonts, out of 8000000 for 9000
 1141 hyphenation exceptions out of 8191
 71i,8n,74p,278b,328s stack positions out of 5000i,500n,10000p,200000b,80000s
</usr/share/texmf-dist/fonts/type1/public/amsfonts/cm/cmbx12.pfb></usr/share/
texmf-dist/fonts/type1/public/amsfonts/cm/cmex10.pfb></usr/share/texmf-dist/fon
ts/type1/public/amsfonts/cm/cmmi12.pfb></usr/share/texmf-dist/fonts/type1/publi
c/amsfonts/cm/cmmi8.pfb></usr/share/texmf-dist/fonts/type1/public/amsfonts/cm/c
mr12.pfb></usr/share/texmf-dist/fonts/type1/public/amsfonts/cm/cmr6.pfb></usr/s
hare/texmf-dist/fonts/type1/public/amsfonts/cm/cmr8.pfb></usr/share/texmf-dist/
fonts/type1/public/amsfonts/cm/cmsy10.pfb></usr/share/texmf-dist/fonts/type1/pu
blic/amsfonts/cm/cmsy8.pfb></usr/share/texmf-dist/fonts/type1/public/amsfonts/c
m/cmti12.pfb>
Output written on images.pdf (170 pages, 3602821 bytes).
PDF statistics:
 1337 PDF objects out of 1440 (max. 8388607)
 938 compressed objects within 10 object streams
 170 named destinations out of 1000 (max. 500000)
 326 words of extra memory for PDF output out of 10000 (max. 10000000)

