This is pdfTeX, Version 3.141592653-2.6-1.40.22 (TeX Live 2021/Arch Linux) (preloaded format=pdflatex 2021.8.3)  5 SEP 2021 22:49
entering extended mode
 restricted \write18 enabled.
 %&-line parsing enabled.
**./images.tex
(./images.tex
LaTeX2e <2020-10-01> patch level 4
L3 programming layer <2021-02-18>
(/usr/share/texmf-dist/tex/latex/base/book.cls
Document Class: book 2020/04/10 v1.4m Standard LaTeX document class
(/usr/share/texmf-dist/tex/latex/base/bk12.clo
File: bk12.clo 2020/04/10 v1.4m Standard LaTeX file (size option)
)
\c@part=\count179
\c@chapter=\count180
\c@section=\count181
\c@subsection=\count182
\c@subsubsection=\count183
\c@paragraph=\count184
\c@subparagraph=\count185
\c@figure=\count186
\c@table=\count187
\abovecaptionskip=\skip47
\belowcaptionskip=\skip48
\bibindent=\dimen138
) (/usr/share/texmf-dist/tex/latex/base/ifthen.sty
Package: ifthen 2014/09/29 v1.1c Standard LaTeX ifthen package (DPC)
) (/usr/share/texmf-dist/tex/generic/ulem/ulem.sty
\UL@box=\box47
\UL@hyphenbox=\box48
\UL@skip=\skip49
\UL@hook=\toks15
\UL@height=\dimen139
\UL@pe=\count188
\UL@pixel=\dimen140
\ULC@box=\box49
Package: ulem 2019/11/18
\ULdepth=\dimen141
) (/usr/share/texmf-dist/tex/latex/base/makeidx.sty
Package: makeidx 2014/09/29 v1.0m Standard LaTeX package
) (/usr/share/texmf-dist/tex/latex/graphics/graphicx.sty
Package: graphicx 2020/09/09 v1.2b Enhanced LaTeX Graphics (DPC,SPQR)
(/usr/share/texmf-dist/tex/latex/graphics/keyval.sty
Package: keyval 2014/10/28 v1.15 key=value parser (DPC)
\KV@toks@=\toks16
) (/usr/share/texmf-dist/tex/latex/graphics/graphics.sty
Package: graphics 2020/08/30 v1.4c Standard LaTeX Graphics (DPC,SPQR)
(/usr/share/texmf-dist/tex/latex/graphics/trig.sty
Package: trig 2016/01/03 v1.10 sin cos tan (DPC)
) (/usr/share/texmf-dist/tex/latex/graphics-cfg/graphics.cfg
File: graphics.cfg 2016/06/04 v1.11 sample graphics configuration
)
Package graphics Info: Driver file: dvips.def on input line 105.
(/usr/share/texmf-dist/tex/latex/graphics-def/dvips.def
File: dvips.def 2017/06/20 v3.1d Graphics/color driver for dvips
))
\Gin@req@height=\dimen142
\Gin@req@width=\dimen143
) (/usr/share/texmf-dist/tex/latex/tools/array.sty
Package: array 2020/10/01 v2.5c Tabular extension package (FMi)
\col@sep=\dimen144
\ar@mcellbox=\box50
\extrarowheight=\dimen145
\NC@list=\toks17
\extratabsurround=\skip50
\backup@length=\skip51
\ar@cellbox=\box51
) (/usr/share/texmf-dist/tex/latex/amsmath/amsmath.sty
Package: amsmath 2020/09/23 v2.17i AMS math features
\@mathmargin=\skip52
For additional information on amsmath, use the `?' option.
(/usr/share/texmf-dist/tex/latex/amsmath/amstext.sty
Package: amstext 2000/06/29 v2.01 AMS text
(/usr/share/texmf-dist/tex/latex/amsmath/amsgen.sty
File: amsgen.sty 1999/11/30 v2.0 generic functions
\@emptytoks=\toks18
\ex@=\dimen146
)) (/usr/share/texmf-dist/tex/latex/amsmath/amsbsy.sty
Package: amsbsy 1999/11/29 v1.2d Bold Symbols
\pmbraise@=\dimen147
) (/usr/share/texmf-dist/tex/latex/amsmath/amsopn.sty
Package: amsopn 2016/03/08 v2.02 operator names
)
\inf@bad=\count189
LaTeX Info: Redefining \frac on input line 234.
\uproot@=\count190
\leftroot@=\count191
LaTeX Info: Redefining \overline on input line 399.
\classnum@=\count192
\DOTSCASE@=\count193
LaTeX Info: Redefining \ldots on input line 496.
LaTeX Info: Redefining \dots on input line 499.
LaTeX Info: Redefining \cdots on input line 620.
\Mathstrutbox@=\box52
\strutbox@=\box53
\big@size=\dimen148
LaTeX Font Info:    Redeclaring font encoding OML on input line 743.
LaTeX Font Info:    Redeclaring font encoding OMS on input line 744.
\macc@depth=\count194
\c@MaxMatrixCols=\count195
\dotsspace@=\muskip16
\c@parentequation=\count196
\dspbrk@lvl=\count197
\tag@help=\toks19
\row@=\count198
\column@=\count199
\maxfields@=\count266
\andhelp@=\toks20
\eqnshift@=\dimen149
\alignsep@=\dimen150
\tagshift@=\dimen151
\tagwidth@=\dimen152
\totwidth@=\dimen153
\lineht@=\dimen154
\@envbody=\toks21
\multlinegap=\skip53
\multlinetaggap=\skip54
\mathdisplay@stack=\toks22
LaTeX Info: Redefining \[ on input line 2923.
LaTeX Info: Redefining \] on input line 2924.
) (/usr/share/texmf-dist/tex/latex/xcolor/xcolor.sty
Package: xcolor 2016/05/11 v2.12 LaTeX color extensions (UK)
(/usr/share/texmf-dist/tex/latex/graphics-cfg/color.cfg
File: color.cfg 2016/01/02 v1.6 sample color configuration
)
Package xcolor Info: Driver file: pdftex.def on input line 225.
(/usr/share/texmf-dist/tex/latex/graphics-def/pdftex.def
File: pdftex.def 2020/10/05 v1.2a Graphics/color driver for pdftex
)
Package xcolor Info: Model `cmy' substituted by `cmy0' on input line 1348.
Package xcolor Info: Model `RGB' extended on input line 1364.
Package xcolor Info: Model `HTML' substituted by `rgb' on input line 1366.
Package xcolor Info: Model `Hsb' substituted by `hsb' on input line 1367.
Package xcolor Info: Model `tHsb' substituted by `hsb' on input line 1368.
Package xcolor Info: Model `HSB' substituted by `hsb' on input line 1369.
Package xcolor Info: Model `Gray' substituted by `gray' on input line 1370.
Package xcolor Info: Model `wave' substituted by `hsb' on input line 1371.
) (/usr/share/texmf-dist/tex/latex/listings/listings.sty
\lst@mode=\count267
\lst@gtempboxa=\box54
\lst@token=\toks23
\lst@length=\count268
\lst@currlwidth=\dimen155
\lst@column=\count269
\lst@pos=\count270
\lst@lostspace=\dimen156
\lst@width=\dimen157
\lst@newlines=\count271
\lst@lineno=\count272
\lst@maxwidth=\dimen158
(/usr/share/texmf-dist/tex/latex/listings/lstmisc.sty
File: lstmisc.sty 2020/03/24 1.8d (Carsten Heinz)
\c@lstnumber=\count273
\lst@skipnumbers=\count274
\lst@framebox=\box55
) (/usr/share/texmf-dist/tex/latex/listings/listings.cfg
File: listings.cfg 2020/03/24 1.8d listings configuration
))
Package: listings 2020/03/24 1.8d (Carsten Heinz)
(/usr/share/texmf-dist/tex/latex/makecell/makecell.sty
Package: makecell 2009/08/03 V0.1e Managing of Tab Column Heads and Cells
\rotheadsize=\dimen159
\c@nlinenum=\count275
\TeXr@lab=\toks24
) (/usr/share/texmf-dist/tex/latex/hyperref/hyperref.sty
Package: hyperref 2021-02-27 v7.00k Hypertext links for LaTeX
(/usr/share/texmf-dist/tex/generic/ltxcmds/ltxcmds.sty
Package: ltxcmds 2020-05-10 v1.25 LaTeX kernel commands for general use (HO)
) (/usr/share/texmf-dist/tex/generic/iftex/iftex.sty
Package: iftex 2020/03/06 v1.0d TeX engine tests
) (/usr/share/texmf-dist/tex/generic/pdftexcmds/pdftexcmds.sty
Package: pdftexcmds 2020-06-27 v0.33 Utility functions of pdfTeX for LuaTeX (HO
)
(/usr/share/texmf-dist/tex/generic/infwarerr/infwarerr.sty
Package: infwarerr 2019/12/03 v1.5 Providing info/warning/error messages (HO)
)
Package pdftexcmds Info: \pdf@primitive is available.
Package pdftexcmds Info: \pdf@ifprimitive is available.
Package pdftexcmds Info: \pdfdraftmode found.
) (/usr/share/texmf-dist/tex/generic/kvsetkeys/kvsetkeys.sty
Package: kvsetkeys 2019/12/15 v1.18 Key value parser (HO)
) (/usr/share/texmf-dist/tex/generic/kvdefinekeys/kvdefinekeys.sty
Package: kvdefinekeys 2019-12-19 v1.6 Define keys (HO)
) (/usr/share/texmf-dist/tex/generic/pdfescape/pdfescape.sty
Package: pdfescape 2019/12/09 v1.15 Implements pdfTeX's escape features (HO)
) (/usr/share/texmf-dist/tex/latex/hycolor/hycolor.sty
Package: hycolor 2020-01-27 v1.10 Color options for hyperref/bookmark (HO)
) (/usr/share/texmf-dist/tex/latex/letltxmacro/letltxmacro.sty
Package: letltxmacro 2019/12/03 v1.6 Let assignment for LaTeX macros (HO)
) (/usr/share/texmf-dist/tex/latex/auxhook/auxhook.sty
Package: auxhook 2019-12-17 v1.6 Hooks for auxiliary files (HO)
) (/usr/share/texmf-dist/tex/latex/kvoptions/kvoptions.sty
Package: kvoptions 2020-10-07 v3.14 Key value format for package options (HO)
)
\@linkdim=\dimen160
\Hy@linkcounter=\count276
\Hy@pagecounter=\count277
(/usr/share/texmf-dist/tex/latex/hyperref/pd1enc.def
File: pd1enc.def 2021-02-27 v7.00k Hyperref: PDFDocEncoding definition (HO)
Now handling font encoding PD1 ...
... no UTF-8 mapping file for font encoding PD1
) (/usr/share/texmf-dist/tex/latex/hyperref/hyperref-langpatches.def
File: hyperref-langpatches.def 2021-02-27 v7.00k Hyperref: patches for babel la
nguages
) (/usr/share/texmf-dist/tex/generic/intcalc/intcalc.sty
Package: intcalc 2019/12/15 v1.3 Expandable calculations with integers (HO)
) (/usr/share/texmf-dist/tex/generic/etexcmds/etexcmds.sty
Package: etexcmds 2019/12/15 v1.7 Avoid name clashes with e-TeX commands (HO)
)
\Hy@SavedSpaceFactor=\count278
(/usr/share/texmf-dist/tex/latex/hyperref/puenc.def
File: puenc.def 2021-02-27 v7.00k Hyperref: PDF Unicode definition (HO)
Now handling font encoding PU ...
... no UTF-8 mapping file for font encoding PU
)
Package hyperref Info: Option `colorlinks' set `true' on input line 4073.
Package hyperref Info: Option `breaklinks' set `true' on input line 4073.
Package hyperref Info: Option `hyperindex' set `true' on input line 4073.
Package hyperref Info: Hyper figures OFF on input line 4192.
Package hyperref Info: Link nesting OFF on input line 4197.
Package hyperref Info: Hyper index ON on input line 4200.
Package hyperref Info: Plain pages OFF on input line 4207.
Package hyperref Info: Backreferencing OFF on input line 4212.
Package hyperref Info: Implicit mode ON; LaTeX internals redefined.
Package hyperref Info: Bookmarks ON on input line 4445.
\c@Hy@tempcnt=\count279
(/usr/share/texmf-dist/tex/latex/url/url.sty
\Urlmuskip=\muskip17
Package: url 2013/09/16  ver 3.4  Verb mode for urls, etc.
)
LaTeX Info: Redefining \url on input line 4804.
\XeTeXLinkMargin=\dimen161
(/usr/share/texmf-dist/tex/generic/bitset/bitset.sty
Package: bitset 2019/12/09 v1.3 Handle bit-vector datatype (HO)
(/usr/share/texmf-dist/tex/generic/bigintcalc/bigintcalc.sty
Package: bigintcalc 2019/12/15 v1.5 Expandable calculations on big integers (HO
)
))
\Fld@menulength=\count280
\Field@Width=\dimen162
\Fld@charsize=\dimen163
Package hyperref Info: Hyper figures OFF on input line 6075.
Package hyperref Info: Link nesting OFF on input line 6080.
Package hyperref Info: Hyper index ON on input line 6083.
Package hyperref Info: backreferencing OFF on input line 6090.
Package hyperref Info: Link coloring ON on input line 6093.
Package hyperref Info: Link coloring with OCG OFF on input line 6100.
Package hyperref Info: PDF/A mode OFF on input line 6105.
LaTeX Info: Redefining \ref on input line 6145.
LaTeX Info: Redefining \pageref on input line 6149.
(/usr/share/texmf-dist/tex/latex/base/atbegshi-ltx.sty
Package: atbegshi-ltx 2020/08/17 v1.0a Emulation of the original atbegshi packa
ge
with kernel methods
)
\Hy@abspage=\count281
\c@Item=\count282
\c@Hfootnote=\count283
)
Package hyperref Info: Driver (autodetected): hpdftex.
(/usr/share/texmf-dist/tex/latex/hyperref/hpdftex.def
File: hpdftex.def 2021-02-27 v7.00k Hyperref driver for pdfTeX
(/usr/share/texmf-dist/tex/latex/base/atveryend-ltx.sty
Package: atveryend-ltx 2020/08/19 v1.0a Emulation of the original atvery packag
e
with kernel methods
)
\Fld@listcount=\count284
\c@bookmark@seq@number=\count285
(/usr/share/texmf-dist/tex/latex/rerunfilecheck/rerunfilecheck.sty
Package: rerunfilecheck 2019/12/05 v1.9 Rerun checks for auxiliary files (HO)
(/usr/share/texmf-dist/tex/generic/uniquecounter/uniquecounter.sty
Package: uniquecounter 2019/12/15 v1.4 Provide unlimited unique counter (HO)
)
Package uniquecounter Info: New unique counter `rerunfilecheck' on input line 2
86.
)
\Hy@SectionHShift=\skip55
) (/usr/share/texmf-dist/tex/latex/listings/lstlang1.sty
File: lstlang1.sty 2020/03/24 1.8d listings language file
) (/usr/share/texmf-dist/tex/latex/listings/lstmisc.sty
File: lstmisc.sty 2020/03/24 1.8d (Carsten Heinz)
)
\@indexfile=\write3
\openout3 = `images.idx'.

Writing index file images.idx
\sizebox=\box56
\lthtmlwrite=\write4
(/usr/share/texmf-dist/tex/latex/preview/preview.sty
Package: preview 2017/04/24 12.3 (AUCTeX/preview-latex)
(/usr/share/texmf-dist/tex/generic/luatex85/luatex85.sty
Package: luatex85 2016/06/15 v1.4 pdftex aliases for luatex
) (/usr/share/texmf-dist/tex/latex/preview/prtightpage.def
\PreviewBorder=\dimen164
)
\pr@snippet=\count286
\pr@box=\box57
\pr@output=\toks25
)
\lthtmlPageBox=\box58
\lthtmlCropMarkHeight=\dimen165
\lthtmlCropMarkDepth=\dimen166
(/usr/share/texmf-dist/tex/latex/l3backend/l3backend-pdftex.def
File: l3backend-pdftex.def 2021-03-18 L3 backend support: PDF output (pdfTeX)
\l__color_backend_stack_int=\count287
\l__pdf_internal_box=\box59
)

LaTeX Warning: Unused global option(s):
    [margin=2cm].

(./images.aux)
\openout1 = `images.aux'.

LaTeX Font Info:    Checking defaults for OML/cmm/m/it on input line 161.
LaTeX Font Info:    ... okay on input line 161.
LaTeX Font Info:    Checking defaults for OMS/cmsy/m/n on input line 161.
LaTeX Font Info:    ... okay on input line 161.
LaTeX Font Info:    Checking defaults for OT1/cmr/m/n on input line 161.
LaTeX Font Info:    ... okay on input line 161.
LaTeX Font Info:    Checking defaults for T1/cmr/m/n on input line 161.
LaTeX Font Info:    ... okay on input line 161.
LaTeX Font Info:    Checking defaults for TS1/cmr/m/n on input line 161.
LaTeX Font Info:    ... okay on input line 161.
LaTeX Font Info:    Checking defaults for OMX/cmex/m/n on input line 161.
LaTeX Font Info:    ... okay on input line 161.
LaTeX Font Info:    Checking defaults for U/cmr/m/n on input line 161.
LaTeX Font Info:    ... okay on input line 161.
LaTeX Font Info:    Checking defaults for PD1/pdf/m/n on input line 161.
LaTeX Font Info:    ... okay on input line 161.
LaTeX Font Info:    Checking defaults for PU/pdf/m/n on input line 161.
LaTeX Font Info:    ... okay on input line 161.
(/usr/share/texmf-dist/tex/context/base/mkii/supp-pdf.mkii
[Loading MPS to PDF converter (version 2006.09.02).]
\scratchcounter=\count288
\scratchdimen=\dimen167
\scratchbox=\box60
\nofMPsegments=\count289
\nofMParguments=\count290
\everyMPshowfont=\toks26
\MPscratchCnt=\count291
\MPscratchDim=\dimen168
\MPnumerator=\count292
\makeMPintoPDFobject=\count293
\everyMPtoPDFconversion=\toks27
) (/usr/share/texmf-dist/tex/latex/epstopdf-pkg/epstopdf-base.sty
Package: epstopdf-base 2020-01-24 v2.11 Base part for package epstopdf
(/usr/share/texmf-dist/tex/latex/grfext/grfext.sty
Package: grfext 2019/12/03 v1.3 Manage graphics extensions (HO)
)
Package epstopdf-base Info: Redefining graphics rule for `.eps' on input line 4
85.
Package grfext Info: Graphics extension search list:
(grfext)             [.pdf,.png,.jpg,.mps,.jpeg,.jbig2,.jb2,.PDF,.PNG,.JPG,.JPE
G,.JBIG2,.JB2,.eps]
(grfext)             \AppendGraphicsExtensions on input line 504.
(/usr/share/texmf-dist/tex/latex/latexconfig/epstopdf-sys.cfg
File: epstopdf-sys.cfg 2010/07/13 v1.3 Configuration of (r)epstopdf for TeX Liv
e
))
\c@lstlisting=\count294
Package hyperref Info: Link coloring ON on input line 161.
(/usr/share/texmf-dist/tex/latex/hyperref/nameref.sty
Package: nameref 2021-04-02 v2.47 Cross-referencing by name of section
(/usr/share/texmf-dist/tex/latex/refcount/refcount.sty
Package: refcount 2019/12/15 v3.6 Data extraction from label references (HO)
) (/usr/share/texmf-dist/tex/generic/gettitlestring/gettitlestring.sty
Package: gettitlestring 2019/12/15 v1.6 Cleanup title references (HO)
)
\c@section@level=\count295
)
LaTeX Info: Redefining \ref on input line 161.
LaTeX Info: Redefining \pageref on input line 161.
LaTeX Info: Redefining \nameref on input line 161.
\@outlinefile=\write5
\openout5 = `images.out'.

Preview: Fontsize 12pt
Preview: PDFoutput 1

latex2htmlLength hsize=349.0pt

latex2htmlLength vsize=676.8738pt

latex2htmlLength hoffset=0.0pt

latex2htmlLength voffset=0.0pt

latex2htmlLength topmargin=0.0pt

latex2htmlLength topskip=0.00003pt

latex2htmlLength headheight=0.0pt

latex2htmlLength headsep=0.0pt

latex2htmlLength parskip=11.74988pt

latex2htmlLength oddsidemargin=0.0pt

latex2htmlLength evensidemargin=0.0pt

Package epstopdf Info: Source file: <calibrate01.eps>
(epstopdf)                    date: 2021-04-09 18:35:52
(epstopdf)                    size: 11128 bytes
(epstopdf)             Output file: <calibrate01-eps-converted-to.pdf>
(epstopdf)                    date: 2021-04-11 20:23:13
(epstopdf)                    size: 6833 bytes
(epstopdf)             Command: <repstopdf --outfile=calibrate01-eps-converted-
to.pdf calibrate01.eps>
(epstopdf)             \includegraphics on input line 189.
Package epstopdf Info: Output file is already uptodate.
<calibrate01-eps-converted-to.pdf, id=4, 273.02pt x 224.84pt>
File: calibrate01-eps-converted-to.pdf Graphic file (type pdf)
<use calibrate01-eps-converted-to.pdf>
Package pdftex.def Info: calibrate01-eps-converted-to.pdf  used on input line 1
89.
(pdftex.def)             Requested size: 273.01933pt x 224.83945pt.

:tex2html_wrap_indisplay1609:lthtmlCropMarkHeight:=230.83945pt

:tex2html_wrap_indisplay1609:lthtmlCropMarkDepth:=0.0pt:1ex:=5.16667pt
Preview: Tightpage -32891 -32891 32891 32891
[1
Non-PDF special ignored!
<special> papersize=597.50787pt,845.04684pt
 </home/fred-olav/afgv/book/calibrate01-eps-converted-to.pdf{/var/lib/texmf/fon
ts/map/pdftex/updmap/pdftex.map}>]
Package epstopdf Info: Source file: <calibrate02.eps>
(epstopdf)                    date: 2021-09-05 15:05:21
(epstopdf)                    size: 12210 bytes
(epstopdf)             Output file: <calibrate02-eps-converted-to.pdf>
(epstopdf)                    date: 2021-09-05 15:29:19
(epstopdf)                    size: 8767 bytes
(epstopdf)             Command: <repstopdf --outfile=calibrate02-eps-converted-
to.pdf calibrate02.eps>
(epstopdf)             \includegraphics on input line 195.
Package epstopdf Info: Output file is already uptodate.
<calibrate02-eps-converted-to.pdf, id=20, 300.12125pt x 224.84pt>
File: calibrate02-eps-converted-to.pdf Graphic file (type pdf)
<use calibrate02-eps-converted-to.pdf>
Package pdftex.def Info: calibrate02-eps-converted-to.pdf  used on input line 1
95.
(pdftex.def)             Requested size: 300.12051pt x 224.83945pt.

:tex2html_wrap_indisplay1611:lthtmlCropMarkHeight:=230.83945pt

:tex2html_wrap_indisplay1611:lthtmlCropMarkDepth:=0.0pt:1ex:=5.16667pt
[2 </home/fred-olav/afgv/book/calibrate02-eps-converted-to.pdf>]

:tex2html_wrap_indisplay1613:lthtmlCropMarkHeight:=14.33331pt

:tex2html_wrap_indisplay1613:lthtmlCropMarkDepth:=2.33331pt:1ex:=5.16667pt
[3]

:tex2html_wrap_inline1615:lthtmlCropMarkHeight:=11.16667pt

:tex2html_wrap_inline1615:lthtmlCropMarkDepth:=2.33331pt:1ex:=5.16667pt
[4]

:tex2html_wrap_inline1617:lthtmlCropMarkHeight:=11.16667pt

:tex2html_wrap_inline1617:lthtmlCropMarkDepth:=0.0pt:1ex:=5.16667pt
[5]

:tex2html_wrap_inline1619:lthtmlCropMarkHeight:=11.16667pt

:tex2html_wrap_inline1619:lthtmlCropMarkDepth:=0.0pt:1ex:=5.16667pt
[6]

:tex2html_wrap_inline1621:lthtmlCropMarkHeight:=14.33331pt

:tex2html_wrap_inline1621:lthtmlCropMarkDepth:=0.0pt:1ex:=5.16667pt
[7]

:tex2html_wrap_indisplay1627:lthtmlCropMarkHeight:=13.73332pt

:tex2html_wrap_indisplay1627:lthtmlCropMarkDepth:=2.33331pt:1ex:=5.16667pt
[8]
Package epstopdf Info: Source file: <calibrate06.eps>
(epstopdf)                    date: 2021-09-05 16:20:17
(epstopdf)                    size: 12658 bytes
(epstopdf)             Output file: <calibrate06-eps-converted-to.pdf>
(epstopdf)                    date: 2021-09-05 16:31:08
(epstopdf)                    size: 11947 bytes
(epstopdf)             Command: <repstopdf --outfile=calibrate06-eps-converted-
to.pdf calibrate06.eps>
(epstopdf)             \includegraphics on input line 239.
Package epstopdf Info: Output file is already uptodate.
<calibrate06-eps-converted-to.pdf, id=64, 272.01625pt x 224.84pt>
File: calibrate06-eps-converted-to.pdf Graphic file (type pdf)
<use calibrate06-eps-converted-to.pdf>
Package pdftex.def Info: calibrate06-eps-converted-to.pdf  used on input line 2
39.
(pdftex.def)             Requested size: 272.01558pt x 224.83945pt.

:tex2html_wrap_indisplay1649:lthtmlCropMarkHeight:=230.83945pt

:tex2html_wrap_indisplay1649:lthtmlCropMarkDepth:=0.0pt:1ex:=5.16667pt
[9 </home/fred-olav/afgv/book/calibrate06-eps-converted-to.pdf>]
Package epstopdf Info: Source file: <calibrate07.eps>
(epstopdf)                    date: 2021-09-05 16:30:58
(epstopdf)                    size: 12319 bytes
(epstopdf)             Output file: <calibrate07-eps-converted-to.pdf>
(epstopdf)                    date: 2021-09-05 16:31:08
(epstopdf)                    size: 11674 bytes
(epstopdf)             Command: <repstopdf --outfile=calibrate07-eps-converted-
to.pdf calibrate07.eps>
(epstopdf)             \includegraphics on input line 245.
Package epstopdf Info: Output file is already uptodate.
<calibrate07-eps-converted-to.pdf, id=84, 264.99pt x 224.84pt>
File: calibrate07-eps-converted-to.pdf Graphic file (type pdf)
<use calibrate07-eps-converted-to.pdf>
Package pdftex.def Info: calibrate07-eps-converted-to.pdf  used on input line 2
45.
(pdftex.def)             Requested size: 264.98935pt x 224.83945pt.

:tex2html_wrap_indisplay1655:lthtmlCropMarkHeight:=230.83945pt

:tex2html_wrap_indisplay1655:lthtmlCropMarkDepth:=0.0pt:1ex:=5.16667pt
[10 </home/fred-olav/afgv/book/calibrate07-eps-converted-to.pdf>]
Package epstopdf Info: Source file: <calibrate08.eps>
(epstopdf)                    date: 2021-09-05 17:22:11
(epstopdf)                    size: 12352 bytes
(epstopdf)             Output file: <calibrate08-eps-converted-to.pdf>
(epstopdf)                    date: 2021-09-05 18:19:33
(epstopdf)                    size: 10173 bytes
(epstopdf)             Command: <repstopdf --outfile=calibrate08-eps-converted-
to.pdf calibrate08.eps>
(epstopdf)             \includegraphics on input line 251.
Package epstopdf Info: Output file is already uptodate.
<calibrate08-eps-converted-to.pdf, id=104, 264.99pt x 224.84pt>
File: calibrate08-eps-converted-to.pdf Graphic file (type pdf)
<use calibrate08-eps-converted-to.pdf>
Package pdftex.def Info: calibrate08-eps-converted-to.pdf  used on input line 2
51.
(pdftex.def)             Requested size: 264.98935pt x 224.83945pt.

:tex2html_wrap_indisplay1659:lthtmlCropMarkHeight:=230.83945pt

:tex2html_wrap_indisplay1659:lthtmlCropMarkDepth:=0.0pt:1ex:=5.16667pt
[11 </home/fred-olav/afgv/book/calibrate08-eps-converted-to.pdf>]
Package epstopdf Info: Source file: <calibrate09.eps>
(epstopdf)                    date: 2021-09-05 17:50:10
(epstopdf)                    size: 12809 bytes
(epstopdf)             Output file: <calibrate09-eps-converted-to.pdf>
(epstopdf)                    date: 2021-09-05 18:19:33
(epstopdf)                    size: 10971 bytes
(epstopdf)             Command: <repstopdf --outfile=calibrate09-eps-converted-
to.pdf calibrate09.eps>
(epstopdf)             \includegraphics on input line 257.
Package epstopdf Info: Output file is already uptodate.
<calibrate09-eps-converted-to.pdf, id=121, 264.99pt x 224.84pt>
File: calibrate09-eps-converted-to.pdf Graphic file (type pdf)
<use calibrate09-eps-converted-to.pdf>
Package pdftex.def Info: calibrate09-eps-converted-to.pdf  used on input line 2
57.
(pdftex.def)             Requested size: 264.98935pt x 224.83945pt.

:tex2html_wrap_indisplay1661:lthtmlCropMarkHeight:=230.83945pt

:tex2html_wrap_indisplay1661:lthtmlCropMarkDepth:=0.0pt:1ex:=5.16667pt
[12 </home/fred-olav/afgv/book/calibrate09-eps-converted-to.pdf>]
Package epstopdf Info: Source file: <pressure72.eps>
(epstopdf)                    date: 2021-04-09 18:35:53
(epstopdf)                    size: 12484 bytes
(epstopdf)             Output file: <pressure72-eps-converted-to.pdf>
(epstopdf)                    date: 2021-04-11 20:23:15
(epstopdf)                    size: 11423 bytes
(epstopdf)             Command: <repstopdf --outfile=pressure72-eps-converted-t
o.pdf pressure72.eps>
(epstopdf)             \includegraphics on input line 263.
Package epstopdf Info: Output file is already uptodate.
<pressure72-eps-converted-to.pdf, id=138, 297.11pt x 217.81375pt>
File: pressure72-eps-converted-to.pdf Graphic file (type pdf)
<use pressure72-eps-converted-to.pdf>
Package pdftex.def Info: pressure72-eps-converted-to.pdf  used on input line 26
3.
(pdftex.def)             Requested size: 297.10927pt x 217.8132pt.

:tex2html_wrap_indisplay1663:lthtmlCropMarkHeight:=223.8132pt

:tex2html_wrap_indisplay1663:lthtmlCropMarkDepth:=0.0pt:1ex:=5.16667pt
[13 </home/fred-olav/afgv/book/pressure72-eps-converted-to.pdf>]

:tex2html_wrap_indisplay1666:lthtmlCropMarkHeight:=110.29985pt

:tex2html_wrap_indisplay1666:lthtmlCropMarkDepth:=0.0pt:1ex:=5.16667pt
[14]

:tex2html_wrap_inline1668:lthtmlCropMarkHeight:=13.73332pt

:tex2html_wrap_inline1668:lthtmlCropMarkDepth:=1.0pt:1ex:=5.16667pt
[15]

:tex2html_wrap_inline1670:lthtmlCropMarkHeight:=13.73332pt

:tex2html_wrap_inline1670:lthtmlCropMarkDepth:=1.0pt:1ex:=5.16667pt
[16]

:tex2html_wrap_inline1672:lthtmlCropMarkHeight:=13.73332pt

:tex2html_wrap_inline1672:lthtmlCropMarkDepth:=1.0pt:1ex:=5.16667pt
[17]
Package epstopdf Info: Source file: <calibrate28.eps>
(epstopdf)                    date: 2021-04-09 18:35:52
(epstopdf)                    size: 1163033 bytes
(epstopdf)             Output file: <calibrate28-eps-converted-to.pdf>
(epstopdf)                    date: 2021-04-11 20:23:16
(epstopdf)                    size: 101806 bytes
(epstopdf)             Command: <repstopdf --outfile=calibrate28-eps-converted-
to.pdf calibrate28.eps>
(epstopdf)             \includegraphics on input line 316.
Package epstopdf Info: Output file is already uptodate.
<calibrate28-eps-converted-to.pdf, id=175, 675.52374pt x 489.83pt>
File: calibrate28-eps-converted-to.pdf Graphic file (type pdf)
<use calibrate28-eps-converted-to.pdf>
Package pdftex.def Info: calibrate28-eps-converted-to.pdf  used on input line 3
16.
(pdftex.def)             Requested size: 216.81pt x 157.21219pt.

:tex2html_wrap_indisplay1674:lthtmlCropMarkHeight:=163.21219pt

:tex2html_wrap_indisplay1674:lthtmlCropMarkDepth:=0.0pt:1ex:=5.16667pt
[18 </home/fred-olav/afgv/book/calibrate28-eps-converted-to.pdf>]

Package amsmath Warning: Foreign command \over;
(amsmath)                \frac or \genfrac should be used instead
(amsmath)                 on input line 322.


:tex2html_wrap_indisplay1676:lthtmlCropMarkHeight:=22.4514pt

:tex2html_wrap_indisplay1676:lthtmlCropMarkDepth:=10.56473pt:1ex:=5.16667pt
[19]

:tex2html_wrap_indisplay1679:lthtmlCropMarkHeight:=169.89977pt

:tex2html_wrap_indisplay1679:lthtmlCropMarkDepth:=0.0pt:1ex:=5.16667pt
[20]

:tex2html_wrap_indisplay1681:lthtmlCropMarkHeight:=23.40013pt

:tex2html_wrap_indisplay1681:lthtmlCropMarkDepth:=11.40015pt:1ex:=5.16667pt
[21]
Package epstopdf Info: Source file: <calibrate15.eps>
(epstopdf)                    date: 2021-04-09 18:35:52
(epstopdf)                    size: 13276 bytes
(epstopdf)             Output file: <calibrate15-eps-converted-to.pdf>
(epstopdf)                    date: 2021-04-11 20:23:16
(epstopdf)                    size: 8465 bytes
(epstopdf)             Command: <repstopdf --outfile=calibrate15-eps-converted-
to.pdf calibrate15.eps>
(epstopdf)             \includegraphics on input line 372.
Package epstopdf Info: Output file is already uptodate.
<calibrate15-eps-converted-to.pdf, id=197, 406.51875pt x 298.11375pt>
File: calibrate15-eps-converted-to.pdf Graphic file (type pdf)
<use calibrate15-eps-converted-to.pdf>
Package pdftex.def Info: calibrate15-eps-converted-to.pdf  used on input line 3
72.
(pdftex.def)             Requested size: 406.51775pt x 298.11302pt.

:tex2html_wrap_indisplay1684:lthtmlCropMarkHeight:=304.11302pt

:tex2html_wrap_indisplay1684:lthtmlCropMarkDepth:=0.0pt:1ex:=5.16667pt
[22 </home/fred-olav/afgv/book/calibrate15-eps-converted-to.pdf>]
Package epstopdf Info: Source file: <calibrate29.eps>
(epstopdf)                    date: 2021-04-09 18:35:52
(epstopdf)                    size: 77665 bytes
(epstopdf)             Output file: <calibrate29-eps-converted-to.pdf>
(epstopdf)                    date: 2021-04-11 20:23:16
(epstopdf)                    size: 63116 bytes
(epstopdf)             Command: <repstopdf --outfile=calibrate29-eps-converted-
to.pdf calibrate29.eps>
(epstopdf)             \includegraphics on input line 378.
Package epstopdf Info: Output file is already uptodate.
<calibrate29-eps-converted-to.pdf, id=209, 463.7325pt x 805.0075pt>
File: calibrate29-eps-converted-to.pdf Graphic file (type pdf)
<use calibrate29-eps-converted-to.pdf>
Package pdftex.def Info: calibrate29-eps-converted-to.pdf  used on input line 3
78.
(pdftex.def)             Requested size: 166.52608pt x 289.07999pt.

:tex2html_wrap_indisplay1686:lthtmlCropMarkHeight:=295.07999pt

:tex2html_wrap_indisplay1686:lthtmlCropMarkDepth:=0.0pt:1ex:=5.16667pt
[23 </home/fred-olav/afgv/book/calibrate29-eps-converted-to.pdf>]
Package epstopdf Info: Source file: <calibrate30.eps>
(epstopdf)                    date: 2021-04-09 18:35:52
(epstopdf)                    size: 2327671 bytes
(epstopdf)             Output file: <calibrate30-eps-converted-to.pdf>
(epstopdf)                    date: 2021-04-11 20:23:18
(epstopdf)                    size: 261007 bytes
(epstopdf)             Command: <repstopdf --outfile=calibrate30-eps-converted-
to.pdf calibrate30.eps>
(epstopdf)             \includegraphics on input line 384.
Package epstopdf Info: Output file is already uptodate.
<calibrate30-eps-converted-to.pdf, id=216, 434.62375pt x 326.21875pt>
File: calibrate30-eps-converted-to.pdf Graphic file (type pdf)
<use calibrate30-eps-converted-to.pdf>
Package pdftex.def Info: calibrate30-eps-converted-to.pdf  used on input line 3
84.
(pdftex.def)             Requested size: 434.62268pt x 326.21794pt.

:tex2html_wrap_indisplay1688:lthtmlCropMarkHeight:=332.21794pt

:tex2html_wrap_indisplay1688:lthtmlCropMarkDepth:=0.0pt:1ex:=5.16667pt
[24 </home/fred-olav/afgv/book/calibrate30-eps-converted-to.pdf>]
Package epstopdf Info: Source file: <calibrate16.eps>
(epstopdf)                    date: 2021-04-09 18:35:52
(epstopdf)                    size: 10973 bytes
(epstopdf)             Output file: <calibrate16-eps-converted-to.pdf>
(epstopdf)                    date: 2021-04-11 20:23:18
(epstopdf)                    size: 6369 bytes
(epstopdf)             Command: <repstopdf --outfile=calibrate16-eps-converted-
to.pdf calibrate16.eps>
(epstopdf)             \includegraphics on input line 391.
Package epstopdf Info: Output file is already uptodate.
<calibrate16-eps-converted-to.pdf, id=223, 335.2525pt x 215.80624pt>
File: calibrate16-eps-converted-to.pdf Graphic file (type pdf)
<use calibrate16-eps-converted-to.pdf>
Package pdftex.def Info: calibrate16-eps-converted-to.pdf  used on input line 3
91.
(pdftex.def)             Requested size: 335.25168pt x 215.80571pt.

:tex2html_wrap_indisplay1691:lthtmlCropMarkHeight:=221.80571pt

:tex2html_wrap_indisplay1691:lthtmlCropMarkDepth:=0.0pt:1ex:=5.16667pt
[25 </home/fred-olav/afgv/book/calibrate16-eps-converted-to.pdf>]
Package epstopdf Info: Source file: <calibrate17.eps>
(epstopdf)                    date: 2021-04-09 18:35:52
(epstopdf)                    size: 9602 bytes
(epstopdf)             Output file: <calibrate17-eps-converted-to.pdf>
(epstopdf)                    date: 2021-04-11 20:23:18
(epstopdf)                    size: 4621 bytes
(epstopdf)             Command: <repstopdf --outfile=calibrate17-eps-converted-
to.pdf calibrate17.eps>
(epstopdf)             \includegraphics on input line 397.
Package epstopdf Info: Output file is already uptodate.
<calibrate17-eps-converted-to.pdf, id=234, 165.61874pt x 96.36pt>
File: calibrate17-eps-converted-to.pdf Graphic file (type pdf)
<use calibrate17-eps-converted-to.pdf>
Package pdftex.def Info: calibrate17-eps-converted-to.pdf  used on input line 3
97.
(pdftex.def)             Requested size: 165.61833pt x 96.35974pt.

:tex2html_wrap_indisplay1693:lthtmlCropMarkHeight:=102.35974pt

:tex2html_wrap_indisplay1693:lthtmlCropMarkDepth:=0.0pt:1ex:=5.16667pt
[26 </home/fred-olav/afgv/book/calibrate17-eps-converted-to.pdf>]

:tex2html_wrap_inline1695:lthtmlCropMarkHeight:=15.88034pt

:tex2html_wrap_inline1695:lthtmlCropMarkDepth:=4.13809pt:1ex:=5.16667pt
[27]

:tex2html_wrap_inline1697:lthtmlCropMarkHeight:=13.73332pt

:tex2html_wrap_inline1697:lthtmlCropMarkDepth:=1.0pt:1ex:=5.16667pt
[28]
Package epstopdf Info: Source file: <calibrate18.eps>
(epstopdf)                    date: 2021-04-09 18:35:52
(epstopdf)                    size: 11349 bytes
(epstopdf)             Output file: <calibrate18-eps-converted-to.pdf>
(epstopdf)                    date: 2021-04-11 20:23:19
(epstopdf)                    size: 6631 bytes
(epstopdf)             Command: <repstopdf --outfile=calibrate18-eps-converted-
to.pdf calibrate18.eps>
(epstopdf)             \includegraphics on input line 415.
Package epstopdf Info: Output file is already uptodate.
<calibrate18-eps-converted-to.pdf, id=252, 335.2525pt x 215.80624pt>
File: calibrate18-eps-converted-to.pdf Graphic file (type pdf)
<use calibrate18-eps-converted-to.pdf>
Package pdftex.def Info: calibrate18-eps-converted-to.pdf  used on input line 4
15.
(pdftex.def)             Requested size: 335.25168pt x 215.80571pt.

:tex2html_wrap_indisplay1699:lthtmlCropMarkHeight:=221.80571pt

:tex2html_wrap_indisplay1699:lthtmlCropMarkDepth:=0.0pt:1ex:=5.16667pt
[29 </home/fred-olav/afgv/book/calibrate18-eps-converted-to.pdf>]

:tex2html_wrap_inline1701:lthtmlCropMarkHeight:=14.2pt

:tex2html_wrap_inline1701:lthtmlCropMarkDepth:=0.0pt:1ex:=5.16667pt
[30]

:tex2html_wrap_inline1703:lthtmlCropMarkHeight:=14.2pt

:tex2html_wrap_inline1703:lthtmlCropMarkDepth:=0.0pt:1ex:=5.16667pt
[31]
Package epstopdf Info: Source file: <calibrate34.eps>
(epstopdf)                    date: 2021-04-09 18:35:52
(epstopdf)                    size: 2259749 bytes
(epstopdf)             Output file: <calibrate34-eps-converted-to.pdf>
(epstopdf)                    date: 2021-04-11 20:23:21
(epstopdf)                    size: 238015 bytes
(epstopdf)             Command: <repstopdf --outfile=calibrate34-eps-converted-
to.pdf calibrate34.eps>
(epstopdf)             \includegraphics on input line 433.
Package epstopdf Info: Output file is already uptodate.
<calibrate34-eps-converted-to.pdf, id=270, 1028.84375pt x 609.27625pt>
File: calibrate34-eps-converted-to.pdf Graphic file (type pdf)
<use calibrate34-eps-converted-to.pdf>
Package pdftex.def Info: calibrate34-eps-converted-to.pdf  used on input line 4
33.
(pdftex.def)             Requested size: 216.81pt x 128.38873pt.

:tex2html_wrap_indisplay1707:lthtmlCropMarkHeight:=134.38873pt

:tex2html_wrap_indisplay1707:lthtmlCropMarkDepth:=0.0pt:1ex:=5.16667pt
[32 </home/fred-olav/afgv/book/calibrate34-eps-converted-to.pdf>]
Package epstopdf Info: Source file: <calibrate19.eps>
(epstopdf)                    date: 2021-04-09 18:35:52
(epstopdf)                    size: 14398 bytes
(epstopdf)             Output file: <calibrate19-eps-converted-to.pdf>
(epstopdf)                    date: 2021-04-11 20:23:21
(epstopdf)                    size: 7501 bytes
(epstopdf)             Command: <repstopdf --outfile=calibrate19-eps-converted-
to.pdf calibrate19.eps>
(epstopdf)             \includegraphics on input line 439.
Package epstopdf Info: Output file is already uptodate.
<calibrate19-eps-converted-to.pdf, id=277, 335.2525pt x 215.80624pt>
File: calibrate19-eps-converted-to.pdf Graphic file (type pdf)
<use calibrate19-eps-converted-to.pdf>
Package pdftex.def Info: calibrate19-eps-converted-to.pdf  used on input line 4
39.
(pdftex.def)             Requested size: 335.25168pt x 215.80571pt.

:tex2html_wrap_indisplay1711:lthtmlCropMarkHeight:=221.80571pt

:tex2html_wrap_indisplay1711:lthtmlCropMarkDepth:=0.0pt:1ex:=5.16667pt
[33 </home/fred-olav/afgv/book/calibrate19-eps-converted-to.pdf>]
Package epstopdf Info: Source file: <calibrate03.eps>
(epstopdf)                    date: 2021-04-09 18:35:52
(epstopdf)                    size: 12847 bytes
(epstopdf)             Output file: <calibrate03-eps-converted-to.pdf>
(epstopdf)                    date: 2021-04-11 20:23:04
(epstopdf)                    size: 14337 bytes
(epstopdf)             Command: <repstopdf --outfile=calibrate03-eps-converted-
to.pdf calibrate03.eps>
(epstopdf)             \includegraphics on input line 446.
Package epstopdf Info: Output file is already uptodate.
<calibrate03-eps-converted-to.pdf, id=286, 407.5225pt x 302.12875pt>
File: calibrate03-eps-converted-to.pdf Graphic file (type pdf)
<use calibrate03-eps-converted-to.pdf>
Package pdftex.def Info: calibrate03-eps-converted-to.pdf  used on input line 4
46.
(pdftex.def)             Requested size: 407.5215pt x 302.128pt.

:tex2html_wrap_indisplay1716:lthtmlCropMarkHeight:=308.128pt

:tex2html_wrap_indisplay1716:lthtmlCropMarkDepth:=0.0pt:1ex:=5.16667pt
[34 </home/fred-olav/afgv/book/calibrate03-eps-converted-to.pdf>]
Package epstopdf Info: Source file: <calibrate04.eps>
(epstopdf)                    date: 2021-04-09 18:35:52
(epstopdf)                    size: 14440 bytes
(epstopdf)             Output file: <calibrate04-eps-converted-to.pdf>
(epstopdf)                    date: 2021-04-11 20:23:04
(epstopdf)                    size: 12250 bytes
(epstopdf)             Command: <repstopdf --outfile=calibrate04-eps-converted-
to.pdf calibrate04.eps>
(epstopdf)             \includegraphics on input line 452.
Package epstopdf Info: Output file is already uptodate.
<calibrate04-eps-converted-to.pdf, id=306, 407.5225pt x 302.12875pt>
File: calibrate04-eps-converted-to.pdf Graphic file (type pdf)
<use calibrate04-eps-converted-to.pdf>
Package pdftex.def Info: calibrate04-eps-converted-to.pdf  used on input line 4
52.
(pdftex.def)             Requested size: 407.5215pt x 302.128pt.

:tex2html_wrap_indisplay1718:lthtmlCropMarkHeight:=308.128pt

:tex2html_wrap_indisplay1718:lthtmlCropMarkDepth:=0.0pt:1ex:=5.16667pt
[35 </home/fred-olav/afgv/book/calibrate04-eps-converted-to.pdf>]
Package epstopdf Info: Source file: <calibrate05.eps>
(epstopdf)                    date: 2021-04-09 18:35:52
(epstopdf)                    size: 13522 bytes
(epstopdf)             Output file: <calibrate05-eps-converted-to.pdf>
(epstopdf)                    date: 2021-04-11 20:23:21
(epstopdf)                    size: 15517 bytes
(epstopdf)             Command: <repstopdf --outfile=calibrate05-eps-converted-
to.pdf calibrate05.eps>
(epstopdf)             \includegraphics on input line 458.
Package epstopdf Info: Output file is already uptodate.
<calibrate05-eps-converted-to.pdf, id=323, 400.49625pt x 302.12875pt>
File: calibrate05-eps-converted-to.pdf Graphic file (type pdf)
<use calibrate05-eps-converted-to.pdf>
Package pdftex.def Info: calibrate05-eps-converted-to.pdf  used on input line 4
58.
(pdftex.def)             Requested size: 400.49527pt x 302.128pt.

:tex2html_wrap_indisplay1724:lthtmlCropMarkHeight:=308.128pt

:tex2html_wrap_indisplay1724:lthtmlCropMarkDepth:=0.0pt:1ex:=5.16667pt
[36 </home/fred-olav/afgv/book/calibrate05-eps-converted-to.pdf>]
Package epstopdf Info: Source file: <calibrate26.eps>
(epstopdf)                    date: 2021-04-09 18:35:52
(epstopdf)                    size: 19562 bytes
(epstopdf)             Output file: <calibrate26-eps-converted-to.pdf>
(epstopdf)                    date: 2021-04-11 20:23:21
(epstopdf)                    size: 17031 bytes
(epstopdf)             Command: <repstopdf --outfile=calibrate26-eps-converted-
to.pdf calibrate26.eps>
(epstopdf)             \includegraphics on input line 464.
Package epstopdf Info: Output file is already uptodate.
<calibrate26-eps-converted-to.pdf, id=344, 262.9825pt x 257.96375pt>
File: calibrate26-eps-converted-to.pdf Graphic file (type pdf)
<use calibrate26-eps-converted-to.pdf>
Package pdftex.def Info: calibrate26-eps-converted-to.pdf  used on input line 4
64.
(pdftex.def)             Requested size: 262.98184pt x 257.9631pt.

:tex2html_wrap_indisplay1728:lthtmlCropMarkHeight:=263.9631pt

:tex2html_wrap_indisplay1728:lthtmlCropMarkDepth:=0.0pt:1ex:=5.16667pt
[37 </home/fred-olav/afgv/book/calibrate26-eps-converted-to.pdf>]
Package epstopdf Info: Source file: <calibrate27.eps>
(epstopdf)                    date: 2021-04-09 18:35:52
(epstopdf)                    size: 19564 bytes
(epstopdf)             Output file: <calibrate27-eps-converted-to.pdf>
(epstopdf)                    date: 2021-04-11 20:23:21
(epstopdf)                    size: 16759 bytes
(epstopdf)             Command: <repstopdf --outfile=calibrate27-eps-converted-
to.pdf calibrate27.eps>
(epstopdf)             \includegraphics on input line 470.
Package epstopdf Info: Output file is already uptodate.
<calibrate27-eps-converted-to.pdf, id=366, 262.9825pt x 257.96375pt>
File: calibrate27-eps-converted-to.pdf Graphic file (type pdf)
<use calibrate27-eps-converted-to.pdf>
Package pdftex.def Info: calibrate27-eps-converted-to.pdf  used on input line 4
70.
(pdftex.def)             Requested size: 262.98184pt x 257.9631pt.

:tex2html_wrap_indisplay1730:lthtmlCropMarkHeight:=263.9631pt

:tex2html_wrap_indisplay1730:lthtmlCropMarkDepth:=0.0pt:1ex:=5.16667pt
[38 </home/fred-olav/afgv/book/calibrate27-eps-converted-to.pdf>]
Package epstopdf Info: Source file: <calibrate31.eps>
(epstopdf)                    date: 2021-04-09 18:35:52
(epstopdf)                    size: 17957 bytes
(epstopdf)             Output file: <calibrate31-eps-converted-to.pdf>
(epstopdf)                    date: 2021-04-11 20:23:22
(epstopdf)                    size: 15953 bytes
(epstopdf)             Command: <repstopdf --outfile=calibrate31-eps-converted-
to.pdf calibrate31.eps>
(epstopdf)             \includegraphics on input line 478.
Package epstopdf Info: Output file is already uptodate.
<calibrate31-eps-converted-to.pdf, id=387, 441.65pt x 237.88875pt>
File: calibrate31-eps-converted-to.pdf Graphic file (type pdf)
<use calibrate31-eps-converted-to.pdf>
Package pdftex.def Info: calibrate31-eps-converted-to.pdf  used on input line 4
78.
(pdftex.def)             Requested size: 441.64891pt x 237.88815pt.

:tex2html_wrap_indisplay1740:lthtmlCropMarkHeight:=243.88815pt

:tex2html_wrap_indisplay1740:lthtmlCropMarkDepth:=0.0pt:1ex:=5.16667pt
[39 </home/fred-olav/afgv/book/calibrate31-eps-converted-to.pdf>]
Package epstopdf Info: Source file: <calibrate32.eps>
(epstopdf)                    date: 2021-04-09 18:35:52
(epstopdf)                    size: 20535 bytes
(epstopdf)             Output file: <calibrate32-eps-converted-to.pdf>
(epstopdf)                    date: 2021-04-11 20:23:22
(epstopdf)                    size: 18012 bytes
(epstopdf)             Command: <repstopdf --outfile=calibrate32-eps-converted-
to.pdf calibrate32.eps>
(epstopdf)             \includegraphics on input line 484.
Package epstopdf Info: Output file is already uptodate.
<calibrate32-eps-converted-to.pdf, id=406, 441.65pt x 333.245pt>
File: calibrate32-eps-converted-to.pdf Graphic file (type pdf)
<use calibrate32-eps-converted-to.pdf>
Package pdftex.def Info: calibrate32-eps-converted-to.pdf  used on input line 4
84.
(pdftex.def)             Requested size: 441.64891pt x 333.24417pt.

:tex2html_wrap_indisplay1742:lthtmlCropMarkHeight:=339.24417pt

:tex2html_wrap_indisplay1742:lthtmlCropMarkDepth:=0.0pt:1ex:=5.16667pt
[40 </home/fred-olav/afgv/book/calibrate32-eps-converted-to.pdf>]

:tex2html_wrap_inline1748:lthtmlCropMarkHeight:=13.0pt

:tex2html_wrap_inline1748:lthtmlCropMarkDepth:=1.0pt:1ex:=5.16667pt
[41]

:tex2html_wrap_inline1754:lthtmlCropMarkHeight:=13.0pt

:tex2html_wrap_inline1754:lthtmlCropMarkDepth:=1.0pt:1ex:=5.16667pt
[42]

:tex2html_wrap_inline1761:lthtmlCropMarkHeight:=15.51027pt

:tex2html_wrap_inline1761:lthtmlCropMarkDepth:=0.0pt:1ex:=5.16667pt
[43]
Package epstopdf Info: Source file: <calibrate25.eps>
(epstopdf)                    date: 2021-04-09 18:35:52
(epstopdf)                    size: 227312 bytes
(epstopdf)             Output file: <calibrate25-eps-converted-to.pdf>
(epstopdf)                    date: 2021-04-11 20:23:22
(epstopdf)                    size: 180981 bytes
(epstopdf)             Command: <repstopdf --outfile=calibrate25-eps-converted-
to.pdf calibrate25.eps>
(epstopdf)             \includegraphics on input line 513.
Package epstopdf Info: Output file is already uptodate.
<calibrate25-eps-converted-to.pdf, id=440, 557.08125pt x 418.56375pt>
File: calibrate25-eps-converted-to.pdf Graphic file (type pdf)
<use calibrate25-eps-converted-to.pdf>
Package pdftex.def Info: calibrate25-eps-converted-to.pdf  used on input line 5
13.
(pdftex.def)             Requested size: 361.34999pt x 271.50755pt.

:tex2html_wrap_indisplay1763:lthtmlCropMarkHeight:=277.50755pt

:tex2html_wrap_indisplay1763:lthtmlCropMarkDepth:=0.0pt:1ex:=5.16667pt
[44 </home/fred-olav/afgv/book/calibrate25-eps-converted-to.pdf>]
Package epstopdf Info: Source file: <calibrate21.eps>
(epstopdf)                    date: 2021-04-09 18:35:52
(epstopdf)                    size: 211272 bytes
(epstopdf)             Output file: <calibrate21-eps-converted-to.pdf>
(epstopdf)                    date: 2021-04-11 20:23:23
(epstopdf)                    size: 168355 bytes
(epstopdf)             Command: <repstopdf --outfile=calibrate21-eps-converted-
to.pdf calibrate21.eps>
(epstopdf)             \includegraphics on input line 521.
Package epstopdf Info: Output file is already uptodate.
<calibrate21-eps-converted-to.pdf, id=447, 557.08125pt x 500.87125pt>
File: calibrate21-eps-converted-to.pdf Graphic file (type pdf)
<use calibrate21-eps-converted-to.pdf>
Package pdftex.def Info: calibrate21-eps-converted-to.pdf  used on input line 5
21.
(pdftex.def)             Requested size: 361.34999pt x 324.89754pt.

:tex2html_wrap_indisplay1779:lthtmlCropMarkHeight:=330.89754pt

:tex2html_wrap_indisplay1779:lthtmlCropMarkDepth:=0.0pt:1ex:=5.16667pt
[45 </home/fred-olav/afgv/book/calibrate21-eps-converted-to.pdf>]
Package epstopdf Info: Source file: <calibrate10.eps>
(epstopdf)                    date: 2021-04-09 18:35:52
(epstopdf)                    size: 16378 bytes
(epstopdf)             Output file: <calibrate10-eps-converted-to.pdf>
(epstopdf)                    date: 2021-04-11 20:23:23
(epstopdf)                    size: 12952 bytes
(epstopdf)             Command: <repstopdf --outfile=calibrate10-eps-converted-
to.pdf calibrate10.eps>
(epstopdf)             \includegraphics on input line 527.
Package epstopdf Info: Output file is already uptodate.
<calibrate10-eps-converted-to.pdf, id=454, 423.5825pt x 262.9825pt>
File: calibrate10-eps-converted-to.pdf Graphic file (type pdf)
<use calibrate10-eps-converted-to.pdf>
Package pdftex.def Info: calibrate10-eps-converted-to.pdf  used on input line 5
27.
(pdftex.def)             Requested size: 423.58147pt x 262.98184pt.

:tex2html_wrap_indisplay1781:lthtmlCropMarkHeight:=268.98184pt

:tex2html_wrap_indisplay1781:lthtmlCropMarkDepth:=0.0pt:1ex:=5.16667pt
[46 </home/fred-olav/afgv/book/calibrate10-eps-converted-to.pdf>]
Package epstopdf Info: Source file: <calibrate22.eps>
(epstopdf)                    date: 2021-04-09 18:35:52
(epstopdf)                    size: 209579 bytes
(epstopdf)             Output file: <calibrate22-eps-converted-to.pdf>
(epstopdf)                    date: 2021-04-11 20:23:23
(epstopdf)                    size: 167021 bytes
(epstopdf)             Command: <repstopdf --outfile=calibrate22-eps-converted-
to.pdf calibrate22.eps>
(epstopdf)             \includegraphics on input line 534.
Package epstopdf Info: Output file is already uptodate.
<calibrate22-eps-converted-to.pdf, id=473, 557.08125pt x 349.305pt>
File: calibrate22-eps-converted-to.pdf Graphic file (type pdf)
<use calibrate22-eps-converted-to.pdf>
Package pdftex.def Info: calibrate22-eps-converted-to.pdf  used on input line 5
34.
(pdftex.def)             Requested size: 201.70514pt x 126.47249pt.
Package epstopdf Info: Source file: <calibrate23.eps>
(epstopdf)                    date: 2021-04-09 18:35:52
(epstopdf)                    size: 171289 bytes
(epstopdf)             Output file: <calibrate23-eps-converted-to.pdf>
(epstopdf)                    date: 2021-04-11 20:23:24
(epstopdf)                    size: 136861 bytes
(epstopdf)             Command: <repstopdf --outfile=calibrate23-eps-converted-
to.pdf calibrate23.eps>
(epstopdf)             \includegraphics on input line 534.
Package epstopdf Info: Output file is already uptodate.
<calibrate23-eps-converted-to.pdf, id=474, 557.08125pt x 339.2675pt>
File: calibrate23-eps-converted-to.pdf Graphic file (type pdf)
<use calibrate23-eps-converted-to.pdf>
Package pdftex.def Info: calibrate23-eps-converted-to.pdf  used on input line 5
34.
(pdftex.def)             Requested size: 207.6639pt x 126.47249pt.

:tex2html_wrap_indisplay1784:lthtmlCropMarkHeight:=132.47249pt

:tex2html_wrap_indisplay1784:lthtmlCropMarkDepth:=0.0pt:1ex:=5.16667pt
[47 </home/fred-olav/afgv/book/calibrate22-eps-converted-to.pdf> </home/fred-ol
av/afgv/book/calibrate23-eps-converted-to.pdf>]
Package epstopdf Info: Source file: <calibrate20.eps>
(epstopdf)                    date: 2021-04-09 18:35:52
(epstopdf)                    size: 94129 bytes
(epstopdf)             Output file: <calibrate20-eps-converted-to.pdf>
(epstopdf)                    date: 2021-04-11 20:23:24
(epstopdf)                    size: 76096 bytes
(epstopdf)             Command: <repstopdf --outfile=calibrate20-eps-converted-
to.pdf calibrate20.eps>
(epstopdf)             \includegraphics on input line 540.
Package epstopdf Info: Output file is already uptodate.
<calibrate20-eps-converted-to.pdf, id=483, 557.08125pt x 222.8325pt>
File: calibrate20-eps-converted-to.pdf Graphic file (type pdf)
<use calibrate20-eps-converted-to.pdf>
Package pdftex.def Info: calibrate20-eps-converted-to.pdf  used on input line 5
40.
(pdftex.def)             Requested size: 361.34999pt x 144.5436pt.

:tex2html_wrap_indisplay1786:lthtmlCropMarkHeight:=150.5436pt

:tex2html_wrap_indisplay1786:lthtmlCropMarkDepth:=0.0pt:1ex:=5.16667pt
[48 </home/fred-olav/afgv/book/calibrate20-eps-converted-to.pdf>]
Package epstopdf Info: Source file: <calibrate24.eps>
(epstopdf)                    date: 2021-04-09 18:35:52
(epstopdf)                    size: 20039 bytes
(epstopdf)             Output file: <calibrate24-eps-converted-to.pdf>
(epstopdf)                    date: 2021-04-11 20:23:24
(epstopdf)                    size: 16694 bytes
(epstopdf)             Command: <repstopdf --outfile=calibrate24-eps-converted-
to.pdf calibrate24.eps>
(epstopdf)             \includegraphics on input line 546.
Package epstopdf Info: Output file is already uptodate.
<calibrate24-eps-converted-to.pdf, id=491, 379.4175pt x 271.0125pt>
File: calibrate24-eps-converted-to.pdf Graphic file (type pdf)
<use calibrate24-eps-converted-to.pdf>
Package pdftex.def Info: calibrate24-eps-converted-to.pdf  used on input line 5
46.
(pdftex.def)             Requested size: 379.41656pt x 271.01183pt.

:tex2html_wrap_indisplay1788:lthtmlCropMarkHeight:=277.01183pt

:tex2html_wrap_indisplay1788:lthtmlCropMarkDepth:=0.0pt:1ex:=5.16667pt
[49 </home/fred-olav/afgv/book/calibrate24-eps-converted-to.pdf>]
Package epstopdf Info: Source file: <calibrate33.eps>
(epstopdf)                    date: 2021-04-09 18:35:52
(epstopdf)                    size: 2386960 bytes
(epstopdf)             Output file: <calibrate33-eps-converted-to.pdf>
(epstopdf)                    date: 2021-04-11 20:23:26
(epstopdf)                    size: 170760 bytes
(epstopdf)             Command: <repstopdf --outfile=calibrate33-eps-converted-
to.pdf calibrate33.eps>
(epstopdf)             \includegraphics on input line 552.
Package epstopdf Info: Output file is already uptodate.
<calibrate33-eps-converted-to.pdf, id=512, 624.3325pt x 1028.84375pt>
File: calibrate33-eps-converted-to.pdf Graphic file (type pdf)
<use calibrate33-eps-converted-to.pdf>
Package pdftex.def Info: calibrate33-eps-converted-to.pdf  used on input line 5
52.
(pdftex.def)             Requested size: 175.4216pt x 289.07999pt.

:tex2html_wrap_indisplay1794:lthtmlCropMarkHeight:=295.07999pt

:tex2html_wrap_indisplay1794:lthtmlCropMarkDepth:=0.0pt:1ex:=5.16667pt
[50 </home/fred-olav/afgv/book/calibrate33-eps-converted-to.pdf>]

:tex2html_wrap_inline1798:lthtmlCropMarkHeight:=13.79915pt

:tex2html_wrap_inline1798:lthtmlCropMarkDepth:=0.0pt:1ex:=5.16667pt
[51]

:tex2html_wrap_inline1806:lthtmlCropMarkHeight:=13.73332pt

:tex2html_wrap_inline1806:lthtmlCropMarkDepth:=1.0pt:1ex:=5.16667pt
[52]

:tex2html_wrap_inline1810:lthtmlCropMarkHeight:=13.73332pt

:tex2html_wrap_inline1810:lthtmlCropMarkDepth:=1.0pt:1ex:=5.16667pt
[53]

:tex2html_wrap_inline1814:lthtmlCropMarkHeight:=13.73332pt

:tex2html_wrap_inline1814:lthtmlCropMarkDepth:=1.0pt:1ex:=5.16667pt
[54]
Package epstopdf Info: Source file: <oilbath.eps>
(epstopdf)                    date: 2021-04-09 18:35:53
(epstopdf)                    size: 234595 bytes
(epstopdf)             Output file: <oilbath-eps-converted-to.pdf>
(epstopdf)                    date: 2021-04-11 20:23:26
(epstopdf)                    size: 186775 bytes
(epstopdf)             Command: <repstopdf --outfile=oilbath-eps-converted-to.p
df oilbath.eps>
(epstopdf)             \includegraphics on input line 582.
Package epstopdf Info: Output file is already uptodate.
<oilbath-eps-converted-to.pdf, id=535, 536.0025pt x 805.0075pt>
File: oilbath-eps-converted-to.pdf Graphic file (type pdf)
<use oilbath-eps-converted-to.pdf>
Package pdftex.def Info: oilbath-eps-converted-to.pdf  used on input line 582.
(pdftex.def)             Requested size: 216.81pt x 325.62091pt.

:tex2html_wrap_indisplay1826:lthtmlCropMarkHeight:=331.62091pt

:tex2html_wrap_indisplay1826:lthtmlCropMarkDepth:=0.0pt:1ex:=5.16667pt
[55 </home/fred-olav/afgv/book/oilbath-eps-converted-to.pdf>]
Package epstopdf Info: Source file: <dryblock.eps>
(epstopdf)                    date: 2021-04-09 18:35:52
(epstopdf)                    size: 85404 bytes
(epstopdf)             Output file: <dryblock-eps-converted-to.pdf>
(epstopdf)                    date: 2021-04-11 20:23:27
(epstopdf)                    size: 69289 bytes
(epstopdf)             Command: <repstopdf --outfile=dryblock-eps-converted-to.
pdf dryblock.eps>
(epstopdf)             \includegraphics on input line 588.
Package epstopdf Info: Output file is already uptodate.
<dryblock-eps-converted-to.pdf, id=543, 557.08125pt x 370.38374pt>
File: dryblock-eps-converted-to.pdf Graphic file (type pdf)
<use dryblock-eps-converted-to.pdf>
Package pdftex.def Info: dryblock-eps-converted-to.pdf  used on input line 588.

(pdftex.def)             Requested size: 361.34999pt x 240.25488pt.

:tex2html_wrap_indisplay1828:lthtmlCropMarkHeight:=246.25488pt

:tex2html_wrap_indisplay1828:lthtmlCropMarkDepth:=0.0pt:1ex:=5.16667pt
[56 </home/fred-olav/afgv/book/dryblock-eps-converted-to.pdf>]
Package epstopdf Info: Source file: <calibrate11.eps>
(epstopdf)                    date: 2021-04-09 18:35:52
(epstopdf)                    size: 11706 bytes
(epstopdf)             Output file: <calibrate11-eps-converted-to.pdf>
(epstopdf)                    date: 2021-04-11 20:23:27
(epstopdf)                    size: 9049 bytes
(epstopdf)             Command: <repstopdf --outfile=calibrate11-eps-converted-
to.pdf calibrate11.eps>
(epstopdf)             \includegraphics on input line 595.
Package epstopdf Info: Output file is already uptodate.
<calibrate11-eps-converted-to.pdf, id=550, 240.9pt x 145.54375pt>
File: calibrate11-eps-converted-to.pdf Graphic file (type pdf)
<use calibrate11-eps-converted-to.pdf>
Package pdftex.def Info: calibrate11-eps-converted-to.pdf  used on input line 5
95.
(pdftex.def)             Requested size: 240.8994pt x 145.54338pt.

:tex2html_wrap_indisplay1833:lthtmlCropMarkHeight:=151.54338pt

:tex2html_wrap_indisplay1833:lthtmlCropMarkDepth:=0.0pt:1ex:=5.16667pt
[57 </home/fred-olav/afgv/book/calibrate11-eps-converted-to.pdf>]

:tex2html_wrap_indisplay1835:lthtmlCropMarkHeight:=22.31808pt

:tex2html_wrap_indisplay1835:lthtmlCropMarkDepth:=8.23141pt:1ex:=5.16667pt
[58]

:tex2html_wrap_inline1837:lthtmlCropMarkHeight:=14.2pt

:tex2html_wrap_inline1837:lthtmlCropMarkDepth:=0.0pt:1ex:=5.16667pt
[59]

:tex2html_wrap_inline1839:lthtmlCropMarkHeight:=14.2pt

:tex2html_wrap_inline1839:lthtmlCropMarkDepth:=0.0pt:1ex:=5.16667pt
[60]

:tex2html_wrap_inline1841:lthtmlCropMarkHeight:=14.2pt

:tex2html_wrap_inline1841:lthtmlCropMarkDepth:=3.35555pt:1ex:=5.16667pt
[61]

:tex2html_wrap_inline1843:lthtmlCropMarkHeight:=14.2pt

:tex2html_wrap_inline1843:lthtmlCropMarkDepth:=0.0pt:1ex:=5.16667pt
[62]
Package epstopdf Info: Source file: <deadweight_1.eps>
(epstopdf)                    date: 2021-04-09 18:35:52
(epstopdf)                    size: 125842 bytes
(epstopdf)             Output file: <deadweight_1-eps-converted-to.pdf>
(epstopdf)                    date: 2021-04-11 20:23:27
(epstopdf)                    size: 101136 bytes
(epstopdf)             Command: <repstopdf --outfile=deadweight_1-eps-converted
-to.pdf deadweight_1.eps>
(epstopdf)             \includegraphics on input line 631.
Package epstopdf Info: Output file is already uptodate.
<deadweight_1-eps-converted-to.pdf, id=583, 557.08125pt x 370.38374pt>
File: deadweight_1-eps-converted-to.pdf Graphic file (type pdf)
<use deadweight_1-eps-converted-to.pdf>
Package pdftex.def Info: deadweight_1-eps-converted-to.pdf  used on input line 
631.
(pdftex.def)             Requested size: 289.07999pt x 192.20503pt.

:tex2html_wrap_indisplay1845:lthtmlCropMarkHeight:=198.20503pt

:tex2html_wrap_indisplay1845:lthtmlCropMarkDepth:=0.0pt:1ex:=5.16667pt
[63 </home/fred-olav/afgv/book/deadweight_1-eps-converted-to.pdf>]
Package epstopdf Info: Source file: <deadweight_3.eps>
(epstopdf)                    date: 2021-04-09 18:35:52
(epstopdf)                    size: 55706 bytes
(epstopdf)             Output file: <deadweight_3-eps-converted-to.pdf>
(epstopdf)                    date: 2021-04-11 20:23:27
(epstopdf)                    size: 45903 bytes
(epstopdf)             Command: <repstopdf --outfile=deadweight_3-eps-converted
-to.pdf deadweight_3.eps>
(epstopdf)             \includegraphics on input line 637.
Package epstopdf Info: Output file is already uptodate.
<deadweight_3-eps-converted-to.pdf, id=590, 557.08125pt x 370.38374pt>
File: deadweight_3-eps-converted-to.pdf Graphic file (type pdf)
<use deadweight_3-eps-converted-to.pdf>
Package pdftex.def Info: deadweight_3-eps-converted-to.pdf  used on input line 
637.
(pdftex.def)             Requested size: 289.07999pt x 192.20503pt.

:tex2html_wrap_indisplay1847:lthtmlCropMarkHeight:=198.20503pt

:tex2html_wrap_indisplay1847:lthtmlCropMarkDepth:=0.0pt:1ex:=5.16667pt
[64 </home/fred-olav/afgv/book/deadweight_3-eps-converted-to.pdf>]
Package epstopdf Info: Source file: <deadweight_2.eps>
(epstopdf)                    date: 2021-04-09 18:35:52
(epstopdf)                    size: 92749 bytes
(epstopdf)             Output file: <deadweight_2-eps-converted-to.pdf>
(epstopdf)                    date: 2021-04-11 20:23:28
(epstopdf)                    size: 75072 bytes
(epstopdf)             Command: <repstopdf --outfile=deadweight_2-eps-converted
-to.pdf deadweight_2.eps>
(epstopdf)             \includegraphics on input line 643.
Package epstopdf Info: Output file is already uptodate.
<deadweight_2-eps-converted-to.pdf, id=597, 557.08125pt x 370.38374pt>
File: deadweight_2-eps-converted-to.pdf Graphic file (type pdf)
<use deadweight_2-eps-converted-to.pdf>
Package pdftex.def Info: deadweight_2-eps-converted-to.pdf  used on input line 
643.
(pdftex.def)             Requested size: 361.34999pt x 240.25488pt.

:tex2html_wrap_indisplay1849:lthtmlCropMarkHeight:=246.25488pt

:tex2html_wrap_indisplay1849:lthtmlCropMarkDepth:=0.0pt:1ex:=5.16667pt
[65 </home/fred-olav/afgv/book/deadweight_2-eps-converted-to.pdf>]
Package epstopdf Info: Source file: <calibrate12.eps>
(epstopdf)                    date: 2021-04-09 18:35:52
(epstopdf)                    size: 11609 bytes
(epstopdf)             Output file: <calibrate12-eps-converted-to.pdf>
(epstopdf)                    date: 2021-04-11 20:23:28
(epstopdf)                    size: 9498 bytes
(epstopdf)             Command: <repstopdf --outfile=calibrate12-eps-converted-
to.pdf calibrate12.eps>
(epstopdf)             \includegraphics on input line 649.
Package epstopdf Info: Output file is already uptodate.
<calibrate12-eps-converted-to.pdf, id=604, 299.1175pt x 154.5775pt>
File: calibrate12-eps-converted-to.pdf Graphic file (type pdf)
<use calibrate12-eps-converted-to.pdf>
Package pdftex.def Info: calibrate12-eps-converted-to.pdf  used on input line 6
49.
(pdftex.def)             Requested size: 299.11676pt x 154.5771pt.

:tex2html_wrap_indisplay1851:lthtmlCropMarkHeight:=160.5771pt

:tex2html_wrap_indisplay1851:lthtmlCropMarkDepth:=0.0pt:1ex:=5.16667pt
[66 </home/fred-olav/afgv/book/calibrate12-eps-converted-to.pdf>]
Package epstopdf Info: Source file: <calibrate13.eps>
(epstopdf)                    date: 2021-04-09 18:35:52
(epstopdf)                    size: 11459 bytes
(epstopdf)             Output file: <calibrate13-eps-converted-to.pdf>
(epstopdf)                    date: 2021-04-11 20:23:28
(epstopdf)                    size: 7180 bytes
(epstopdf)             Command: <repstopdf --outfile=calibrate13-eps-converted-
to.pdf calibrate13.eps>
(epstopdf)             \includegraphics on input line 655.
Package epstopdf Info: Output file is already uptodate.
<calibrate13-eps-converted-to.pdf, id=616, 283.0575pt x 201.75375pt>
File: calibrate13-eps-converted-to.pdf Graphic file (type pdf)
<use calibrate13-eps-converted-to.pdf>
Package pdftex.def Info: calibrate13-eps-converted-to.pdf  used on input line 6
55.
(pdftex.def)             Requested size: 283.0568pt x 201.75325pt.

:tex2html_wrap_indisplay1853:lthtmlCropMarkHeight:=207.75325pt

:tex2html_wrap_indisplay1853:lthtmlCropMarkDepth:=0.0pt:1ex:=5.16667pt
[67 </home/fred-olav/afgv/book/calibrate13-eps-converted-to.pdf>]

:tex2html_wrap_inline1855:lthtmlCropMarkHeight:=14.33331pt

:tex2html_wrap_inline1855:lthtmlCropMarkDepth:=0.0pt:1ex:=5.16667pt
[68]

:tex2html_wrap_indisplay1857:lthtmlCropMarkHeight:=15.0pt

:tex2html_wrap_indisplay1857:lthtmlCropMarkDepth:=3.0pt:1ex:=5.16667pt
[69]

:tex2html_wrap_inline1861:lthtmlCropMarkHeight:=11.16667pt

:tex2html_wrap_inline1861:lthtmlCropMarkDepth:=2.33331pt:1ex:=5.16667pt
[70]

:tex2html_wrap_inline1863:lthtmlCropMarkHeight:=11.16667pt

:tex2html_wrap_inline1863:lthtmlCropMarkDepth:=2.33331pt:1ex:=5.16667pt
[71]

:tex2html_wrap_inline1865:lthtmlCropMarkHeight:=11.16667pt

:tex2html_wrap_inline1865:lthtmlCropMarkDepth:=2.33331pt:1ex:=5.16667pt
[72]
Package epstopdf Info: Source file: <calibrate14.eps>
(epstopdf)                    date: 2021-04-09 18:35:52
(epstopdf)                    size: 11186 bytes
(epstopdf)             Output file: <calibrate14-eps-converted-to.pdf>
(epstopdf)                    date: 2021-04-11 20:23:28
(epstopdf)                    size: 6132 bytes
(epstopdf)             Command: <repstopdf --outfile=calibrate14-eps-converted-
to.pdf calibrate14.eps>
(epstopdf)             \includegraphics on input line 691.
Package epstopdf Info: Output file is already uptodate.
<calibrate14-eps-converted-to.pdf, id=650, 283.0575pt x 157.58875pt>
File: calibrate14-eps-converted-to.pdf Graphic file (type pdf)
<use calibrate14-eps-converted-to.pdf>
Package pdftex.def Info: calibrate14-eps-converted-to.pdf  used on input line 6
91.
(pdftex.def)             Requested size: 283.0568pt x 157.58835pt.

:tex2html_wrap_indisplay1869:lthtmlCropMarkHeight:=163.58835pt

:tex2html_wrap_indisplay1869:lthtmlCropMarkDepth:=0.0pt:1ex:=5.16667pt
[73 </home/fred-olav/afgv/book/calibrate14-eps-converted-to.pdf>]

:tex2html_wrap_inline1872:lthtmlCropMarkHeight:=14.2pt

:tex2html_wrap_inline1872:lthtmlCropMarkDepth:=0.0pt:1ex:=5.16667pt
[74]

:tex2html_wrap_inline1874:lthtmlCropMarkHeight:=14.2pt

:tex2html_wrap_inline1874:lthtmlCropMarkDepth:=0.0pt:1ex:=5.16667pt
[75]

:tex2html_wrap_indisplay1876:lthtmlCropMarkHeight:=22.31808pt

:tex2html_wrap_indisplay1876:lthtmlCropMarkDepth:=8.23141pt:1ex:=5.16667pt
[76]

:tex2html_wrap_indisplay1878:lthtmlCropMarkHeight:=22.4514pt

:tex2html_wrap_indisplay1878:lthtmlCropMarkDepth:=8.23141pt:1ex:=5.16667pt
[77]

:tex2html_wrap_inline1880:lthtmlCropMarkHeight:=16.19144pt

:tex2html_wrap_inline1880:lthtmlCropMarkDepth:=4.13809pt:1ex:=5.16667pt
[78]

:tex2html_wrap_inline1887:lthtmlCropMarkHeight:=15.51027pt

:tex2html_wrap_inline1887:lthtmlCropMarkDepth:=0.0pt:1ex:=5.16667pt
[79]
Package epstopdf Info: Source file: <ph_buffer_capsules.eps>
(epstopdf)                    date: 2021-04-09 18:35:53
(epstopdf)                    size: 39535 bytes
(epstopdf)             Output file: <ph_buffer_capsules-eps-converted-to.pdf>
(epstopdf)                    date: 2021-04-11 20:23:29
(epstopdf)                    size: 33170 bytes
(epstopdf)             Command: <repstopdf --outfile=ph_buffer_capsules-eps-con
verted-to.pdf ph_buffer_capsules.eps>
(epstopdf)             \includegraphics on input line 735.
Package epstopdf Info: Output file is already uptodate.
<ph_buffer_capsules-eps-converted-to.pdf, id=686, 557.08125pt x 648.4225pt>
File: ph_buffer_capsules-eps-converted-to.pdf Graphic file (type pdf)
<use ph_buffer_capsules-eps-converted-to.pdf>
Package pdftex.def Info: ph_buffer_capsules-eps-converted-to.pdf  used on input
 line 735.
(pdftex.def)             Requested size: 216.81pt x 252.35936pt.

:tex2html_wrap_indisplay1891:lthtmlCropMarkHeight:=258.35936pt

:tex2html_wrap_indisplay1891:lthtmlCropMarkDepth:=0.0pt:1ex:=5.16667pt
[80 </home/fred-olav/afgv/book/ph_buffer_capsules-eps-converted-to.pdf>]

:tex2html_wrap_inline1899:lthtmlCropMarkHeight:=9.35558pt

:tex2html_wrap_inline1899:lthtmlCropMarkDepth:=1.79999pt:1ex:=5.16667pt
[81]

:tex2html_wrap_inline1904:lthtmlCropMarkHeight:=14.33331pt

:tex2html_wrap_inline1904:lthtmlCropMarkDepth:=2.33331pt:1ex:=5.16667pt
[82] (./images.aux)

Package rerunfilecheck Warning: File `images.out' has changed.
(rerunfilecheck)                Rerun to get outlines right
(rerunfilecheck)                or use package `bookmark'.

Package rerunfilecheck Info: Checksums for `images.out':
(rerunfilecheck)             Before: <no file>
(rerunfilecheck)             After:  D41D8CD98F00B204E9800998ECF8427E;0.
 ) 
Here is how much of TeX's memory you used:
 11081 strings out of 478994
 161605 string characters out of 5864752
 648458 words of memory out of 5000000
 28296 multiletter control sequences out of 15000+600000
 407253 words of font info for 41 fonts, out of 8000000 for 9000
 1141 hyphenation exceptions out of 8191
 71i,7n,74p,278b,328s stack positions out of 5000i,500n,10000p,200000b,80000s
</usr/share/texmf-dist/fonts/type1/public/amsfonts/cm/cmbx12.pfb></usr/share/
texmf-dist/fonts/type1/public/amsfonts/cm/cmex10.pfb></usr/share/texmf-dist/fon
ts/type1/public/amsfonts/cm/cmmi12.pfb></usr/share/texmf-dist/fonts/type1/publi
c/amsfonts/cm/cmmi8.pfb></usr/share/texmf-dist/fonts/type1/public/amsfonts/cm/c
mr12.pfb></usr/share/texmf-dist/fonts/type1/public/amsfonts/cm/cmr8.pfb></usr/s
hare/texmf-dist/fonts/type1/public/amsfonts/cm/cmsy10.pfb></usr/share/texmf-dis
t/fonts/type1/public/amsfonts/cm/cmsy8.pfb>
Output written on images.pdf (82 pages, 2329378 bytes).
PDF statistics:
 751 PDF objects out of 1000 (max. 8388607)
 503 compressed objects within 6 object streams
 82 named destinations out of 1000 (max. 500000)
 206 words of extra memory for PDF output out of 10000 (max. 10000000)

